<?xml version="1.0" encoding="UTF-8"?>
<coverage generated="1786416935585" clover="3.2.0">
  <project timestamp="1786416935585" name="All files">
    <metrics statements="2175" coveredstatements="1589" conditionals="2106" coveredconditionals="1464" methods="828" coveredmethods="540" elements="5109" coveredelements="3593" complexity="0" loc="2175" ncloc="2175" packages="27" files="121" classes="121"/>
    <package name="js">
      <metrics statements="37" coveredstatements="0" conditionals="18" coveredconditionals="0" methods="15" coveredmethods="0"/>
      <file name="app.ts" path="/home/alaw989/Sites/ipop360/resources/js/app.ts">
        <metrics statements="31" coveredstatements="0" conditionals="16" coveredconditionals="0" methods="9" coveredmethods="0"/>
        <line num="11" count="0" type="cond" truecount="0" falsecount="2"/>
        <line num="14" count="0" type="stmt"/>
        <line num="15" count="0" type="stmt"/>
        <line num="18" count="0" type="cond" truecount="0" falsecount="2"/>
        <line num="20" count="0" type="stmt"/>
        <line num="21" count="0" type="stmt"/>
        <line num="22" count="0" type="cond" truecount="0" falsecount="2"/>
        <line num="24" count="0" type="stmt"/>
        <line num="25" count="0" type="cond" truecount="0" falsecount="4"/>
        <line num="28" count="0" type="stmt"/>
        <line num="30" count="0" type="cond" truecount="0" falsecount="2"/>
        <line num="32" count="0" type="stmt"/>
        <line num="33" count="0" type="stmt"/>
        <line num="35" count="0" type="stmt"/>
        <line num="36" count="0" type="cond" truecount="0" falsecount="4"/>
        <line num="37" count="0" type="stmt"/>
        <line num="39" count="0" type="stmt"/>
        <line num="44" count="0" type="stmt"/>
        <line num="47" count="0" type="stmt"/>
        <line num="54" count="0" type="stmt"/>
        <line num="58" count="0" type="stmt"/>
        <line num="59" count="0" type="stmt"/>
        <line num="65" count="0" type="stmt"/>
        <line num="69" count="0" type="stmt"/>
        <line num="70" count="0" type="stmt"/>
        <line num="71" count="0" type="stmt"/>
        <line num="75" count="0" type="stmt"/>
        <line num="78" count="0" type="stmt"/>
        <line num="80" count="0" type="stmt"/>
        <line num="93" count="0" type="stmt"/>
        <line num="94" count="0" type="stmt"/>
      </file>
      <file name="ssr.ts" path="/home/alaw989/Sites/ipop360/resources/js/ssr.ts">
        <metrics statements="6" coveredstatements="0" conditionals="2" coveredconditionals="0" methods="6" coveredmethods="0"/>
        <line num="8" count="0" type="cond" truecount="0" falsecount="2"/>
        <line num="10" count="0" type="stmt"/>
        <line num="14" count="0" type="stmt"/>
        <line num="15" count="0" type="stmt"/>
        <line num="19" count="0" type="stmt"/>
        <line num="21" count="0" type="stmt"/>
      </file>
    </package>
    <package name="js.Components">
      <metrics statements="836" coveredstatements="721" conditionals="939" coveredconditionals="764" methods="350" coveredmethods="272"/>
      <file name="AppFooter.vue" path="/home/alaw989/Sites/ipop360/resources/js/Components/AppFooter.vue">
        <metrics statements="12" coveredstatements="10" conditionals="21" coveredconditionals="15" methods="7" coveredmethods="5"/>
        <line num="6" count="11" type="stmt"/>
        <line num="7" count="11" type="stmt"/>
        <line num="8" count="11" type="stmt"/>
        <line num="13" count="11" type="stmt"/>
        <line num="16" count="4" type="cond" truecount="2" falsecount="0"/>
        <line num="19" count="4" type="cond" truecount="2" falsecount="0"/>
        <line num="22" count="4" type="cond" truecount="2" falsecount="0"/>
        <line num="25" count="4" type="cond" truecount="2" falsecount="0"/>
        <line num="32" count="0" type="cond" truecount="0" falsecount="2"/>
        <line num="41" count="0" type="cond" truecount="0" falsecount="2"/>
        <line num="48" count="4" type="cond" truecount="2" falsecount="0"/>
        <line num="51" count="11" type="stmt"/>
      </file>
      <file name="ApplicationLogo.vue" path="/home/alaw989/Sites/ipop360/resources/js/Components/ApplicationLogo.vue">
        <metrics statements="1" coveredstatements="0" conditionals="2" coveredconditionals="0" methods="0" coveredmethods="0"/>
        <line num="2" count="0" type="stmt"/>
      </file>
      <file name="BlogEditor.vue" path="/home/alaw989/Sites/ipop360/resources/js/Components/BlogEditor.vue">
        <metrics statements="36" coveredstatements="36" conditionals="41" coveredconditionals="38" methods="15" coveredmethods="15"/>
        <line num="10" count="33" type="stmt"/>
        <line num="14" count="33" type="stmt"/>
        <line num="18" count="33" type="stmt"/>
        <line num="33" count="33" type="stmt"/>
        <line num="37" count="33" type="stmt"/>
        <line num="38" count="34" type="stmt"/>
        <line num="40" count="1" type="cond" truecount="3" falsecount="1"/>
        <line num="41" count="1" type="stmt"/>
        <line num="47" count="5" type="cond" truecount="1" falsecount="1"/>
        <line num="49" count="5" type="stmt"/>
        <line num="50" count="5" type="cond" truecount="2" falsecount="0"/>
        <line num="51" count="2" type="stmt"/>
        <line num="52" count="2" type="cond" truecount="2" falsecount="0"/>
        <line num="53" count="1" type="stmt"/>
        <line num="55" count="2" type="stmt"/>
        <line num="58" count="3" type="stmt"/>
        <line num="59" count="5" type="cond" truecount="2" falsecount="0"/>
        <line num="60" count="1" type="stmt"/>
        <line num="62" count="2" type="stmt"/>
        <line num="63" count="2" type="cond" truecount="2" falsecount="0"/>
        <line num="64" count="1" type="stmt"/>
        <line num="70" count="2" type="stmt"/>
        <line num="71" count="2" type="cond" truecount="4" falsecount="0"/>
        <line num="72" count="1" type="stmt"/>
        <line num="77" count="272" type="cond" truecount="1" falsecount="1"/>
        <line num="80" count="33" type="stmt"/>
        <line num="81" count="1" type="stmt"/>
        <line num="86" count="34" type="stmt"/>
        <line num="87" count="2" type="stmt"/>
        <line num="93" count="1" type="cond" truecount="2" falsecount="0"/>
        <line num="102" count="1" type="cond" truecount="2" falsecount="0"/>
        <line num="112" count="1" type="cond" truecount="2" falsecount="0"/>
        <line num="121" count="1" type="cond" truecount="2" falsecount="0"/>
        <line num="131" count="1" type="cond" truecount="2" falsecount="0"/>
        <line num="140" count="1" type="cond" truecount="2" falsecount="0"/>
        <line num="149" count="1" type="cond" truecount="2" falsecount="0"/>
      </file>
      <file name="BlogPreview.vue" path="/home/alaw989/Sites/ipop360/resources/js/Components/BlogPreview.vue">
        <metrics statements="13" coveredstatements="13" conditionals="9" coveredconditionals="9" methods="6" coveredmethods="6"/>
        <line num="20" count="12" type="cond" truecount="2" falsecount="0"/>
        <line num="21" count="11" type="stmt"/>
        <line num="26" count="11" type="cond" truecount="1" falsecount="0"/>
        <line num="27" count="2" type="stmt"/>
        <line num="37" count="10" type="cond" truecount="2" falsecount="0"/>
        <line num="41" count="2" type="stmt"/>
        <line num="42" count="12" type="stmt"/>
        <line num="55" count="12" type="stmt"/>
        <line num="57" count="2" type="stmt"/>
        <line num="60" count="12" type="stmt"/>
        <line num="61" count="2" type="stmt"/>
        <line num="62" count="2" type="stmt"/>
        <line num="64" count="12" type="stmt"/>
      </file>
      <file name="BrandLogo.vue" path="/home/alaw989/Sites/ipop360/resources/js/Components/BrandLogo.vue">
        <metrics statements="3" coveredstatements="1" conditionals="6" coveredconditionals="0" methods="1" coveredmethods="0"/>
        <line num="19" count="0" type="stmt"/>
        <line num="22" count="0" type="stmt"/>
        <line num="27" count="12" type="stmt"/>
      </file>
      <file name="CardGallery.vue" path="/home/alaw989/Sites/ipop360/resources/js/Components/CardGallery.vue">
        <metrics statements="44" coveredstatements="40" conditionals="70" coveredconditionals="61" methods="22" coveredmethods="18"/>
        <line num="6" count="39" type="stmt"/>
        <line num="22" count="39" type="stmt"/>
        <line num="24" count="39" type="cond" truecount="2" falsecount="0"/>
        <line num="26" count="39" type="stmt"/>
        <line num="27" count="39" type="cond" truecount="2" falsecount="0"/>
        <line num="32" count="39" type="stmt"/>
        <line num="33" count="39" type="cond" truecount="2" falsecount="0"/>
        <line num="36" count="39" type="stmt"/>
        <line num="38" count="29" type="stmt"/>
        <line num="42" count="39" type="stmt"/>
        <line num="45" count="39" type="stmt"/>
        <line num="52" count="39" type="stmt"/>
        <line num="53" count="39" type="stmt"/>
        <line num="54" count="39" type="stmt"/>
        <line num="57" count="3" type="cond" truecount="1" falsecount="1"/>
        <line num="58" count="3" type="stmt"/>
        <line num="59" count="3" type="stmt"/>
        <line num="60" count="3" type="stmt"/>
        <line num="64" count="4" type="cond" truecount="2" falsecount="0"/>
        <line num="65" count="3" type="stmt"/>
        <line num="66" count="3" type="stmt"/>
        <line num="69" count="39" type="stmt"/>
        <line num="70" count="39" type="stmt"/>
        <line num="71" count="39" type="stmt"/>
        <line num="74" count="39" type="cond" truecount="5" falsecount="0"/>
        <line num="75" count="17" type="stmt"/>
        <line num="77" count="0" type="stmt"/>
        <line num="78" count="0" type="cond" truecount="0" falsecount="2"/>
        <line num="83" count="17" type="stmt"/>
        <line num="87" count="39" type="stmt"/>
        <line num="88" count="1" type="stmt"/>
        <line num="89" count="1" type="stmt"/>
        <line num="94" count="172" type="stmt"/>
        <line num="98" count="2" type="cond" truecount="5" falsecount="0"/>
        <line num="100" count="2" type="cond" truecount="4" falsecount="0"/>
        <line num="101" count="0" type="cond" truecount="2" falsecount="2"/>
        <line num="102" count="0" type="cond" truecount="2" falsecount="2"/>
        <line num="126" count="4" type="stmt"/>
        <line num="156" count="1" type="cond" truecount="4" falsecount="0"/>
        <line num="164" count="1" type="cond" truecount="4" falsecount="0"/>
        <line num="172" count="1" type="cond" truecount="4" falsecount="0"/>
        <line num="181" count="1" type="cond" truecount="4" falsecount="0"/>
        <line num="190" count="202" type="stmt"/>
        <line num="196" count="6" type="stmt"/>
      </file>
      <file name="CategoryGrid.vue" path="/home/alaw989/Sites/ipop360/resources/js/Components/CategoryGrid.vue">
        <metrics statements="10" coveredstatements="10" conditionals="8" coveredconditionals="8" methods="3" coveredmethods="3"/>
        <line num="4" count="9" type="stmt"/>
        <line num="17" count="12" type="stmt"/>
        <line num="18" count="12" type="cond" truecount="4" falsecount="0"/>
        <line num="19" count="2" type="stmt"/>
        <line num="21" count="12" type="stmt"/>
        <line num="26" count="9" type="stmt"/>
        <line num="29" count="16" type="stmt"/>
        <line num="39" count="12" type="stmt"/>
        <line num="45" count="2" type="stmt"/>
        <line num="46" count="2" type="stmt"/>
      </file>
      <file name="Checkbox.vue" path="/home/alaw989/Sites/ipop360/resources/js/Components/Checkbox.vue">
        <metrics statements="7" coveredstatements="7" conditionals="2" coveredconditionals="2" methods="3" coveredmethods="3"/>
        <line num="4" count="9" type="stmt"/>
        <line num="6" count="9" type="stmt"/>
        <line num="11" count="9" type="stmt"/>
        <line num="13" count="10" type="stmt"/>
        <line num="17" count="2" type="stmt"/>
        <line num="23" count="10" type="stmt"/>
        <line num="26" count="2" type="cond" truecount="2" falsecount="0"/>
      </file>
      <file name="CuisinePicker.vue" path="/home/alaw989/Sites/ipop360/resources/js/Components/CuisinePicker.vue">
        <metrics statements="69" coveredstatements="51" conditionals="52" coveredconditionals="23" methods="55" coveredmethods="29"/>
        <line num="30" count="12" type="stmt"/>
        <line num="35" count="12" type="stmt"/>
        <line num="39" count="12" type="stmt"/>
        <line num="41" count="12" type="stmt"/>
        <line num="42" count="12" type="stmt"/>
        <line num="43" count="12" type="stmt"/>
        <line num="45" count="18" type="cond" truecount="2" falsecount="0"/>
        <line num="48" count="7" type="stmt"/>
        <line num="52" count="1" type="stmt"/>
        <line num="53" count="1" type="stmt"/>
        <line num="54" count="1" type="stmt"/>
        <line num="55" count="1" type="stmt"/>
        <line num="56" count="1" type="stmt"/>
        <line num="64" count="4" type="stmt"/>
        <line num="65" count="4" type="stmt"/>
        <line num="66" count="4" type="stmt"/>
        <line num="67" count="4" type="stmt"/>
        <line num="74" count="1" type="stmt"/>
        <line num="78" count="1" type="stmt"/>
        <line num="79" count="1" type="stmt"/>
        <line num="80" count="1" type="stmt"/>
        <line num="81" count="1" type="stmt"/>
        <line num="84" count="18" type="stmt"/>
        <line num="95" count="0" type="cond" truecount="1" falsecount="3"/>
        <line num="102" count="0" type="stmt"/>
        <line num="103" count="0" type="stmt"/>
        <line num="105" count="3" type="stmt"/>
        <line num="109" count="0" type="cond" truecount="0" falsecount="2"/>
        <line num="116" count="0" type="cond" truecount="0" falsecount="2"/>
        <line num="118" count="0" type="stmt"/>
        <line num="120" count="0" type="cond" truecount="0" falsecount="2"/>
        <line num="122" count="0" type="stmt"/>
        <line num="123" count="0" type="stmt"/>
        <line num="126" count="0" type="stmt"/>
        <line num="128" count="3" type="stmt"/>
        <line num="129" count="3" type="stmt"/>
        <line num="130" count="3" type="stmt"/>
        <line num="136" count="0" type="cond" truecount="0" falsecount="2"/>
        <line num="141" count="0" type="stmt"/>
        <line num="143" count="0" type="cond" truecount="0" falsecount="2"/>
        <line num="147" count="0" type="cond" truecount="0" falsecount="2"/>
        <line num="150" count="0" type="cond" truecount="0" falsecount="2"/>
        <line num="152" count="3" type="stmt"/>
        <line num="153" count="3" type="stmt"/>
        <line num="155" count="0" type="stmt"/>
        <line num="159" count="0" type="stmt"/>
        <line num="161" count="3" type="cond" truecount="0" falsecount="2"/>
        <line num="171" count="0" type="cond" truecount="2" falsecount="0"/>
        <line num="178" count="18" type="stmt"/>
        <line num="179" count="12" type="stmt"/>
        <line num="182" count="18" type="stmt"/>
        <line num="184" count="19" type="cond" truecount="2" falsecount="0"/>
        <line num="186" count="38" type="stmt"/>
        <line num="187" count="19" type="stmt"/>
        <line num="190" count="7" type="stmt"/>
        <line num="192" count="38" type="stmt"/>
        <line num="193" count="3" type="stmt"/>
        <line num="194" count="3" type="stmt"/>
        <line num="200" count="5" type="cond" truecount="2" falsecount="0"/>
        <line num="203" count="25" type="cond" truecount="2" falsecount="0"/>
        <line num="205" count="7" type="stmt"/>
        <line num="207" count="7" type="cond" truecount="2" falsecount="0"/>
        <line num="211" count="7" type="cond" truecount="2" falsecount="0"/>
        <line num="214" count="4" type="cond" truecount="2" falsecount="0"/>
        <line num="216" count="7" type="stmt"/>
        <line num="217" count="3" type="stmt"/>
        <line num="219" count="11" type="stmt"/>
        <line num="223" count="1" type="stmt"/>
        <line num="225" count="11" type="cond" truecount="1" falsecount="1"/>
      </file>
      <file name="DangerButton.vue" path="/home/alaw989/Sites/ipop360/resources/js/Components/DangerButton.vue">
        <metrics statements="2" coveredstatements="0" conditionals="0" coveredconditionals="0" methods="0" coveredmethods="0"/>
        <line num="2" count="0" type="stmt"/>
        <line num="3" count="0" type="stmt"/>
      </file>
      <file name="DetailMap.vue" path="/home/alaw989/Sites/ipop360/resources/js/Components/DetailMap.vue">
        <metrics statements="37" coveredstatements="37" conditionals="25" coveredconditionals="21" methods="7" coveredmethods="7"/>
        <line num="5" count="18" type="stmt"/>
        <line num="6" count="18" type="stmt"/>
        <line num="9" count="15" type="cond" truecount="2" falsecount="0"/>
        <line num="12" count="14" type="stmt"/>
        <line num="13" count="14" type="stmt"/>
        <line num="16" count="14" type="cond" truecount="1" falsecount="1"/>
        <line num="17" count="14" type="stmt"/>
        <line num="18" count="14" type="stmt"/>
        <line num="19" count="14" type="stmt"/>
        <line num="20" count="14" type="stmt"/>
        <line num="21" count="14" type="stmt"/>
        <line num="24" count="14" type="stmt"/>
        <line num="27" count="18" type="stmt"/>
        <line num="34" count="18" type="stmt"/>
        <line num="35" count="18" type="stmt"/>
        <line num="38" count="19" type="cond" truecount="5" falsecount="0"/>
        <line num="40" count="15" type="stmt"/>
        <line num="42" count="15" type="stmt"/>
        <line num="49" count="15" type="stmt"/>
        <line num="54" count="15" type="stmt"/>
        <line num="61" count="15" type="stmt"/>
        <line num="66" count="15" type="stmt"/>
        <line num="73" count="2" type="cond" truecount="1" falsecount="1"/>
        <line num="74" count="2" type="stmt"/>
        <line num="75" count="2" type="stmt"/>
        <line num="80" count="1" type="cond" truecount="3" falsecount="1"/>
        <line num="81" count="1" type="stmt"/>
        <line num="82" count="1" type="stmt"/>
        <line num="86" count="18" type="stmt"/>
        <line num="87" count="18" type="stmt"/>
        <line num="90" count="18" type="stmt"/>
        <line num="92" count="18" type="stmt"/>
        <line num="93" count="19" type="stmt"/>
        <line num="95" count="1" type="stmt"/>
        <line num="96" count="1" type="cond" truecount="3" falsecount="1"/>
        <line num="97" count="1" type="stmt"/>
        <line num="104" count="19" type="stmt"/>
      </file>
      <file name="Dropdown.vue" path="/home/alaw989/Sites/ipop360/resources/js/Components/Dropdown.vue">
        <metrics statements="20" coveredstatements="19" conditionals="14" coveredconditionals="13" methods="9" coveredmethods="9"/>
        <line num="4" count="16" type="stmt"/>
        <line num="17" count="16" type="stmt"/>
        <line num="18" count="21" type="cond" truecount="4" falsecount="0"/>
        <line num="19" count="2" type="stmt"/>
        <line num="23" count="16" type="stmt"/>
        <line num="24" count="16" type="stmt"/>
        <line num="26" count="16" type="stmt"/>
        <line num="27" count="16" type="stmt"/>
        <line num="32" count="16" type="stmt"/>
        <line num="33" count="16" type="cond" truecount="2" falsecount="0"/>
        <line num="34" count="1" type="stmt"/>
        <line num="35" count="15" type="cond" truecount="1" falsecount="1"/>
        <line num="36" count="15" type="stmt"/>
        <line num="38" count="0" type="stmt"/>
        <line num="42" count="16" type="stmt"/>
        <line num="46" count="28" type="stmt"/>
        <line num="47" count="8" type="cond" truecount="2" falsecount="0"/>
        <line num="55" count="1" type="cond" truecount="2" falsecount="0"/>
        <line num="71" count="1" type="cond" truecount="2" falsecount="0"/>
        <line num="79" count="28" type="stmt"/>
      </file>
      <file name="DropdownLink.vue" path="/home/alaw989/Sites/ipop360/resources/js/Components/DropdownLink.vue">
        <metrics statements="2" coveredstatements="0" conditionals="0" coveredconditionals="0" methods="1" coveredmethods="0"/>
        <line num="10" count="0" type="stmt"/>
        <line num="14" count="0" type="stmt"/>
      </file>
      <file name="EmptyState.vue" path="/home/alaw989/Sites/ipop360/resources/js/Components/EmptyState.vue">
        <metrics statements="1" coveredstatements="1" conditionals="10" coveredconditionals="10" methods="0" coveredmethods="0"/>
        <line num="12" count="6" type="stmt"/>
      </file>
      <file name="HeroBanner.vue" path="/home/alaw989/Sites/ipop360/resources/js/Components/HeroBanner.vue">
        <metrics statements="50" coveredstatements="35" conditionals="41" coveredconditionals="38" methods="26" coveredmethods="14"/>
        <line num="39" count="18" type="stmt"/>
        <line num="41" count="18" type="stmt"/>
        <line num="42" count="18" type="stmt"/>
        <line num="43" count="36" type="stmt"/>
        <line num="44" count="18" type="stmt"/>
        <line num="47" count="0" type="stmt"/>
        <line num="51" count="0" type="stmt"/>
        <line num="52" count="0" type="stmt"/>
        <line num="56" count="1" type="stmt"/>
        <line num="57" count="1" type="cond" truecount="1" falsecount="1"/>
        <line num="58" count="1" type="stmt"/>
        <line num="60" count="0" type="stmt"/>
        <line num="65" count="18" type="stmt"/>
        <line num="66" count="0" type="stmt"/>
        <line num="71" count="1" type="cond" truecount="1" falsecount="1"/>
        <line num="72" count="1" type="stmt"/>
        <line num="73" count="1" type="stmt"/>
        <line num="78" count="0" type="stmt"/>
        <line num="79" count="0" type="stmt"/>
        <line num="82" count="18" type="stmt"/>
        <line num="83" count="18" type="stmt"/>
        <line num="86" count="18" type="stmt"/>
        <line num="87" count="0" type="stmt"/>
        <line num="91" count="0" type="stmt"/>
        <line num="95" count="0" type="stmt"/>
        <line num="99" count="0" type="stmt"/>
        <line num="103" count="0" type="stmt"/>
        <line num="108" count="19" type="stmt"/>
        <line num="110" count="2" type="stmt"/>
        <line num="111" count="38" type="stmt"/>
        <line num="123" count="0" type="stmt"/>
        <line num="132" count="2" type="stmt"/>
        <line num="134" count="2" type="stmt"/>
        <line num="135" count="2" type="stmt"/>
        <line num="141" count="18" type="cond" truecount="2" falsecount="0"/>
        <line num="148" count="1" type="cond" truecount="2" falsecount="0"/>
        <line num="155" count="1" type="cond" truecount="2" falsecount="0"/>
        <line num="162" count="17" type="cond" truecount="2" falsecount="0"/>
        <line num="167" count="2" type="stmt"/>
        <line num="168" count="2" type="stmt"/>
        <line num="170" count="0" type="cond" truecount="2" falsecount="0"/>
        <line num="172" count="18" type="cond" truecount="2" falsecount="0"/>
        <line num="176" count="2" type="stmt"/>
        <line num="195" count="2" type="stmt"/>
        <line num="199" count="1" type="cond" truecount="2" falsecount="0"/>
        <line num="205" count="18" type="cond" truecount="2" falsecount="0"/>
        <line num="213" count="2" type="stmt"/>
        <line num="214" count="38" type="stmt"/>
        <line num="222" count="0" type="stmt"/>
        <line num="236" count="2" type="stmt"/>
      </file>
      <file name="HeroSearch.vue" path="/home/alaw989/Sites/ipop360/resources/js/Components/HeroSearch.vue">
        <metrics statements="12" coveredstatements="8" conditionals="12" coveredconditionals="12" methods="7" coveredmethods="3"/>
        <line num="35" count="6" type="stmt"/>
        <line num="38" count="0" type="stmt"/>
        <line num="42" count="0" type="stmt"/>
        <line num="46" count="0" type="stmt"/>
        <line num="50" count="0" type="stmt"/>
        <line num="55" count="6" type="stmt"/>
        <line num="56" count="1" type="stmt"/>
        <line num="58" count="1" type="cond" truecount="2" falsecount="0"/>
        <line num="63" count="1" type="stmt"/>
        <line num="80" count="1" type="stmt"/>
        <line num="84" count="1" type="cond" truecount="2" falsecount="0"/>
        <line num="90" count="6" type="cond" truecount="2" falsecount="0"/>
      </file>
      <file name="InputError.vue" path="/home/alaw989/Sites/ipop360/resources/js/Components/InputError.vue">
        <metrics statements="2" coveredstatements="0" conditionals="0" coveredconditionals="0" methods="0" coveredmethods="0"/>
        <line num="8" count="0" type="stmt"/>
        <line num="9" count="0" type="stmt"/>
      </file>
      <file name="InputLabel.vue" path="/home/alaw989/Sites/ipop360/resources/js/Components/InputLabel.vue">
        <metrics statements="1" coveredstatements="0" conditionals="2" coveredconditionals="0" methods="0" coveredmethods="0"/>
        <line num="8" count="0" type="stmt"/>
      </file>
      <file name="JsonLd.vue" path="/home/alaw989/Sites/ipop360/resources/js/Components/JsonLd.vue">
        <metrics statements="16" coveredstatements="15" conditionals="4" coveredconditionals="3" methods="3" coveredmethods="3"/>
        <line num="18" count="8" type="stmt"/>
        <line num="22" count="8" type="stmt"/>
        <line num="28" count="11" type="cond" truecount="1" falsecount="1"/>
        <line num="29" count="0" type="stmt"/>
        <line num="31" count="11" type="stmt"/>
        <line num="32" count="11" type="stmt"/>
        <line num="33" count="11" type="cond" truecount="2" falsecount="0"/>
        <line num="34" count="2" type="stmt"/>
        <line num="36" count="9" type="stmt"/>
        <line num="37" count="9" type="stmt"/>
        <line num="38" count="9" type="stmt"/>
        <line num="39" count="9" type="stmt"/>
        <line num="40" count="9" type="stmt"/>
        <line num="43" count="11" type="stmt"/>
        <line num="44" count="8" type="stmt"/>
        <line num="48" count="11" type="stmt"/>
      </file>
      <file name="LoadingState.vue" path="/home/alaw989/Sites/ipop360/resources/js/Components/LoadingState.vue">
        <metrics statements="2" coveredstatements="2" conditionals="0" coveredconditionals="0" methods="1" coveredmethods="1"/>
        <line num="16" count="3" type="stmt"/>
        <line num="20" count="15" type="stmt"/>
      </file>
      <file name="LocationPicker.vue" path="/home/alaw989/Sites/ipop360/resources/js/Components/LocationPicker.vue">
        <metrics statements="83" coveredstatements="55" conditionals="110" coveredconditionals="49" methods="25" coveredmethods="12"/>
        <line num="23" count="13" type="stmt"/>
        <line num="29" count="13" type="stmt"/>
        <line num="35" count="13" type="stmt"/>
        <line num="36" count="13" type="stmt"/>
        <line num="38" count="13" type="stmt"/>
        <line num="39" count="13" type="stmt"/>
        <line num="40" count="13" type="stmt"/>
        <line num="41" count="13" type="stmt"/>
        <line num="42" count="13" type="stmt"/>
        <line num="43" count="13" type="stmt"/>
        <line num="45" count="13" type="stmt"/>
        <line num="46" count="13" type="cond" truecount="2" falsecount="0"/>
        <line num="47" count="11" type="cond" truecount="4" falsecount="0"/>
        <line num="48" count="1" type="stmt"/>
        <line num="50" count="10" type="cond" truecount="2" falsecount="0"/>
        <line num="51" count="9" type="stmt"/>
        <line num="55" count="1" type="stmt"/>
        <line num="56" count="1" type="stmt"/>
        <line num="59" count="13" type="stmt"/>
        <line num="60" count="0" type="cond" truecount="0" falsecount="4"/>
        <line num="61" count="0" type="stmt"/>
        <line num="62" count="0" type="stmt"/>
        <line num="66" count="13" type="stmt"/>
        <line num="68" count="13" type="stmt"/>
        <line num="69" count="6" type="cond" truecount="2" falsecount="0"/>
        <line num="70" count="6" type="cond" truecount="2" falsecount="0"/>
        <line num="71" count="1" type="stmt"/>
        <line num="72" count="1" type="stmt"/>
        <line num="74" count="5" type="stmt"/>
        <line num="75" count="5" type="stmt"/>
        <line num="76" count="4" type="stmt"/>
        <line num="77" count="4" type="stmt"/>
        <line num="78" count="4" type="stmt"/>
        <line num="79" count="4" type="cond" truecount="1" falsecount="1"/>
        <line num="80" count="4" type="stmt"/>
        <line num="82" count="0" type="stmt"/>
        <line num="84" count="4" type="stmt"/>
        <line num="90" count="1" type="stmt"/>
        <line num="91" count="1" type="stmt"/>
        <line num="92" count="1" type="stmt"/>
        <line num="93" count="1" type="stmt"/>
        <line num="94" count="1" type="stmt"/>
        <line num="98" count="0" type="cond" truecount="0" falsecount="2"/>
        <line num="99" count="0" type="cond" truecount="0" falsecount="2"/>
        <line num="100" count="0" type="stmt"/>
        <line num="101" count="0" type="stmt"/>
        <line num="102" count="0" type="cond" truecount="0" falsecount="2"/>
        <line num="103" count="0" type="stmt"/>
        <line num="104" count="0" type="stmt"/>
        <line num="105" count="0" type="cond" truecount="0" falsecount="4"/>
        <line num="106" count="0" type="stmt"/>
        <line num="107" count="0" type="stmt"/>
        <line num="108" count="0" type="cond" truecount="0" falsecount="2"/>
        <line num="109" count="0" type="cond" truecount="0" falsecount="2"/>
        <line num="110" count="0" type="stmt"/>
        <line num="114" count="13" type="stmt"/>
        <line num="125" count="0" type="cond" truecount="1" falsecount="3"/>
        <line num="136" count="0" type="stmt"/>
        <line num="137" count="0" type="stmt"/>
        <line num="139" count="3" type="stmt"/>
        <line num="143" count="0" type="cond" truecount="0" falsecount="2"/>
        <line num="150" count="0" type="cond" truecount="0" falsecount="2"/>
        <line num="151" count="3" type="stmt"/>
        <line num="152" count="3" type="stmt"/>
        <line num="158" count="0" type="cond" truecount="0" falsecount="2"/>
        <line num="185" count="0" type="stmt"/>
        <line num="188" count="0" type="stmt"/>
        <line num="189" count="0" type="stmt"/>
        <line num="197" count="3" type="stmt"/>
        <line num="198" count="3" type="cond" truecount="0" falsecount="2"/>
        <line num="208" count="0" type="cond" truecount="2" falsecount="0"/>
        <line num="219" count="13" type="stmt"/>
        <line num="220" count="13" type="stmt"/>
        <line num="222" count="3" type="stmt"/>
        <line num="223" count="3" type="stmt"/>
        <line num="229" count="5" type="cond" truecount="2" falsecount="0"/>
        <line num="240" count="3" type="stmt"/>
        <line num="255" count="4" type="stmt"/>
        <line num="258" count="1" type="stmt"/>
        <line num="259" count="0" type="stmt"/>
        <line num="267" count="3" type="stmt"/>
        <line num="268" count="3" type="cond" truecount="1" falsecount="1"/>
        <line num="273" count="23" type="stmt"/>
      </file>
      <file name="Modal.vue" path="/home/alaw989/Sites/ipop360/resources/js/Components/Modal.vue">
        <metrics statements="31" coveredstatements="31" conditionals="12" coveredconditionals="12" methods="10" coveredmethods="10"/>
        <line num="4" count="24" type="stmt"/>
        <line num="17" count="24" type="stmt"/>
        <line num="18" count="24" type="stmt"/>
        <line num="19" count="24" type="stmt"/>
        <line num="21" count="24" type="stmt"/>
        <line num="22" count="29" type="stmt"/>
        <line num="24" count="5" type="cond" truecount="2" falsecount="0"/>
        <line num="25" count="3" type="stmt"/>
        <line num="26" count="3" type="stmt"/>
        <line num="28" count="3" type="stmt"/>
        <line num="30" count="2" type="stmt"/>
        <line num="32" count="2" type="stmt"/>
        <line num="33" count="1" type="stmt"/>
        <line num="34" count="1" type="stmt"/>
        <line num="40" count="24" type="stmt"/>
        <line num="41" count="33" type="cond" truecount="2" falsecount="0"/>
        <line num="42" count="28" type="stmt"/>
        <line num="46" count="24" type="stmt"/>
        <line num="47" count="67" type="cond" truecount="2" falsecount="0"/>
        <line num="48" count="51" type="stmt"/>
        <line num="50" count="51" type="cond" truecount="2" falsecount="0"/>
        <line num="51" count="31" type="stmt"/>
        <line num="56" count="24" type="stmt"/>
        <line num="58" count="24" type="stmt"/>
        <line num="59" count="2" type="stmt"/>
        <line num="61" count="2" type="stmt"/>
        <line num="64" count="24" type="stmt"/>
        <line num="65" count="24" type="stmt"/>
        <line num="76" count="29" type="stmt"/>
        <line num="100" count="29" type="stmt"/>
        <line num="117" count="30" type="stmt"/>
      </file>
      <file name="NavLink.vue" path="/home/alaw989/Sites/ipop360/resources/js/Components/NavLink.vue">
        <metrics statements="5" coveredstatements="0" conditionals="2" coveredconditionals="0" methods="2" coveredmethods="0"/>
        <line num="5" count="0" type="stmt"/>
        <line num="10" count="0" type="stmt"/>
        <line num="11" count="0" type="cond" truecount="0" falsecount="2"/>
        <line num="18" count="0" type="stmt"/>
        <line num="19" count="0" type="stmt"/>
      </file>
      <file name="OpeningHours.vue" path="/home/alaw989/Sites/ipop360/resources/js/Components/OpeningHours.vue">
        <metrics statements="20" coveredstatements="18" conditionals="14" coveredconditionals="12" methods="4" coveredmethods="4"/>
        <line num="6" count="4" type="stmt"/>
        <line num="10" count="4" type="stmt"/>
        <line num="12" count="4" type="stmt"/>
        <line num="13" count="3" type="cond" truecount="4" falsecount="0"/>
        <line num="14" count="1" type="stmt"/>
        <line num="16" count="2" type="stmt"/>
        <line num="17" count="2" type="stmt"/>
        <line num="18" count="2" type="stmt"/>
        <line num="21" count="4" type="stmt"/>
        <line num="22" count="1" type="cond" truecount="1" falsecount="1"/>
        <line num="23" count="0" type="stmt"/>
        <line num="25" count="1" type="cond" truecount="1" falsecount="1"/>
        <line num="26" count="1" type="stmt"/>
        <line num="28" count="0" type="stmt"/>
        <line num="33" count="4" type="cond" truecount="1" falsecount="0"/>
        <line num="34" count="2" type="stmt"/>
        <line num="42" count="4" type="stmt"/>
        <line num="47" count="2" type="stmt"/>
        <line num="50" count="2" type="stmt"/>
        <line num="58" count="2" type="cond" truecount="1" falsecount="0"/>
      </file>
      <file name="PopularCuisines.vue" path="/home/alaw989/Sites/ipop360/resources/js/Components/PopularCuisines.vue">
        <metrics statements="17" coveredstatements="17" conditionals="22" coveredconditionals="22" methods="6" coveredmethods="6"/>
        <line num="6" count="10" type="stmt"/>
        <line num="20" count="121" type="stmt"/>
        <line num="21" count="121" type="cond" truecount="4" falsecount="0"/>
        <line num="22" count="12" type="stmt"/>
        <line num="24" count="121" type="stmt"/>
        <line num="27" count="10" type="stmt"/>
        <line num="28" count="2" type="stmt"/>
        <line num="30" count="10" type="stmt"/>
        <line num="31" count="11" type="cond" truecount="2" falsecount="0"/>
        <line num="34" count="10" type="stmt"/>
        <line num="38" count="12" type="stmt"/>
        <line num="39" count="2" type="stmt"/>
        <line num="48" count="12" type="stmt"/>
        <line num="54" count="2" type="stmt"/>
        <line num="55" count="121" type="stmt"/>
        <line num="61" count="2" type="stmt"/>
        <line num="69" count="2" type="cond" truecount="2" falsecount="0"/>
      </file>
      <file name="PopularRestaurants.vue" path="/home/alaw989/Sites/ipop360/resources/js/Components/PopularRestaurants.vue">
        <metrics statements="28" coveredstatements="28" conditionals="52" coveredconditionals="52" methods="9" coveredmethods="9"/>
        <line num="29" count="33" type="stmt"/>
        <line num="35" count="33" type="stmt"/>
        <line num="36" count="2" type="stmt"/>
        <line num="38" count="33" type="stmt"/>
        <line num="39" count="35" type="cond" truecount="2" falsecount="0"/>
        <line num="42" count="33" type="stmt"/>
        <line num="45" count="198" type="cond" truecount="2" falsecount="0"/>
        <line num="46" count="190" type="cond" truecount="2" falsecount="0"/>
        <line num="47" count="186" type="stmt"/>
        <line num="51" count="380" type="cond" truecount="2" falsecount="0"/>
        <line num="55" count="188" type="stmt"/>
        <line num="56" count="188" type="cond" truecount="2" falsecount="0"/>
        <line num="60" count="420" type="cond" truecount="2" falsecount="0"/>
        <line num="61" count="280" type="cond" truecount="2" falsecount="0"/>
        <line num="62" count="196" type="cond" truecount="2" falsecount="0"/>
        <line num="63" count="112" type="stmt"/>
        <line num="68" count="36" type="stmt"/>
        <line num="69" count="2" type="stmt"/>
        <line num="78" count="8" type="stmt"/>
        <line num="81" count="2" type="stmt"/>
        <line num="82" count="189" type="stmt"/>
        <line num="89" count="2" type="stmt"/>
        <line num="125" count="2" type="stmt"/>
        <line num="126" count="2" type="stmt"/>
        <line num="127" count="2" type="stmt"/>
        <line num="135" count="2" type="stmt"/>
        <line num="145" count="2" type="stmt"/>
        <line num="157" count="3" type="cond" truecount="2" falsecount="0"/>
      </file>
      <file name="PrimaryButton.vue" path="/home/alaw989/Sites/ipop360/resources/js/Components/PrimaryButton.vue">
        <metrics statements="2" coveredstatements="2" conditionals="0" coveredconditionals="0" methods="0" coveredmethods="0"/>
        <line num="2" count="4" type="stmt"/>
        <line num="3" count="1" type="stmt"/>
      </file>
      <file name="ResponsiveNavLink.vue" path="/home/alaw989/Sites/ipop360/resources/js/Components/ResponsiveNavLink.vue">
        <metrics statements="5" coveredstatements="0" conditionals="2" coveredconditionals="0" methods="2" coveredmethods="0"/>
        <line num="5" count="0" type="stmt"/>
        <line num="10" count="0" type="stmt"/>
        <line num="11" count="0" type="cond" truecount="0" falsecount="2"/>
        <line num="18" count="0" type="stmt"/>
        <line num="19" count="0" type="stmt"/>
      </file>
      <file name="RestaurantCard.vue" path="/home/alaw989/Sites/ipop360/resources/js/Components/RestaurantCard.vue">
        <metrics statements="41" coveredstatements="41" conditionals="78" coveredconditionals="75" methods="19" coveredmethods="19"/>
        <line num="14" count="61" type="stmt"/>
        <line num="23" count="61" type="stmt"/>
        <line num="25" count="61" type="stmt"/>
        <line num="27" count="61" type="stmt"/>
        <line num="29" count="61" type="stmt"/>
        <line num="31" count="61" type="stmt"/>
        <line num="33" count="61" type="stmt"/>
        <line num="35" count="61" type="stmt"/>
        <line num="37" count="61" type="stmt"/>
        <line num="39" count="61" type="stmt"/>
        <line num="40" count="61" type="stmt"/>
        <line num="42" count="61" type="cond" truecount="2" falsecount="0"/>
        <line num="44" count="61" type="stmt"/>
        <line num="45" count="6" type="stmt"/>
        <line num="46" count="6" type="cond" truecount="1" falsecount="1"/>
        <line num="47" count="6" type="cond" truecount="2" falsecount="0"/>
        <line num="48" count="4" type="cond" truecount="2" falsecount="0"/>
        <line num="49" count="2" type="stmt"/>
        <line num="52" count="61" type="stmt"/>
        <line num="53" count="6" type="stmt"/>
        <line num="54" count="6" type="cond" truecount="1" falsecount="1"/>
        <line num="55" count="6" type="cond" truecount="2" falsecount="0"/>
        <line num="56" count="4" type="cond" truecount="2" falsecount="0"/>
        <line num="57" count="2" type="stmt"/>
        <line num="62" count="61" type="stmt"/>
        <line num="74" count="61" type="stmt"/>
        <line num="75" count="4" type="stmt"/>
        <line num="101" count="4" type="stmt"/>
        <line num="106" count="1" type="cond" truecount="2" falsecount="0"/>
        <line num="121" count="1" type="cond" truecount="2" falsecount="0"/>
        <line num="129" count="4" type="stmt"/>
        <line num="131" count="4" type="stmt"/>
        <line num="132" count="4" type="stmt"/>
        <line num="133" count="4" type="stmt"/>
        <line num="148" count="4" type="stmt"/>
        <line num="171" count="2" type="stmt"/>
        <line num="172" count="2" type="stmt"/>
        <line num="177" count="4" type="stmt"/>
        <line num="185" count="1" type="cond" truecount="2" falsecount="0"/>
        <line num="194" count="1" type="cond" truecount="2" falsecount="0"/>
        <line num="203" count="1" type="cond" truecount="2" falsecount="0"/>
      </file>
      <file name="RestaurantCardSkeleton.vue" path="/home/alaw989/Sites/ipop360/resources/js/Components/RestaurantCardSkeleton.vue">
        <metrics statements="3" coveredstatements="3" conditionals="0" coveredconditionals="0" methods="0" coveredmethods="0"/>
        <line num="6" count="7" type="stmt"/>
        <line num="8" count="3" type="stmt"/>
        <line num="12" count="3" type="stmt"/>
      </file>
      <file name="ResultsGrid.vue" path="/home/alaw989/Sites/ipop360/resources/js/Components/ResultsGrid.vue">
        <metrics statements="34" coveredstatements="34" conditionals="42" coveredconditionals="42" methods="20" coveredmethods="20"/>
        <line num="43" count="23" type="stmt"/>
        <line num="46" count="1" type="stmt"/>
        <line num="47" count="1" type="stmt"/>
        <line num="48" count="1" type="stmt"/>
        <line num="52" count="2" type="stmt"/>
        <line num="56" count="2" type="stmt"/>
        <line num="60" count="1" type="stmt"/>
        <line num="66" count="1" type="stmt"/>
        <line num="69" count="1" type="stmt"/>
        <line num="83" count="23" type="stmt"/>
        <line num="88" count="1" type="stmt"/>
        <line num="89" count="4" type="cond" truecount="2" falsecount="0"/>
        <line num="90" count="1" type="stmt"/>
        <line num="91" count="4" type="stmt"/>
        <line num="92" count="1" type="stmt"/>
        <line num="95" count="4" type="cond" truecount="2" falsecount="0"/>
        <line num="96" count="1" type="cond" truecount="2" falsecount="0"/>
        <line num="97" count="4" type="cond" truecount="2" falsecount="0"/>
        <line num="101" count="4" type="stmt"/>
        <line num="106" count="1" type="stmt"/>
        <line num="113" count="3" type="cond" truecount="2" falsecount="0"/>
        <line num="117" count="1" type="stmt"/>
        <line num="119" count="1" type="stmt"/>
        <line num="120" count="1" type="stmt"/>
        <line num="123" count="1" type="stmt"/>
        <line num="131" count="30" type="stmt"/>
        <line num="143" count="2" type="stmt"/>
        <line num="164" count="5" type="cond" truecount="2" falsecount="0"/>
        <line num="167" count="4" type="cond" truecount="2" falsecount="0"/>
        <line num="168" count="1" type="stmt"/>
        <line num="169" count="1" type="stmt"/>
        <line num="171" count="4" type="stmt"/>
        <line num="175" count="4" type="cond" truecount="2" falsecount="0"/>
        <line num="177" count="4" type="stmt"/>
      </file>
      <file name="ScoreBreakdown.vue" path="/home/alaw989/Sites/ipop360/resources/js/Components/ScoreBreakdown.vue">
        <metrics statements="25" coveredstatements="25" conditionals="14" coveredconditionals="14" methods="10" coveredmethods="10"/>
        <line num="22" count="10" type="stmt"/>
        <line num="35" count="10" type="stmt"/>
        <line num="50" count="10" type="stmt"/>
        <line num="56" count="13" type="cond" truecount="2" falsecount="0"/>
        <line num="59" count="10" type="stmt"/>
        <line num="60" count="10" type="stmt"/>
        <line num="61" count="10" type="cond" truecount="4" falsecount="0"/>
        <line num="62" count="2" type="stmt"/>
        <line num="64" count="14" type="stmt"/>
        <line num="65" count="8" type="cond" truecount="2" falsecount="0"/>
        <line num="66" count="1" type="stmt"/>
        <line num="68" count="13" type="stmt"/>
        <line num="80" count="16" type="stmt"/>
        <line num="83" count="10" type="stmt"/>
        <line num="84" count="16" type="stmt"/>
        <line num="87" count="10" type="stmt"/>
        <line num="91" count="10" type="stmt"/>
        <line num="93" count="2" type="stmt"/>
        <line num="95" count="16" type="stmt"/>
        <line num="103" count="2" type="stmt"/>
        <line num="107" count="2" type="stmt"/>
        <line num="108" count="13" type="stmt"/>
        <line num="113" count="2" type="stmt"/>
        <line num="115" count="2" type="stmt"/>
        <line num="116" count="2" type="stmt"/>
      </file>
      <file name="ScoreChip.vue" path="/home/alaw989/Sites/ipop360/resources/js/Components/ScoreChip.vue">
        <metrics statements="30" coveredstatements="23" conditionals="32" coveredconditionals="17" methods="12" coveredmethods="6"/>
        <line num="6" count="8" type="stmt"/>
        <line num="20" count="8" type="cond" truecount="1" falsecount="1"/>
        <line num="21" count="8" type="stmt"/>
        <line num="23" count="8" type="stmt"/>
        <line num="24" count="8" type="stmt"/>
        <line num="25" count="8" type="cond" truecount="2" falsecount="0"/>
        <line num="26" count="6" type="cond" truecount="2" falsecount="0"/>
        <line num="27" count="4" type="cond" truecount="2" falsecount="0"/>
        <line num="28" count="3" type="cond" truecount="2" falsecount="0"/>
        <line num="29" count="1" type="stmt"/>
        <line num="32" count="8" type="stmt"/>
        <line num="33" count="8" type="cond" truecount="1" falsecount="1"/>
        <line num="34" count="0" type="stmt"/>
        <line num="35" count="0" type="stmt"/>
        <line num="36" count="0" type="stmt"/>
        <line num="40" count="8" type="stmt"/>
        <line num="54" count="0" type="cond" truecount="0" falsecount="2"/>
        <line num="59" count="8" type="stmt"/>
        <line num="79" count="10" type="stmt"/>
        <line num="80" count="8" type="stmt"/>
        <line num="81" count="8" type="stmt"/>
        <line num="88" count="10" type="stmt"/>
        <line num="90" count="10" type="stmt"/>
        <line num="91" count="0" type="cond" truecount="0" falsecount="2"/>
        <line num="92" count="10" type="stmt"/>
        <line num="93" count="0" type="stmt"/>
        <line num="101" count="10" type="stmt"/>
        <line num="102" count="0" type="stmt"/>
        <line num="108" count="10" type="stmt"/>
        <line num="109" count="10" type="stmt"/>
      </file>
      <file name="SearchFilters.vue" path="/home/alaw989/Sites/ipop360/resources/js/Components/SearchFilters.vue">
        <metrics statements="27" coveredstatements="27" conditionals="37" coveredconditionals="37" methods="16" coveredmethods="16"/>
        <line num="6" count="21" type="stmt"/>
        <line num="15" count="21" type="stmt"/>
        <line num="20" count="21" type="cond" truecount="2" falsecount="0"/>
        <line num="21" count="21" type="cond" truecount="2" falsecount="0"/>
        <line num="22" count="21" type="cond" truecount="2" falsecount="0"/>
        <line num="23" count="21" type="cond" truecount="2" falsecount="0"/>
        <line num="25" count="21" type="stmt"/>
        <line num="26" count="21" type="cond" truecount="4" falsecount="0"/>
        <line num="30" count="2" type="cond" truecount="2" falsecount="0"/>
        <line num="31" count="1" type="stmt"/>
        <line num="33" count="1" type="stmt"/>
        <line num="38" count="1" type="stmt"/>
        <line num="43" count="21" type="stmt"/>
        <line num="44" count="2" type="stmt"/>
        <line num="51" count="1" type="cond" truecount="2" falsecount="0"/>
        <line num="54" count="11" type="cond" truecount="2" falsecount="0"/>
        <line num="60" count="2" type="stmt"/>
        <line num="61" count="84" type="stmt"/>
        <line num="68" count="2" type="stmt"/>
        <line num="78" count="2" type="stmt"/>
        <line num="79" count="42" type="stmt"/>
        <line num="86" count="42" type="stmt"/>
        <line num="87" count="2" type="stmt"/>
        <line num="95" count="2" type="stmt"/>
        <line num="96" count="105" type="stmt"/>
        <line num="108" count="1" type="stmt"/>
        <line num="122" count="1" type="cond" truecount="2" falsecount="0"/>
      </file>
      <file name="SearchMap.vue" path="/home/alaw989/Sites/ipop360/resources/js/Components/SearchMap.vue">
        <metrics statements="45" coveredstatements="45" conditionals="40" coveredconditionals="34" methods="12" coveredmethods="12"/>
        <line num="5" count="20" type="stmt"/>
        <line num="11" count="20" type="stmt"/>
        <line num="12" count="20" type="stmt"/>
        <line num="14" count="20" type="stmt"/>
        <line num="15" count="20" type="stmt"/>
        <line num="16" count="20" type="stmt"/>
        <line num="18" count="20" type="stmt"/>
        <line num="19" count="20" type="cond" truecount="4" falsecount="0"/>
        <line num="20" count="1" type="stmt"/>
        <line num="22" count="19" type="cond" truecount="2" falsecount="0"/>
        <line num="23" count="19" type="cond" truecount="2" falsecount="0"/>
        <line num="24" count="8" type="stmt"/>
        <line num="26" count="11" type="stmt"/>
        <line num="29" count="20" type="stmt"/>
        <line num="30" count="20" type="stmt"/>
        <line num="31" count="20" type="stmt"/>
        <line num="33" count="20" type="cond" truecount="1" falsecount="1"/>
        <line num="35" count="20" type="stmt"/>
        <line num="40" count="20" type="stmt"/>
        <line num="45" count="20" type="stmt"/>
        <line num="48" count="20" type="stmt"/>
        <line num="49" count="1" type="cond" truecount="1" falsecount="1"/>
        <line num="50" count="1" type="stmt"/>
        <line num="51" count="1" type="stmt"/>
        <line num="55" count="21" type="stmt"/>
        <line num="56" count="1" type="cond" truecount="1" falsecount="1"/>
        <line num="57" count="1" type="stmt"/>
        <line num="58" count="1" type="stmt"/>
        <line num="63" count="1" type="stmt"/>
        <line num="64" count="1" type="stmt"/>
        <line num="68" count="21" type="cond" truecount="3" falsecount="1"/>
        <line num="70" count="21" type="stmt"/>
        <line num="71" count="21" type="stmt"/>
        <line num="79" count="21" type="stmt"/>
        <line num="80" count="14" type="cond" truecount="4" falsecount="0"/>
        <line num="82" count="12" type="stmt"/>
        <line num="93" count="14" type="stmt"/>
        <line num="94" count="14" type="stmt"/>
        <line num="97" count="21" type="cond" truecount="4" falsecount="0"/>
        <line num="98" count="9" type="stmt"/>
        <line num="104" count="25" type="stmt"/>
        <line num="110" count="2" type="stmt"/>
        <line num="111" count="2" type="stmt"/>
        <line num="112" count="14" type="stmt"/>
        <line num="116" count="4" type="cond" truecount="2" falsecount="0"/>
      </file>
      <file name="SearchResultCard.vue" path="/home/alaw989/Sites/ipop360/resources/js/Components/SearchResultCard.vue">
        <metrics statements="40" coveredstatements="40" conditionals="75" coveredconditionals="70" methods="17" coveredmethods="17"/>
        <line num="13" count="49" type="stmt"/>
        <line num="20" count="49" type="stmt"/>
        <line num="22" count="49" type="stmt"/>
        <line num="24" count="49" type="stmt"/>
        <line num="26" count="49" type="stmt"/>
        <line num="28" count="49" type="stmt"/>
        <line num="30" count="49" type="stmt"/>
        <line num="32" count="49" type="stmt"/>
        <line num="33" count="49" type="cond" truecount="2" falsecount="0"/>
        <line num="34" count="2" type="cond" truecount="2" falsecount="0"/>
        <line num="39" count="49" type="stmt"/>
        <line num="41" count="49" type="stmt"/>
        <line num="42" count="6" type="stmt"/>
        <line num="43" count="6" type="cond" truecount="1" falsecount="1"/>
        <line num="44" count="6" type="cond" truecount="2" falsecount="0"/>
        <line num="45" count="4" type="cond" truecount="2" falsecount="0"/>
        <line num="46" count="2" type="stmt"/>
        <line num="49" count="49" type="stmt"/>
        <line num="50" count="6" type="stmt"/>
        <line num="51" count="6" type="cond" truecount="1" falsecount="1"/>
        <line num="52" count="6" type="cond" truecount="2" falsecount="0"/>
        <line num="53" count="4" type="cond" truecount="2" falsecount="0"/>
        <line num="54" count="2" type="stmt"/>
        <line num="59" count="49" type="stmt"/>
        <line num="61" count="2" type="stmt"/>
        <line num="75" count="2" type="stmt"/>
        <line num="102" count="2" type="stmt"/>
        <line num="103" count="2" type="stmt"/>
        <line num="106" count="2" type="stmt"/>
        <line num="107" count="2" type="stmt"/>
        <line num="127" count="2" type="stmt"/>
        <line num="151" count="2" type="cond" truecount="2" falsecount="0"/>
        <line num="156" count="3" type="stmt"/>
        <line num="166" count="3" type="stmt"/>
        <line num="167" count="3" type="stmt"/>
        <line num="173" count="2" type="stmt"/>
        <line num="181" count="1" type="cond" truecount="2" falsecount="0"/>
        <line num="190" count="1" type="cond" truecount="2" falsecount="0"/>
        <line num="199" count="1" type="cond" truecount="2" falsecount="0"/>
        <line num="210" count="1" type="cond" truecount="2" falsecount="0"/>
      </file>
      <file name="SecondaryButton.vue" path="/home/alaw989/Sites/ipop360/resources/js/Components/SecondaryButton.vue">
        <metrics statements="1" coveredstatements="1" conditionals="0" coveredconditionals="0" methods="0" coveredmethods="0"/>
        <line num="13" count="6" type="stmt"/>
      </file>
      <file name="SeoMeta.vue" path="/home/alaw989/Sites/ipop360/resources/js/Components/SeoMeta.vue">
        <metrics statements="5" coveredstatements="5" conditionals="6" coveredconditionals="6" methods="2" coveredmethods="2"/>
        <line num="24" count="10" type="stmt"/>
        <line num="29" count="10" type="stmt"/>
        <line num="30" count="10" type="cond" truecount="4" falsecount="0"/>
        <line num="37" count="10" type="stmt"/>
        <line num="38" count="10" type="stmt"/>
      </file>
      <file name="SocialLinks.vue" path="/home/alaw989/Sites/ipop360/resources/js/Components/SocialLinks.vue">
        <metrics statements="8" coveredstatements="4" conditionals="33" coveredconditionals="25" methods="3" coveredmethods="1"/>
        <line num="6" count="4" type="stmt"/>
        <line num="11" count="4" type="stmt"/>
        <line num="20" count="0" type="cond" truecount="0" falsecount="2"/>
        <line num="21" count="0" type="stmt"/>
        <line num="23" count="0" type="stmt"/>
        <line num="28" count="4" type="cond" truecount="1" falsecount="0"/>
        <line num="29" count="4" type="stmt"/>
        <line num="39" count="0" type="stmt"/>
      </file>
      <file name="StarRating.vue" path="/home/alaw989/Sites/ipop360/resources/js/Components/StarRating.vue">
        <metrics statements="24" coveredstatements="23" conditionals="33" coveredconditionals="32" methods="4" coveredmethods="4"/>
        <line num="4" count="10" type="stmt"/>
        <line num="12" count="10" type="stmt"/>
        <line num="14" count="10" type="stmt"/>
        <line num="15" count="10" type="stmt"/>
        <line num="16" count="10" type="cond" truecount="2" falsecount="0"/>
        <line num="17" count="10" type="stmt"/>
        <line num="18" count="10" type="cond" truecount="2" falsecount="0"/>
        <line num="19" count="10" type="stmt"/>
        <line num="20" count="10" type="stmt"/>
        <line num="21" count="50" type="cond" truecount="2" falsecount="0"/>
        <line num="22" count="17" type="cond" truecount="4" falsecount="0"/>
        <line num="23" count="16" type="stmt"/>
        <line num="25" count="10" type="stmt"/>
        <line num="28" count="10" type="stmt"/>
        <line num="29" count="10" type="cond" truecount="4" falsecount="1"/>
        <line num="30" count="1" type="stmt"/>
        <line num="31" count="0" type="stmt"/>
        <line num="32" count="9" type="stmt"/>
        <line num="36" count="11" type="stmt"/>
        <line num="37" count="11" type="stmt"/>
        <line num="41" count="10" type="stmt"/>
        <line num="42" count="11" type="stmt"/>
        <line num="44" count="50" type="stmt"/>
        <line num="65" count="11" type="stmt"/>
      </file>
      <file name="StickySearchBar.vue" path="/home/alaw989/Sites/ipop360/resources/js/Components/StickySearchBar.vue">
        <metrics statements="9" coveredstatements="9" conditionals="8" coveredconditionals="8" methods="5" coveredmethods="5"/>
        <line num="22" count="8" type="stmt"/>
        <line num="25" count="2" type="stmt"/>
        <line num="31" count="2" type="stmt"/>
        <line num="32" count="2" type="stmt"/>
        <line num="35" count="8" type="stmt"/>
        <line num="36" count="8" type="cond" truecount="2" falsecount="0"/>
        <line num="41" count="2" type="stmt"/>
        <line num="53" count="1" type="cond" truecount="2" falsecount="0"/>
        <line num="57" count="8" type="stmt"/>
      </file>
      <file name="SubcategoryCard.vue" path="/home/alaw989/Sites/ipop360/resources/js/Components/SubcategoryCard.vue">
        <metrics statements="5" coveredstatements="5" conditionals="4" coveredconditionals="4" methods="3" coveredmethods="3"/>
        <line num="20" count="5" type="stmt"/>
        <line num="22" count="2" type="cond" truecount="2" falsecount="0"/>
        <line num="25" count="5" type="stmt"/>
        <line num="27" count="2" type="stmt"/>
        <line num="32" count="5" type="stmt"/>
      </file>
      <file name="TextInput.vue" path="/home/alaw989/Sites/ipop360/resources/js/Components/TextInput.vue">
        <metrics statements="8" coveredstatements="0" conditionals="4" coveredconditionals="0" methods="3" coveredmethods="0"/>
        <line num="4" count="0" type="stmt"/>
        <line num="6" count="0" type="stmt"/>
        <line num="8" count="0" type="stmt"/>
        <line num="9" count="0" type="cond" truecount="0" falsecount="2"/>
        <line num="10" count="0" type="stmt"/>
        <line num="14" count="0" type="stmt"/>
        <line num="18" count="0" type="stmt"/>
        <line num="20" count="0" type="cond" truecount="0" falsecount="2"/>
      </file>
    </package>
    <package name="js.Layouts">
      <metrics statements="56" coveredstatements="24" conditionals="53" coveredconditionals="0" methods="25" coveredmethods="0"/>
      <file name="AppLayout.vue" path="/home/alaw989/Sites/ipop360/resources/js/Layouts/AppLayout.vue">
        <metrics statements="13" coveredstatements="6" conditionals="15" coveredconditionals="0" methods="7" coveredmethods="0"/>
        <line num="9" count="9" type="stmt"/>
        <line num="10" count="9" type="stmt"/>
        <line num="11" count="9" type="stmt"/>
        <line num="12" count="9" type="stmt"/>
        <line num="14" count="0" type="stmt"/>
        <line num="15" count="0" type="cond" truecount="0" falsecount="2"/>
        <line num="18" count="9" type="stmt"/>
        <line num="24" count="0" type="cond" truecount="0" falsecount="2"/>
        <line num="30" count="0" type="cond" truecount="0" falsecount="2"/>
        <line num="37" count="0" type="cond" truecount="0" falsecount="2"/>
        <line num="44" count="0" type="cond" truecount="0" falsecount="2"/>
        <line num="51" count="0" type="cond" truecount="0" falsecount="2"/>
        <line num="57" count="9" type="stmt"/>
      </file>
      <file name="AuthenticatedLayout.vue" path="/home/alaw989/Sites/ipop360/resources/js/Layouts/AuthenticatedLayout.vue">
        <metrics statements="34" coveredstatements="18" conditionals="30" coveredconditionals="0" methods="15" coveredmethods="0"/>
        <line num="11" count="0" type="stmt"/>
        <line num="13" count="0" type="stmt"/>
        <line num="17" count="0" type="stmt"/>
        <line num="18" count="4" type="stmt"/>
        <line num="20" count="4" type="stmt"/>
        <line num="23" count="4" type="stmt"/>
        <line num="24" count="4" type="stmt"/>
        <line num="25" count="4" type="stmt"/>
        <line num="27" count="4" type="stmt"/>
        <line num="31" count="0" type="stmt"/>
        <line num="37" count="4" type="stmt"/>
        <line num="44" count="0" type="cond" truecount="0" falsecount="2"/>
        <line num="51" count="0" type="cond" truecount="0" falsecount="2"/>
        <line num="58" count="0" type="cond" truecount="0" falsecount="2"/>
        <line num="62" count="4" type="stmt"/>
        <line num="64" count="4" type="stmt"/>
        <line num="67" count="4" type="stmt"/>
        <line num="87" count="0" type="stmt"/>
        <line num="95" count="0" type="cond" truecount="0" falsecount="2"/>
        <line num="102" count="0" type="cond" truecount="0" falsecount="2"/>
        <line num="109" count="4" type="stmt"/>
        <line num="111" count="0" type="cond" truecount="0" falsecount="2"/>
        <line num="159" count="4" type="stmt"/>
        <line num="165" count="0" type="cond" truecount="0" falsecount="2"/>
        <line num="172" count="0" type="cond" truecount="0" falsecount="2"/>
        <line num="179" count="0" type="cond" truecount="0" falsecount="2"/>
        <line num="184" count="4" type="stmt"/>
        <line num="186" count="4" type="stmt"/>
        <line num="188" count="4" type="stmt"/>
        <line num="192" count="4" type="stmt"/>
        <line num="197" count="4" type="stmt"/>
        <line num="200" count="0" type="cond" truecount="0" falsecount="2"/>
        <line num="207" count="0" type="cond" truecount="0" falsecount="2"/>
        <line num="218" count="4" type="stmt"/>
      </file>
      <file name="GuestLayout.vue" path="/home/alaw989/Sites/ipop360/resources/js/Layouts/GuestLayout.vue">
        <metrics statements="9" coveredstatements="0" conditionals="8" coveredconditionals="0" methods="3" coveredmethods="0"/>
        <line num="9" count="0" type="stmt"/>
        <line num="10" count="0" type="stmt"/>
        <line num="14" count="0" type="stmt"/>
        <line num="16" count="0" type="stmt"/>
        <line num="23" count="0" type="cond" truecount="0" falsecount="2"/>
        <line num="29" count="0" type="stmt"/>
        <line num="37" count="0" type="stmt"/>
        <line num="40" count="0" type="cond" truecount="0" falsecount="2"/>
        <line num="44" count="0" type="stmt"/>
      </file>
    </package>
    <package name="js.Pages">
      <metrics statements="182" coveredstatements="97" conditionals="145" coveredconditionals="66" methods="67" coveredmethods="25"/>
      <file name="Dashboard.vue" path="/home/alaw989/Sites/ipop360/resources/js/Pages/Dashboard.vue">
        <metrics statements="2" coveredstatements="2" conditionals="4" coveredconditionals="4" methods="2" coveredmethods="2"/>
        <line num="15" count="3" type="cond" truecount="2" falsecount="0"/>
        <line num="28" count="3" type="cond" truecount="2" falsecount="0"/>
      </file>
      <file name="Search.vue" path="/home/alaw989/Sites/ipop360/resources/js/Pages/Search.vue">
        <metrics statements="90" coveredstatements="50" conditionals="104" coveredconditionals="43" methods="30" coveredmethods="9"/>
        <line num="15" count="6" type="stmt"/>
        <line num="36" count="6" type="stmt"/>
        <line num="37" count="6" type="stmt"/>
        <line num="40" count="1" type="stmt"/>
        <line num="41" count="1" type="stmt"/>
        <line num="44" count="6" type="stmt"/>
        <line num="45" count="6" type="stmt"/>
        <line num="47" count="6" type="stmt"/>
        <line num="57" count="6" type="cond" truecount="2" falsecount="0"/>
        <line num="60" count="0" type="stmt"/>
        <line num="64" count="1" type="stmt"/>
        <line num="65" count="1" type="stmt"/>
        <line num="66" count="3" type="cond" truecount="4" falsecount="0"/>
        <line num="67" count="1" type="stmt"/>
        <line num="70" count="1" type="stmt"/>
        <line num="74" count="0" type="cond" truecount="0" falsecount="2"/>
        <line num="75" count="0" type="stmt"/>
        <line num="80" count="0" type="stmt"/>
        <line num="83" count="6" type="stmt"/>
        <line num="84" count="6" type="stmt"/>
        <line num="85" count="1" type="stmt"/>
        <line num="86" count="6" type="stmt"/>
        <line num="88" count="6" type="cond" truecount="2" falsecount="2"/>
        <line num="89" count="0" type="stmt"/>
        <line num="90" count="0" type="stmt"/>
        <line num="91" count="0" type="stmt"/>
        <line num="92" count="0" type="cond" truecount="0" falsecount="2"/>
        <line num="93" count="0" type="cond" truecount="0" falsecount="2"/>
        <line num="94" count="0" type="stmt"/>
        <line num="97" count="0" type="stmt"/>
        <line num="98" count="0" type="stmt"/>
        <line num="99" count="0" type="cond" truecount="0" falsecount="2"/>
        <line num="100" count="0" type="cond" truecount="0" falsecount="2"/>
        <line num="101" count="0" type="cond" truecount="0" falsecount="2"/>
        <line num="102" count="0" type="cond" truecount="0" falsecount="2"/>
        <line num="103" count="0" type="cond" truecount="0" falsecount="2"/>
        <line num="104" count="0" type="cond" truecount="0" falsecount="2"/>
        <line num="106" count="0" type="stmt"/>
        <line num="107" count="0" type="stmt"/>
        <line num="109" count="0" type="cond" truecount="0" falsecount="2"/>
        <line num="110" count="0" type="stmt"/>
        <line num="111" count="0" type="cond" truecount="0" falsecount="2"/>
        <line num="119" count="0" type="stmt"/>
        <line num="120" count="0" type="cond" truecount="0" falsecount="2"/>
        <line num="125" count="0" type="stmt"/>
        <line num="128" count="6" type="stmt"/>
        <line num="129" count="6" type="cond" truecount="1" falsecount="1"/>
        <line num="133" count="6" type="stmt"/>
        <line num="135" count="6" type="stmt"/>
        <line num="136" count="6" type="cond" truecount="4" falsecount="0"/>
        <line num="137" count="6" type="cond" truecount="2" falsecount="0"/>
        <line num="140" count="6" type="cond" truecount="2" falsecount="0"/>
        <line num="144" count="6" type="stmt"/>
        <line num="151" count="6" type="stmt"/>
        <line num="152" count="6" type="cond" truecount="1" falsecount="1"/>
        <line num="154" count="0" type="stmt"/>
        <line num="155" count="0" type="stmt"/>
        <line num="156" count="0" type="stmt"/>
        <line num="162" count="0" type="stmt"/>
        <line num="167" count="6" type="stmt"/>
        <line num="168" count="7" type="stmt"/>
        <line num="171" count="1" type="stmt"/>
        <line num="173" count="1" type="stmt"/>
        <line num="174" count="1" type="stmt"/>
        <line num="185" count="1" type="stmt"/>
        <line num="187" count="1" type="stmt"/>
        <line num="188" count="1" type="stmt"/>
        <line num="189" count="1" type="stmt"/>
        <line num="192" count="1" type="stmt"/>
        <line num="199" count="1" type="stmt"/>
        <line num="204" count="0" type="cond" truecount="2" falsecount="0"/>
        <line num="207" count="49" type="stmt"/>
        <line num="216" count="0" type="stmt"/>
        <line num="242" count="1" type="cond" truecount="2" falsecount="3"/>
        <line num="248" count="0" type="stmt"/>
        <line num="260" count="1" type="cond" truecount="2" falsecount="2"/>
        <line num="263" count="1" type="stmt"/>
        <line num="264" count="0" type="cond" truecount="0" falsecount="2"/>
        <line num="265" count="0" type="cond" truecount="0" falsecount="2"/>
        <line num="270" count="1" type="cond" truecount="1" falsecount="1"/>
        <line num="273" count="5" type="cond" truecount="2" falsecount="0"/>
        <line num="277" count="1" type="stmt"/>
        <line num="278" count="0" type="stmt"/>
        <line num="291" count="0" type="cond" truecount="0" falsecount="2"/>
        <line num="294" count="0" type="cond" truecount="0" falsecount="2"/>
        <line num="295" count="1" type="stmt"/>
        <line num="302" count="0" type="cond" truecount="0" falsecount="2"/>
        <line num="305" count="0" type="cond" truecount="0" falsecount="2"/>
        <line num="311" count="1" type="stmt"/>
        <line num="312" count="1" type="stmt"/>
      </file>
      <file name="Welcome.vue" path="/home/alaw989/Sites/ipop360/resources/js/Pages/Welcome.vue">
        <metrics statements="90" coveredstatements="45" conditionals="37" coveredconditionals="19" methods="35" coveredmethods="14"/>
        <line num="19" count="19" type="stmt"/>
        <line num="93" count="19" type="stmt"/>
        <line num="109" count="19" type="stmt"/>
        <line num="111" count="0" type="stmt"/>
        <line num="114" count="0" type="stmt"/>
        <line num="116" count="19" type="stmt"/>
        <line num="119" count="19" type="stmt"/>
        <line num="120" count="19" type="stmt"/>
        <line num="121" count="19" type="stmt"/>
        <line num="124" count="19" type="stmt"/>
        <line num="125" count="19" type="stmt"/>
        <line num="134" count="19" type="stmt"/>
        <line num="137" count="19" type="stmt"/>
        <line num="149" count="19" type="stmt"/>
        <line num="153" count="19" type="stmt"/>
        <line num="156" count="19" type="stmt"/>
        <line num="158" count="19" type="stmt"/>
        <line num="159" count="19" type="stmt"/>
        <line num="167" count="19" type="stmt"/>
        <line num="168" count="19" type="stmt"/>
        <line num="169" count="19" type="stmt"/>
        <line num="170" count="19" type="stmt"/>
        <line num="177" count="19" type="stmt"/>
        <line num="178" count="19" type="stmt"/>
        <line num="179" count="19" type="stmt"/>
        <line num="180" count="19" type="stmt"/>
        <line num="181" count="19" type="stmt"/>
        <line num="185" count="19" type="stmt"/>
        <line num="187" count="19" type="stmt"/>
        <line num="188" count="19" type="stmt"/>
        <line num="192" count="19" type="stmt"/>
        <line num="195" count="0" type="stmt"/>
        <line num="196" count="0" type="stmt"/>
        <line num="197" count="0" type="stmt"/>
        <line num="199" count="0" type="stmt"/>
        <line num="201" count="0" type="stmt"/>
        <line num="202" count="0" type="cond" truecount="0" falsecount="2"/>
        <line num="203" count="0" type="cond" truecount="0" falsecount="2"/>
        <line num="205" count="0" type="stmt"/>
        <line num="207" count="0" type="cond" truecount="0" falsecount="2"/>
        <line num="208" count="0" type="stmt"/>
        <line num="211" count="0" type="cond" truecount="0" falsecount="2"/>
        <line num="212" count="0" type="stmt"/>
        <line num="213" count="0" type="stmt"/>
        <line num="214" count="0" type="stmt"/>
        <line num="215" count="0" type="stmt"/>
        <line num="218" count="0" type="cond" truecount="0" falsecount="4"/>
        <line num="221" count="0" type="stmt"/>
        <line num="225" count="19" type="stmt"/>
        <line num="226" count="19" type="stmt"/>
        <line num="228" count="0" type="stmt"/>
        <line num="229" count="0" type="stmt"/>
        <line num="233" count="19" type="stmt"/>
        <line num="234" count="0" type="stmt"/>
        <line num="239" count="0" type="stmt"/>
        <line num="240" count="0" type="stmt"/>
        <line num="241" count="0" type="stmt"/>
        <line num="245" count="0" type="stmt"/>
        <line num="249" count="0" type="stmt"/>
        <line num="250" count="0" type="stmt"/>
        <line num="251" count="0" type="stmt"/>
        <line num="255" count="2" type="stmt"/>
        <line num="266" count="0" type="stmt"/>
        <line num="276" count="0" type="stmt"/>
        <line num="280" count="0" type="stmt"/>
        <line num="285" count="0" type="stmt"/>
        <line num="286" count="0" type="stmt"/>
        <line num="287" count="0" type="stmt"/>
        <line num="288" count="0" type="stmt"/>
        <line num="289" count="0" type="stmt"/>
        <line num="293" count="0" type="stmt"/>
        <line num="296" count="0" type="stmt"/>
        <line num="297" count="0" type="stmt"/>
        <line num="298" count="0" type="stmt"/>
        <line num="299" count="0" type="stmt"/>
        <line num="303" count="0" type="stmt"/>
        <line num="307" count="0" type="stmt"/>
        <line num="312" count="19" type="stmt"/>
        <line num="325" count="1" type="stmt"/>
        <line num="326" count="19" type="cond" truecount="2" falsecount="0"/>
        <line num="327" count="1" type="stmt"/>
        <line num="328" count="19" type="stmt"/>
        <line num="330" count="19" type="stmt"/>
        <line num="332" count="19" type="stmt"/>
        <line num="333" count="19" type="stmt"/>
        <line num="342" count="19" type="stmt"/>
        <line num="348" count="1" type="stmt"/>
        <line num="361" count="19" type="stmt"/>
        <line num="407" count="0" type="cond" truecount="0" falsecount="2"/>
        <line num="413" count="19" type="stmt"/>
      </file>
    </package>
    <package name="js.Pages.Admin">
      <metrics statements="90" coveredstatements="89" conditionals="77" coveredconditionals="71" methods="57" coveredmethods="57"/>
      <file name="Dashboard.vue" path="/home/alaw989/Sites/ipop360/resources/js/Pages/Admin/Dashboard.vue">
        <metrics statements="90" coveredstatements="89" conditionals="77" coveredconditionals="71" methods="57" coveredmethods="57"/>
        <line num="46" count="34" type="cond" truecount="1" falsecount="1"/>
        <line num="47" count="34" type="cond" truecount="1" falsecount="1"/>
        <line num="48" count="34" type="stmt"/>
        <line num="52" count="136" type="cond" truecount="1" falsecount="1"/>
        <line num="53" count="136" type="cond" truecount="2" falsecount="0"/>
        <line num="54" count="34" type="stmt"/>
        <line num="58" count="9" type="cond" truecount="4" falsecount="1"/>
        <line num="59" count="4" type="stmt"/>
        <line num="60" count="0" type="stmt"/>
        <line num="61" count="1" type="stmt"/>
        <line num="62" count="3" type="stmt"/>
        <line num="63" count="1" type="stmt"/>
        <line num="73" count="1" type="stmt"/>
        <line num="77" count="34" type="cond" truecount="2" falsecount="0"/>
        <line num="79" count="34" type="stmt"/>
        <line num="81" count="34" type="cond" truecount="2" falsecount="0"/>
        <line num="84" count="1" type="stmt"/>
        <line num="85" count="1" type="stmt"/>
        <line num="87" count="1" type="stmt"/>
        <line num="89" count="1" type="stmt"/>
        <line num="92" count="34" type="cond" truecount="2" falsecount="0"/>
        <line num="93" count="34" type="stmt"/>
        <line num="97" count="34" type="stmt"/>
        <line num="98" count="1" type="stmt"/>
        <line num="101" count="1" type="stmt"/>
        <line num="113" count="34" type="cond" truecount="2" falsecount="0"/>
        <line num="114" count="34" type="stmt"/>
        <line num="116" count="1" type="stmt"/>
        <line num="122" count="34" type="cond" truecount="2" falsecount="0"/>
        <line num="123" count="1" type="stmt"/>
        <line num="131" count="34" type="cond" truecount="2" falsecount="0"/>
        <line num="132" count="34" type="stmt"/>
        <line num="134" count="1" type="stmt"/>
        <line num="140" count="34" type="cond" truecount="2" falsecount="0"/>
        <line num="141" count="1" type="stmt"/>
        <line num="149" count="34" type="cond" truecount="2" falsecount="0"/>
        <line num="150" count="34" type="stmt"/>
        <line num="152" count="1" type="stmt"/>
        <line num="158" count="34" type="cond" truecount="2" falsecount="0"/>
        <line num="159" count="1" type="stmt"/>
        <line num="168" count="1" type="stmt"/>
        <line num="170" count="1" type="stmt"/>
        <line num="173" count="34" type="cond" truecount="2" falsecount="0"/>
        <line num="174" count="34" type="stmt"/>
        <line num="176" count="1" type="stmt"/>
        <line num="182" count="34" type="stmt"/>
        <line num="191" count="34" type="cond" truecount="2" falsecount="0"/>
        <line num="192" count="34" type="stmt"/>
        <line num="194" count="1" type="stmt"/>
        <line num="196" count="1" type="stmt"/>
        <line num="197" count="34" type="stmt"/>
        <line num="204" count="1" type="stmt"/>
        <line num="206" count="1" type="stmt"/>
        <line num="209" count="34" type="cond" truecount="2" falsecount="0"/>
        <line num="210" count="34" type="stmt"/>
        <line num="212" count="1" type="stmt"/>
        <line num="214" count="1" type="stmt"/>
        <line num="215" count="34" type="stmt"/>
        <line num="221" count="34" type="cond" truecount="2" falsecount="0"/>
        <line num="222" count="34" type="stmt"/>
        <line num="224" count="1" type="stmt"/>
        <line num="226" count="1" type="stmt"/>
        <line num="227" count="34" type="stmt"/>
        <line num="236" count="34" type="cond" truecount="2" falsecount="0"/>
        <line num="237" count="34" type="stmt"/>
        <line num="239" count="1" type="stmt"/>
        <line num="241" count="1" type="stmt"/>
        <line num="242" count="34" type="stmt"/>
        <line num="251" count="34" type="cond" truecount="2" falsecount="0"/>
        <line num="252" count="34" type="stmt"/>
        <line num="254" count="1" type="stmt"/>
        <line num="256" count="1" type="stmt"/>
        <line num="257" count="34" type="stmt"/>
        <line num="266" count="34" type="cond" truecount="2" falsecount="0"/>
        <line num="267" count="34" type="stmt"/>
        <line num="269" count="1" type="stmt"/>
        <line num="271" count="1" type="stmt"/>
        <line num="272" count="34" type="stmt"/>
        <line num="286" count="1" type="stmt"/>
        <line num="287" count="1" type="stmt"/>
        <line num="295" count="8" type="stmt"/>
        <line num="300" count="1" type="stmt"/>
        <line num="305" count="8" type="stmt"/>
[...]
        <line num="165" count="1" type="stmt"/>
        <line num="166" count="2" type="cond" truecount="4" falsecount="0"/>
        <line num="167" count="1" type="stmt"/>
        <line num="169" count="1" type="stmt"/>
        <line num="173" count="1" type="stmt"/>
        <line num="180" count="1" type="stmt"/>
        <line num="181" count="1" type="stmt"/>
        <line num="182" count="1" type="stmt"/>
        <line num="184" count="0" type="stmt"/>
        <line num="192" count="5" type="stmt"/>
        <line num="195" count="12" type="stmt"/>
      </file>
      <file name="useGeolocation.ts" path="/home/alaw989/Sites/ipop360/resources/js/composables/useGeolocation.ts">
        <metrics statements="20" coveredstatements="20" conditionals="10" coveredconditionals="8" methods="4" coveredmethods="4"/>
        <line num="26" count="15" type="stmt"/>
        <line num="27" count="15" type="stmt"/>
        <line num="28" count="15" type="stmt"/>
        <line num="29" count="15" type="stmt"/>
        <line num="30" count="15" type="stmt"/>
        <line num="37" count="10" type="cond" truecount="2" falsecount="0"/>
        <line num="39" count="9" type="stmt"/>
        <line num="41" count="9" type="stmt"/>
        <line num="43" count="5" type="stmt"/>
        <line num="44" count="5" type="stmt"/>
        <line num="46" count="5" type="stmt"/>
        <line num="47" count="5" type="stmt"/>
        <line num="48" count="5" type="stmt"/>
        <line num="51" count="4" type="cond" truecount="4" falsecount="0"/>
        <line num="52" count="1" type="stmt"/>
        <line num="56" count="1" type="stmt"/>
        <line num="61" count="5" type="stmt"/>
        <line num="64" count="2" type="stmt"/>
        <line num="65" count="2" type="stmt"/>
        <line num="71" count="15" type="stmt"/>
      </file>
      <file name="useIsMobile.ts" path="/home/alaw989/Sites/ipop360/resources/js/composables/useIsMobile.ts">
        <metrics statements="2" coveredstatements="2" conditionals="0" coveredconditionals="0" methods="1" coveredmethods="1"/>
        <line num="4" count="3" type="stmt"/>
        <line num="5" count="3" type="stmt"/>
      </file>
      <file name="useKeyboardOffset.ts" path="/home/alaw989/Sites/ipop360/resources/js/composables/useKeyboardOffset.ts">
        <metrics statements="13" coveredstatements="13" conditionals="2" coveredconditionals="2" methods="4" coveredmethods="4"/>
        <line num="4" count="7" type="stmt"/>
        <line num="7" count="7" type="cond" truecount="2" falsecount="0"/>
        <line num="8" count="2" type="stmt"/>
        <line num="9" count="2" type="stmt"/>
        <line num="11" count="5" type="stmt"/>
        <line num="17" count="7" type="stmt"/>
        <line num="18" count="7" type="stmt"/>
        <line num="19" count="7" type="stmt"/>
        <line num="20" count="7" type="stmt"/>
        <line num="23" count="7" type="stmt"/>
        <line num="24" count="1" type="stmt"/>
        <line num="25" count="1" type="stmt"/>
        <line num="28" count="7" type="stmt"/>
      </file>
      <file name="usePersistedLocation.ts" path="/home/alaw989/Sites/ipop360/resources/js/composables/usePersistedLocation.ts">
        <metrics statements="20" coveredstatements="20" conditionals="20" coveredconditionals="18" methods="3" coveredmethods="3"/>
        <line num="23" count="1" type="stmt"/>
        <line num="30" count="9" type="cond" truecount="2" falsecount="0"/>
        <line num="31" count="9" type="cond" truecount="2" falsecount="0"/>
        <line num="32" count="9" type="cond" truecount="2" falsecount="0"/>
        <line num="41" count="3" type="stmt"/>
        <line num="42" count="3" type="stmt"/>
        <line num="43" count="3" type="stmt"/>
        <line num="44" count="3" type="stmt"/>
        <line num="57" count="6" type="stmt"/>
        <line num="58" count="6" type="cond" truecount="2" falsecount="0"/>
        <line num="59" count="5" type="stmt"/>
        <line num="60" count="5" type="stmt"/>
        <line num="63" count="5" type="stmt"/>
        <line num="69" count="5" type="cond" truecount="4" falsecount="0"/>
        <line num="70" count="3" type="stmt"/>
        <line num="71" count="3" type="stmt"/>
        <line num="73" count="4" type="cond" truecount="2" falsecount="0"/>
        <line num="80" count="3" type="cond" truecount="1" falsecount="1"/>
        <line num="81" count="3" type="stmt"/>
        <line num="85" count="9" type="stmt"/>
      </file>
      <file name="useRestaurantDisplay.ts" path="/home/alaw989/Sites/ipop360/resources/js/composables/useRestaurantDisplay.ts">
        <metrics statements="19" coveredstatements="19" conditionals="24" coveredconditionals="24" methods="7" coveredmethods="7"/>
        <line num="18" count="3" type="cond" truecount="2" falsecount="0"/>
        <line num="19" count="1" type="stmt"/>
        <line num="21" count="2" type="cond" truecount="2" falsecount="0"/>
        <line num="22" count="1" type="stmt"/>
        <line num="24" count="1" type="stmt"/>
        <line num="28" count="10" type="cond" truecount="2" falsecount="0"/>
        <line num="29" count="8" type="cond" truecount="2" falsecount="0"/>
        <line num="30" count="6" type="cond" truecount="2" falsecount="0"/>
        <line num="31" count="4" type="stmt"/>
        <line num="35" count="5" type="cond" truecount="2" falsecount="0"/>
        <line num="39" count="3" type="cond" truecount="2" falsecount="0"/>
        <line num="40" count="2" type="cond" truecount="2" falsecount="0"/>
        <line num="41" count="1" type="stmt"/>
        <line num="45" count="2" type="stmt"/>
        <line num="46" count="2" type="cond" truecount="2" falsecount="0"/>
        <line num="50" count="4" type="stmt"/>
        <line num="56" count="4" type="cond" truecount="4" falsecount="0"/>
        <line num="57" count="1" type="stmt"/>
        <line num="59" count="3" type="stmt"/>
      </file>
      <file name="useRestaurantSearch.ts" path="/home/alaw989/Sites/ipop360/resources/js/composables/useRestaurantSearch.ts">
        <metrics statements="108" coveredstatements="104" conditionals="72" coveredconditionals="51" methods="9" coveredmethods="9"/>
        <line num="24" count="16" type="stmt"/>
        <line num="25" count="16" type="stmt"/>
        <line num="26" count="16" type="stmt"/>
        <line num="27" count="16" type="stmt"/>
        <line num="28" count="16" type="stmt"/>
        <line num="29" count="16" type="stmt"/>
        <line num="30" count="16" type="stmt"/>
        <line num="32" count="16" type="stmt"/>
        <line num="33" count="16" type="stmt"/>
        <line num="36" count="13" type="stmt"/>
        <line num="37" count="13" type="cond" truecount="1" falsecount="1"/>
        <line num="38" count="13" type="stmt"/>
        <line num="39" count="0" type="cond" truecount="0" falsecount="2"/>
        <line num="40" count="0" type="stmt"/>
        <line num="42" count="13" type="cond" truecount="1" falsecount="1"/>
        <line num="43" count="13" type="stmt"/>
        <line num="45" count="13" type="cond" truecount="1" falsecount="1"/>
        <line num="46" count="13" type="stmt"/>
        <line num="48" count="13" type="stmt"/>
        <line num="49" count="13" type="cond" truecount="1" falsecount="1"/>
        <line num="50" count="0" type="stmt"/>
        <line num="52" count="13" type="stmt"/>
        <line num="56" count="17" type="cond" truecount="2" falsecount="0"/>
        <line num="57" count="16" type="cond" truecount="2" falsecount="0"/>
        <line num="58" count="3" type="stmt"/>
        <line num="60" count="13" type="stmt"/>
        <line num="61" count="13" type="cond" truecount="5" falsecount="0"/>
        <line num="62" count="1" type="stmt"/>
        <line num="64" count="12" type="stmt"/>
        <line num="68" count="13" type="cond" truecount="2" falsecount="0"/>
        <line num="69" count="1" type="stmt"/>
        <line num="71" count="13" type="stmt"/>
        <line num="75" count="11" type="stmt"/>
        <line num="76" count="11" type="stmt"/>
        <line num="78" count="11" type="stmt"/>
        <line num="79" count="11" type="stmt"/>
        <line num="80" count="11" type="stmt"/>
        <line num="81" count="11" type="stmt"/>
        <line num="83" count="11" type="stmt"/>
        <line num="85" count="11" type="stmt"/>
        <line num="86" count="11" type="stmt"/>
        <line num="87" count="8" type="cond" truecount="2" falsecount="0"/>
        <line num="89" count="6" type="cond" truecount="1" falsecount="1"/>
        <line num="90" count="11" type="cond" truecount="2" falsecount="0"/>
        <line num="92" count="11" type="cond" truecount="2" falsecount="0"/>
        <line num="93" count="1" type="stmt"/>
        <line num="95" count="5" type="stmt"/>
        <line num="96" count="5" type="stmt"/>
        <line num="97" count="5" type="stmt"/>
        <line num="98" count="5" type="stmt"/>
        <line num="101" count="6" type="stmt"/>
        <line num="103" count="3" type="cond" truecount="2" falsecount="2"/>
        <line num="104" count="3" type="cond" truecount="1" falsecount="1"/>
        <line num="106" count="3" type="stmt"/>
        <line num="107" count="3" type="stmt"/>
        <line num="108" count="3" type="stmt"/>
        <line num="109" count="3" type="stmt"/>
        <line num="114" count="3" type="stmt"/>
        <line num="115" count="3" type="cond" truecount="4" falsecount="0"/>
        <line num="116" count="1" type="stmt"/>
        <line num="119" count="2" type="stmt"/>
        <line num="120" count="2" type="stmt"/>
        <line num="122" count="2" type="stmt"/>
        <line num="123" count="2" type="stmt"/>
        <line num="124" count="2" type="stmt"/>
        <line num="125" count="2" type="stmt"/>
        <line num="127" count="2" type="stmt"/>
        <line num="129" count="2" type="stmt"/>
        <line num="130" count="2" type="stmt"/>
        <line num="131" count="1" type="cond" truecount="1" falsecount="1"/>
        <line num="133" count="1" type="cond" truecount="1" falsecount="1"/>
        <line num="134" count="3" type="cond" truecount="2" falsecount="0"/>
        <line num="135" count="3" type="cond" truecount="1" falsecount="1"/>
        <line num="136" count="0" type="stmt"/>
        <line num="138" count="1" type="stmt"/>
        <line num="141" count="1" type="cond" truecount="2" falsecount="2"/>
        <line num="142" count="1" type="cond" truecount="1" falsecount="1"/>
        <line num="144" count="1" type="stmt"/>
        <line num="145" count="1" type="stmt"/>
        <line num="146" count="1" type="stmt"/>
        <line num="147" count="1" type="stmt"/>
        <line num="149" count="2" type="stmt"/>
        <line num="154" count="6" type="cond" truecount="5" falsecount="0"/>
        <line num="156" count="4" type="stmt"/>
        <line num="157" count="4" type="stmt"/>
        <line num="158" count="4" type="stmt"/>
        <line num="160" count="6" type="stmt"/>
        <line num="161" count="6" type="stmt"/>
        <line num="162" count="3" type="cond" truecount="2" falsecount="0"/>
        <line num="164" count="2" type="cond" truecount="1" falsecount="1"/>
        <line num="165" count="6" type="cond" truecount="2" falsecount="0"/>
        <line num="166" count="6" type="stmt"/>
        <line num="168" count="1" type="cond" truecount="2" falsecount="2"/>
        <line num="169" count="1" type="cond" truecount="1" falsecount="1"/>
        <line num="171" count="1" type="stmt"/>
        <line num="173" count="4" type="stmt"/>
        <line num="178" count="1" type="cond" truecount="1" falsecount="1"/>
        <line num="179" count="1" type="stmt"/>
        <line num="180" count="1" type="stmt"/>
        <line num="182" count="1" type="stmt"/>
        <line num="183" count="1" type="stmt"/>
        <line num="184" count="1" type="stmt"/>
        <line num="185" count="1" type="stmt"/>
        <line num="186" count="1" type="stmt"/>
        <line num="187" count="1" type="stmt"/>
        <line num="188" count="1" type="stmt"/>
        <line num="189" count="1" type="stmt"/>
        <line num="192" count="16" type="stmt"/>
      </file>
      <file name="useSeo.ts" path="/home/alaw989/Sites/ipop360/resources/js/composables/useSeo.ts">
        <metrics statements="36" coveredstatements="35" conditionals="46" coveredconditionals="35" methods="8" coveredmethods="7"/>
        <line num="12" count="11" type="cond" truecount="3" falsecount="1"/>
        <line num="15" count="11" type="stmt"/>
        <line num="16" count="11" type="stmt"/>
        <line num="17" count="11" type="stmt"/>
        <line num="18" count="11" type="stmt"/>
        <line num="19" count="11" type="cond" truecount="2" falsecount="0"/>
        <line num="20" count="1" type="stmt"/>
        <line num="22" count="11" type="cond" truecount="4" falsecount="0"/>
        <line num="23" count="1" type="stmt"/>
        <line num="24" count="1" type="stmt"/>
        <line num="26" count="11" type="stmt"/>
        <line num="27" count="11" type="stmt"/>
        <line num="32" count="11" type="stmt"/>
        <line num="33" count="11" type="cond" truecount="2" falsecount="0"/>
        <line num="34" count="11" type="cond" truecount="2" falsecount="0"/>
        <line num="36" count="11" type="stmt"/>
        <line num="57" count="1" type="stmt"/>
        <line num="71" count="1" type="stmt"/>
        <line num="88" count="0" type="stmt"/>
        <line num="108" count="1" type="stmt"/>
        <line num="111" count="2" type="stmt"/>
        <line num="121" count="2" type="stmt"/>
        <line num="128" count="2" type="cond" truecount="2" falsecount="0"/>
        <line num="129" count="1" type="stmt"/>
        <line num="138" count="2" type="cond" truecount="4" falsecount="0"/>
        <line num="139" count="1" type="stmt"/>
        <line num="146" count="2" type="cond" truecount="2" falsecount="0"/>
        <line num="147" count="1" type="stmt"/>
        <line num="150" count="2" type="cond" truecount="4" falsecount="0"/>
        <line num="151" count="1" type="stmt"/>
        <line num="160" count="2" type="cond" truecount="4" falsecount="0"/>
        <line num="161" count="1" type="stmt"/>
        <line num="162" count="2" type="stmt"/>
        <line num="167" count="2" type="cond" truecount="2" falsecount="0"/>
        <line num="168" count="1" type="stmt"/>
        <line num="171" count="2" type="stmt"/>
      </file>
    </package>
    <package name="js.lib">
      <metrics statements="66" coveredstatements="44" conditionals="44" coveredconditionals="31" methods="24" coveredmethods="11"/>
      <file name="api.ts" path="/home/alaw989/Sites/ipop360/resources/js/lib/api.ts">
        <metrics statements="34" coveredstatements="29" conditionals="23" coveredconditionals="20" methods="9" coveredmethods="5"/>
        <line num="21" count="11" type="cond" truecount="2" falsecount="0"/>
        <line num="22" count="10" type="stmt"/>
        <line num="24" count="1" type="stmt"/>
        <line num="43" count="7" type="stmt"/>
        <line num="45" count="7" type="cond" truecount="1" falsecount="1"/>
        <line num="47" count="7" type="stmt"/>
        <line num="53" count="7" type="stmt"/>
        <line num="58" count="7" type="cond" truecount="2" falsecount="0"/>
        <line num="59" count="2" type="cond" truecount="2" falsecount="0"/>
        <line num="61" count="1" type="stmt"/>
        <line num="62" count="1" type="stmt"/>
        <line num="63" count="1" type="cond" truecount="1" falsecount="1"/>
        <line num="64" count="0" type="stmt"/>
        <line num="66" count="1" type="stmt"/>
        <line num="70" count="7" type="stmt"/>
        <line num="71" count="7" type="stmt"/>
        <line num="73" count="6" type="cond" truecount="2" falsecount="0"/>
        <line num="74" count="2" type="stmt"/>
        <line num="75" count="2" type="cond" truecount="2" falsecount="0"/>
        <line num="76" count="2" type="stmt"/>
        <line num="79" count="4" type="stmt"/>
        <line num="81" count="3" type="cond" truecount="1" falsecount="1"/>
        <line num="82" count="3" type="stmt"/>
        <line num="84" count="0" type="stmt"/>
        <line num="92" count="1" type="stmt"/>
        <line num="99" count="2" type="stmt"/>
        <line num="106" count="0" type="stmt"/>
        <line num="113" count="0" type="stmt"/>
        <line num="120" count="0" type="stmt"/>
        <line num="127" count="2" type="stmt"/>
        <line num="128" count="2" type="stmt"/>
        <line num="129" count="10" type="cond" truecount="4" falsecount="0"/>
        <line num="130" count="6" type="stmt"/>
        <line num="133" count="2" type="stmt"/>
      </file>
      <file name="cuisine.ts" path="/home/alaw989/Sites/ipop360/resources/js/lib/cuisine.ts">
        <metrics statements="4" coveredstatements="4" conditionals="4" coveredconditionals="4" methods="1" coveredmethods="1"/>
        <line num="5" count="7" type="stmt"/>
        <line num="22" count="7" type="stmt"/>
        <line num="25" count="7" type="cond" truecount="2" falsecount="0"/>
        <line num="26" count="4" type="cond" truecount="2" falsecount="0"/>
      </file>
      <file name="restaurant.ts" path="/home/alaw989/Sites/ipop360/resources/js/lib/restaurant.ts">
        <metrics statements="26" coveredstatements="9" conditionals="17" coveredconditionals="7" methods="13" coveredmethods="4"/>
        <line num="7" count="0" type="cond" truecount="0" falsecount="4"/>
        <line num="8" count="0" type="stmt"/>
        <line num="11" count="0" type="stmt"/>
        <line num="13" count="0" type="stmt"/>
        <line num="20" count="0" type="cond" truecount="0" falsecount="2"/>
        <line num="21" count="0" type="stmt"/>
        <line num="25" count="0" type="cond" truecount="0" falsecount="2"/>
        <line num="26" count="0" type="stmt"/>
        <line num="27" count="0" type="stmt"/>
        <line num="34" count="0" type="stmt"/>
        <line num="36" count="0" type="stmt"/>
        <line num="42" count="0" type="stmt"/>
        <line num="46" count="0" type="stmt"/>
        <line num="50" count="1" type="cond" truecount="1" falsecount="1"/>
        <line num="51" count="0" type="stmt"/>
        <line num="53" count="1" type="stmt"/>
        <line num="57" count="3" type="cond" truecount="1" falsecount="1"/>
        <line num="58" count="0" type="stmt"/>
        <line num="60" count="3" type="cond" truecount="2" falsecount="0"/>
        <line num="61" count="1" type="stmt"/>
        <line num="63" count="3" type="stmt"/>
        <line num="67" count="0" type="stmt"/>
        <line num="71" count="0" type="stmt"/>
        <line num="75" count="3" type="cond" truecount="2" falsecount="0"/>
        <line num="76" count="3" type="stmt"/>
        <line num="80" count="1" type="stmt"/>
      </file>
      <file name="slideshow.ts" path="/home/alaw989/Sites/ipop360/resources/js/lib/slideshow.ts">
        <metrics statements="1" coveredstatements="1" conditionals="0" coveredconditionals="0" methods="0" coveredmethods="0"/>
        <line num="6" count="2" type="stmt"/>
      </file>
      <file name="utils.ts" path="/home/alaw989/Sites/ipop360/resources/js/lib/utils.ts">
        <metrics statements="1" coveredstatements="1" conditionals="0" coveredconditionals="0" methods="1" coveredmethods="1"/>
        <line num="6" count="167" type="stmt"/>
      </file>
    </package>
    <package name="js.types">
      <metrics statements="0" coveredstatements="0" conditionals="0" coveredconditionals="0" methods="0" coveredmethods="0"/>
      <file name="restaurant.ts" path="/home/alaw989/Sites/ipop360/resources/js/types/restaurant.ts">
        <metrics statements="0" coveredstatements="0" conditionals="0" coveredconditionals="0" methods="0" coveredmethods="0"/>
      </file>
    </package>
  </project>
</coverage>
