{"/home/alaw989/Sites/ipop360/resources/js/app.ts": {"path":"/home/alaw989/Sites/ipop360/resources/js/app.ts","statementMap":{"0":{"start":{"line":11,"column":16},"end":{"line":11,"column":null}},"1":{"start":{"line":14,"column":20},"end":{"line":14,"column":null}},"2":{"start":{"line":15,"column":22},"end":{"line":15,"column":null}},"3":{"start":{"line":18,"column":4},"end":{"line":18,"column":null}},"4":{"start":{"line":18,"column":25},"end":{"line":18,"column":null}},"5":{"start":{"line":20,"column":4},"end":{"line":66,"column":null}},"6":{"start":{"line":21,"column":23},"end":{"line":21,"column":null}},"7":{"start":{"line":22,"column":8},"end":{"line":22,"column":null}},"8":{"start":{"line":22,"column":21},"end":{"line":22,"column":null}},"9":{"start":{"line":24,"column":31},"end":{"line":24,"column":null}},"10":{"start":{"line":25,"column":8},"end":{"line":25,"column":null}},"11":{"start":{"line":25,"column":75},"end":{"line":25,"column":null}},"12":{"start":{"line":28,"column":25},"end":{"line":28,"column":null}},"13":{"start":{"line":30,"column":8},"end":{"line":63,"column":null}},"14":{"start":{"line":32,"column":34},"end":{"line":32,"column":null}},"15":{"start":{"line":33,"column":34},"end":{"line":33,"column":null}},"16":{"start":{"line":35,"column":12},"end":{"line":41,"column":null}},"17":{"start":{"line":36,"column":16},"end":{"line":40,"column":null}},"18":{"start":{"line":37,"column":20},"end":{"line":37,"column":null}},"19":{"start":{"line":39,"column":20},"end":{"line":39,"column":null}},"20":{"start":{"line":44,"column":12},"end":{"line":44,"column":null}},"21":{"start":{"line":47,"column":12},"end":{"line":62,"column":null}},"22":{"start":{"line":54,"column":24},"end":{"line":54,"column":null}},"23":{"start":{"line":58,"column":24},"end":{"line":58,"column":null}},"24":{"start":{"line":59,"column":24},"end":{"line":59,"column":null}},"25":{"start":{"line":65,"column":8},"end":{"line":65,"column":null}},"26":{"start":{"line":69,"column":0},"end":{"line":90,"column":null}},"27":{"start":{"line":70,"column":22},"end":{"line":70,"column":null}},"28":{"start":{"line":71,"column":14},"end":{"line":75,"column":null}},"29":{"start":{"line":75,"column":8},"end":{"line":75,"column":null}},"30":{"start":{"line":78,"column":8},"end":{"line":78,"column":null}},"31":{"start":{"line":80,"column":8},"end":{"line":83,"column":null}},"32":{"start":{"line":80,"column":20},"end":{"line":80,"column":48}},"33":{"start":{"line":93,"column":0},"end":{"line":95,"column":null}},"34":{"start":{"line":94,"column":4},"end":{"line":94,"column":null}}},"fnMap":{"0":{"name":"checkAndMergeFavorites","decl":{"start":{"line":17,"column":9},"end":{"line":17,"column":32}},"loc":{"start":{"line":17,"column":48},"end":{"line":67,"column":null}},"line":17},"1":{"name":"(anonymous_1)","decl":{"start":{"line":52,"column":20},"end":{"line":52,"column":37}},"loc":{"start":{"line":52,"column":37},"end":{"line":55,"column":null}},"line":52},"2":{"name":"(anonymous_2)","decl":{"start":{"line":56,"column":20},"end":{"line":56,"column":35}},"loc":{"start":{"line":56,"column":35},"end":{"line":60,"column":null}},"line":56},"3":{"name":"(anonymous_3)","decl":{"start":{"line":70,"column":4},"end":{"line":70,"column":12}},"loc":{"start":{"line":70,"column":22},"end":{"line":70,"column":null}},"line":70},"4":{"name":"(anonymous_4)","decl":{"start":{"line":71,"column":4},"end":{"line":71,"column":14}},"loc":{"start":{"line":71,"column":14},"end":{"line":75,"column":null}},"line":71},"5":{"name":"(anonymous_5)","decl":{"start":{"line":75,"column":8},"end":{"line":75,"column":null}},"loc":{"start":{"line":75,"column":8},"end":{"line":75,"column":null}},"line":75},"6":{"name":"setup","decl":{"start":{"line":76,"column":4},"end":{"line":76,"column":10}},"loc":{"start":{"line":76,"column":38},"end":{"line":84,"column":null}},"line":76},"7":{"name":"(anonymous_7)","decl":{"start":{"line":80,"column":20},"end":{"line":80,"column":34}},"loc":{"start":{"line":80,"column":20},"end":{"line":80,"column":48}},"line":80},"8":{"name":"(anonymous_8)","decl":{"start":{"line":93,"column":10},"end":{"line":93,"column":22}},"loc":{"start":{"line":93,"column":32},"end":{"line":95,"column":1}},"line":93}},"branchMap":{"0":{"loc":{"start":{"line":11,"column":16},"end":{"line":11,"column":null}},"type":"binary-expr","locations":[{"start":{"line":11,"column":16},"end":{"line":11,"column":52}},{"start":{"line":11,"column":52},"end":{"line":11,"column":null}}],"line":11},"1":{"loc":{"start":{"line":18,"column":4},"end":{"line":18,"column":null}},"type":"if","locations":[{"start":{"line":18,"column":4},"end":{"line":18,"column":null}},{"start":{},"end":{}}],"line":18},"2":{"loc":{"start":{"line":22,"column":8},"end":{"line":22,"column":null}},"type":"if","locations":[{"start":{"line":22,"column":8},"end":{"line":22,"column":null}},{"start":{},"end":{}}],"line":22},"3":{"loc":{"start":{"line":25,"column":8},"end":{"line":25,"column":null}},"type":"if","locations":[{"start":{"line":25,"column":8},"end":{"line":25,"column":null}},{"start":{},"end":{}}],"line":25},"4":{"loc":{"start":{"line":25,"column":12},"end":{"line":25,"column":75}},"type":"binary-expr","locations":[{"start":{"line":25,"column":12},"end":{"line":25,"column":46}},{"start":{"line":25,"column":46},"end":{"line":25,"column":75}}],"line":25},"5":{"loc":{"start":{"line":30,"column":8},"end":{"line":63,"column":null}},"type":"if","locations":[{"start":{"line":30,"column":8},"end":{"line":63,"column":null}},{"start":{},"end":{}}],"line":30},"6":{"loc":{"start":{"line":36,"column":16},"end":{"line":40,"column":null}},"type":"if","locations":[{"start":{"line":36,"column":16},"end":{"line":40,"column":null}},{"start":{"line":38,"column":23},"end":{"line":40,"column":null}}],"line":36},"7":{"loc":{"start":{"line":36,"column":20},"end":{"line":36,"column":42}},"type":"binary-expr","locations":[{"start":{"line":36,"column":20},"end":{"line":36,"column":30}},{"start":{"line":36,"column":30},"end":{"line":36,"column":42}}],"line":36}},"s":{"0":0,"1":0,"2":0,"3":0,"4":0,"5":0,"6":0,"7":0,"8":0,"9":0,"10":0,"11":0,"12":0,"13":0,"14":0,"15":0,"16":0,"17":0,"18":0,"19":0,"20":0,"21":0,"22":0,"23":0,"24":0,"25":0,"26":0,"27":0,"28":0,"29":0,"30":0,"31":0,"32":0,"33":0,"34":0},"f":{"0":0,"1":0,"2":0,"3":0,"4":0,"5":0,"6":0,"7":0,"8":0},"b":{"0":[0,0],"1":[0,0],"2":[0,0],"3":[0,0],"4":[0,0],"5":[0,0],"6":[0,0],"7":[0,0]},"meta":{"lastBranch":8,"lastFunction":9,"lastStatement":35,"seen":{"s:11:16:11:Infinity":0,"b:11:16:11:52:11:52:11:Infinity":0,"s:14:20:14:Infinity":1,"s:15:22:15:Infinity":2,"f:17:9:17:32":0,"b:18:4:18:Infinity:undefined:undefined:undefined:undefined":1,"s:18:4:18:Infinity":3,"s:18:25:18:Infinity":4,"s:20:4:66:Infinity":5,"s:21:23:21:Infinity":6,"b:22:8:22:Infinity:undefined:undefined:undefined:undefined":2,"s:22:8:22:Infinity":7,"s:22:21:22:Infinity":8,"s:24:31:24:Infinity":9,"b:25:8:25:Infinity:undefined:undefined:undefined:undefined":3,"s:25:8:25:Infinity":10,"b:25:12:25:46:25:46:25:75":4,"s:25:75:25:Infinity":11,"s:28:25:28:Infinity":12,"b:30:8:63:Infinity:undefined:undefined:undefined:undefined":5,"s:30:8:63:Infinity":13,"s:32:34:32:Infinity":14,"s:33:34:33:Infinity":15,"s:35:12:41:Infinity":16,"b:36:16:40:Infinity:38:23:40:Infinity":6,"s:36:16:40:Infinity":17,"b:36:20:36:30:36:30:36:42":7,"s:37:20:37:Infinity":18,"s:39:20:39:Infinity":19,"s:44:12:44:Infinity":20,"s:47:12:62:Infinity":21,"f:52:20:52:37":1,"s:54:24:54:Infinity":22,"f:56:20:56:35":2,"s:58:24:58:Infinity":23,"s:59:24:59:Infinity":24,"s:65:8:65:Infinity":25,"s:69:0:90:Infinity":26,"f:70:4:70:12":3,"s:70:22:70:Infinity":27,"f:71:4:71:14":4,"s:71:14:75:Infinity":28,"f:75:8:75:Infinity":5,"s:75:8:75:Infinity":29,"f:76:4:76:10":6,"s:78:8:78:Infinity":30,"s:80:8:83:Infinity":31,"f:80:20:80:34":7,"s:80:20:80:48":32,"s:93:0:95:Infinity":33,"f:93:10:93:22":8,"s:94:4:94:Infinity":34},"fnNames":{}}}
,"/home/alaw989/Sites/ipop360/resources/js/ssr.ts": {"path":"/home/alaw989/Sites/ipop360/resources/js/ssr.ts","statementMap":{"0":{"start":{"line":8,"column":16},"end":{"line":8,"column":null}},"1":{"start":{"line":10,"column":0},"end":{"line":29,"column":null}},"2":{"start":{"line":10,"column":14},"end":{"line":28,"column":null}},"3":{"start":{"line":14,"column":26},"end":{"line":14,"column":null}},"4":{"start":{"line":15,"column":18},"end":{"line":19,"column":null}},"5":{"start":{"line":19,"column":12},"end":{"line":19,"column":null}},"6":{"start":{"line":21,"column":12},"end":{"line":26,"column":null}},"7":{"start":{"line":21,"column":34},"end":{"line":21,"column":62}}},"fnMap":{"0":{"name":"(anonymous_0)","decl":{"start":{"line":10,"column":0},"end":{"line":10,"column":14}},"loc":{"start":{"line":10,"column":14},"end":{"line":28,"column":null}},"line":10},"1":{"name":"(anonymous_1)","decl":{"start":{"line":14,"column":8},"end":{"line":14,"column":16}},"loc":{"start":{"line":14,"column":26},"end":{"line":14,"column":null}},"line":14},"2":{"name":"(anonymous_2)","decl":{"start":{"line":15,"column":8},"end":{"line":15,"column":18}},"loc":{"start":{"line":15,"column":18},"end":{"line":19,"column":null}},"line":15},"3":{"name":"(anonymous_3)","decl":{"start":{"line":19,"column":12},"end":{"line":19,"column":null}},"loc":{"start":{"line":19,"column":12},"end":{"line":19,"column":null}},"line":19},"4":{"name":"setup","decl":{"start":{"line":20,"column":8},"end":{"line":20,"column":14}},"loc":{"start":{"line":20,"column":38},"end":{"line":27,"column":null}},"line":20},"5":{"name":"(anonymous_5)","decl":{"start":{"line":21,"column":34},"end":{"line":21,"column":48}},"loc":{"start":{"line":21,"column":34},"end":{"line":21,"column":62}},"line":21}},"branchMap":{"0":{"loc":{"start":{"line":8,"column":16},"end":{"line":8,"column":null}},"type":"binary-expr","locations":[{"start":{"line":8,"column":16},"end":{"line":8,"column":52}},{"start":{"line":8,"column":52},"end":{"line":8,"column":null}}],"line":8}},"s":{"0":0,"1":0,"2":0,"3":0,"4":0,"5":0,"6":0,"7":0},"f":{"0":0,"1":0,"2":0,"3":0,"4":0,"5":0},"b":{"0":[0,0]},"meta":{"lastBranch":1,"lastFunction":6,"lastStatement":8,"seen":{"s:8:16:8:Infinity":0,"b:8:16:8:52:8:52:8:Infinity":0,"s:10:0:29:Infinity":1,"f:10:0:10:14":0,"s:10:14:28:Infinity":2,"f:14:8:14:16":1,"s:14:26:14:Infinity":3,"f:15:8:15:18":2,"s:15:18:19:Infinity":4,"f:19:12:19:Infinity":3,"s:19:12:19:Infinity":5,"f:20:8:20:14":4,"s:21:12:26:Infinity":6,"f:21:34:21:48":5,"s:21:34:21:62":7},"fnNames":{}}}
,"/home/alaw989/Sites/ipop360/resources/js/Components/AppFooter.vue": {"path":"/home/alaw989/Sites/ipop360/resources/js/Components/AppFooter.vue","statementMap":{"0":{"start":{"line":6,"column":12},"end":{"line":6,"column":null}},"1":{"start":{"line":7,"column":13},"end":{"line":7,"column":null}},"2":{"start":{"line":8,"column":17},"end":{"line":8,"column":null}},"3":{"start":{"line":13,"column":21},"end":{"line":13,"column":null}},"4":{"start":{"line":51,"column":17},"end":{"line":51,"column":null}},"5":{"start":{"line":6,"column":4},"end":{"line":61,"column":24}},"6":{"start":{"line":16,"column":20},"end":{"line":16,"column":27}},"7":{"start":{"line":19,"column":20},"end":{"line":19,"column":27}},"8":{"start":{"line":22,"column":20},"end":{"line":22,"column":27}},"9":{"start":{"line":25,"column":20},"end":{"line":25,"column":27}},"10":{"start":{"line":32,"column":20},"end":{"line":32,"column":27}},"11":{"start":{"line":41,"column":20},"end":{"line":41,"column":27}},"12":{"start":{"line":48,"column":20},"end":{"line":48,"column":27}}},"fnMap":{"0":{"name":"(anonymous_0)","decl":{"start":{"line":16,"column":20},"end":{"line":16,"column":27}},"loc":{"start":{"line":16,"column":20},"end":{"line":16,"column":27}},"line":16},"1":{"name":"(anonymous_1)","decl":{"start":{"line":19,"column":20},"end":{"line":19,"column":27}},"loc":{"start":{"line":19,"column":20},"end":{"line":19,"column":27}},"line":19},"2":{"name":"(anonymous_2)","decl":{"start":{"line":22,"column":20},"end":{"line":22,"column":27}},"loc":{"start":{"line":22,"column":20},"end":{"line":22,"column":27}},"line":22},"3":{"name":"(anonymous_3)","decl":{"start":{"line":25,"column":20},"end":{"line":25,"column":27}},"loc":{"start":{"line":25,"column":20},"end":{"line":25,"column":27}},"line":25},"4":{"name":"(anonymous_4)","decl":{"start":{"line":32,"column":20},"end":{"line":32,"column":27}},"loc":{"start":{"line":32,"column":20},"end":{"line":32,"column":27}},"line":32},"5":{"name":"(anonymous_5)","decl":{"start":{"line":41,"column":20},"end":{"line":41,"column":27}},"loc":{"start":{"line":41,"column":20},"end":{"line":41,"column":27}},"line":41},"6":{"name":"(anonymous_6)","decl":{"start":{"line":48,"column":20},"end":{"line":48,"column":27}},"loc":{"start":{"line":48,"column":20},"end":{"line":48,"column":27}},"line":48}},"branchMap":{"0":{"loc":{"start":{"line":50,"column":18},"end":{"line":13,"column":21}},"type":"binary-expr","locations":[{"start":{"line":50,"column":18},"end":{"line":50,"column":null}},{"start":{"line":50,"column":18},"end":{"line":13,"column":21}}],"line":50},"1":{"loc":{"start":{"line":16,"column":20},"end":{"line":16,"column":27}},"type":"binary-expr","locations":[{"start":{"line":16,"column":20},"end":{"line":16,"column":27}},{"start":{"line":16,"column":20},"end":{"line":16,"column":27}}],"line":16},"2":{"loc":{"start":{"line":19,"column":20},"end":{"line":19,"column":27}},"type":"binary-expr","locations":[{"start":{"line":19,"column":20},"end":{"line":19,"column":27}},{"start":{"line":19,"column":20},"end":{"line":19,"column":27}}],"line":19},"3":{"loc":{"start":{"line":22,"column":20},"end":{"line":22,"column":27}},"type":"binary-expr","locations":[{"start":{"line":22,"column":20},"end":{"line":22,"column":27}},{"start":{"line":22,"column":20},"end":{"line":22,"column":27}}],"line":22},"4":{"loc":{"start":{"line":25,"column":20},"end":{"line":25,"column":27}},"type":"binary-expr","locations":[{"start":{"line":25,"column":20},"end":{"line":25,"column":27}},{"start":{"line":25,"column":20},"end":{"line":25,"column":27}}],"line":25},"5":{"loc":{"start":{"line":27,"column":30},"end":{"line":32,"column":27}},"type":"cond-expr","locations":[{"start":{"line":27,"column":48},"end":{"line":32,"column":27}}],"line":27},"6":{"loc":{"start":{"line":32,"column":20},"end":{"line":32,"column":27}},"type":"binary-expr","locations":[{"start":{"line":32,"column":20},"end":{"line":32,"column":27}},{"start":{"line":32,"column":20},"end":{"line":32,"column":27}}],"line":32},"7":{"loc":{"start":{"line":34,"column":30},"end":{"line":48,"column":27}},"type":"cond-expr","locations":[{"start":{"line":34,"column":48},"end":{"line":42,"column":null}},{"start":{"line":42,"column":20},"end":{"line":48,"column":27}}],"line":34},"8":{"loc":{"start":{"line":41,"column":20},"end":{"line":41,"column":27}},"type":"binary-expr","locations":[{"start":{"line":41,"column":20},"end":{"line":41,"column":27}},{"start":{"line":41,"column":20},"end":{"line":41,"column":27}}],"line":41},"9":{"loc":{"start":{"line":48,"column":20},"end":{"line":48,"column":27}},"type":"binary-expr","locations":[{"start":{"line":48,"column":20},"end":{"line":48,"column":27}},{"start":{"line":48,"column":20},"end":{"line":48,"column":27}}],"line":48},"10":{"loc":{"start":{"line":52,"column":86},"end":{"line":61,"column":24}},"type":"binary-expr","locations":[{"start":{"line":52,"column":86},"end":{"line":52,"column":90}},{"start":{"line":52,"column":86},"end":{"line":61,"column":24}}],"line":52}},"s":{"0":11,"1":11,"2":11,"3":11,"4":11,"5":4,"6":4,"7":4,"8":4,"9":4,"10":0,"11":0,"12":4},"f":{"0":4,"1":4,"2":4,"3":4,"4":0,"5":0,"6":4},"b":{"0":[4,4],"1":[4,4],"2":[4,4],"3":[4,4],"4":[4,4],"5":[0],"6":[0,0],"7":[0,4],"8":[0,0],"9":[4,4],"10":[4,4]},"meta":{"lastBranch":11,"lastFunction":7,"lastStatement":13,"seen":{"s:6:12:6:Infinity":0,"s:7:13:7:Infinity":1,"s:8:17:8:Infinity":2,"s:13:21:13:Infinity":3,"s:51:17:51:Infinity":4,"s:6:4:61:24":5,"b:50:18:50:Infinity:50:18:13:21":0,"f:16:20:16:27":0,"s:16:20:16:27":6,"b:16:20:16:27:16:20:16:27":1,"f:19:20:19:27":1,"s:19:20:19:27":7,"b:19:20:19:27:19:20:19:27":2,"f:22:20:22:27":2,"s:22:20:22:27":8,"b:22:20:22:27:22:20:22:27":3,"f:25:20:25:27":3,"s:25:20:25:27":9,"b:25:20:25:27:25:20:25:27":4,"b:27:48:32:27":5,"f:32:20:32:27":4,"s:32:20:32:27":10,"b:32:20:32:27:32:20:32:27":6,"b:34:48:42:Infinity:42:20:48:27":7,"f:41:20:41:27":5,"s:41:20:41:27":11,"b:41:20:41:27:41:20:41:27":8,"f:48:20:48:27":6,"s:48:20:48:27":12,"b:48:20:48:27:48:20:48:27":9,"b:52:86:52:90:52:86:61:24":10},"fnNames":{}}}
,"/home/alaw989/Sites/ipop360/resources/js/Components/ApplicationLogo.vue": {"path":"/home/alaw989/Sites/ipop360/resources/js/Components/ApplicationLogo.vue","statementMap":{"0":{"start":{"line":2,"column":4},"end":{"line":4,"column":null}}},"fnMap":{},"branchMap":{"0":{"loc":{"start":{"line":6,"column":10},"end":{"line":4,"column":null}},"type":"binary-expr","locations":[{"start":{"line":6,"column":10},"end":{"line":6,"column":null}},{"start":{"line":6,"column":10},"end":{"line":4,"column":null}}],"line":6}},"s":{"0":0},"f":{},"b":{"0":[0,0]},"meta":{"lastBranch":1,"lastFunction":0,"lastStatement":1,"seen":{"s:2:4:4:Infinity":0,"b:6:10:6:Infinity:6:10:4:Infinity":0},"fnNames":{}}}
,"/home/alaw989/Sites/ipop360/resources/js/Components/BlogEditor.vue": {"path":"/home/alaw989/Sites/ipop360/resources/js/Components/BlogEditor.vue","statementMap":{"0":{"start":{"line":10,"column":14},"end":{"line":10,"column":null}},"1":{"start":{"line":14,"column":13},"end":{"line":14,"column":null}},"2":{"start":{"line":18,"column":6},"end":{"line":35,"column":null}},"3":{"start":{"line":33,"column":8},"end":{"line":33,"column":null}},"4":{"start":{"line":37,"column":0},"end":{"line":44,"column":null}},"5":{"start":{"line":38,"column":10},"end":{"line":38,"column":null}},"6":{"start":{"line":40,"column":8},"end":{"line":42,"column":null}},"7":{"start":{"line":41,"column":12},"end":{"line":41,"column":null}},"8":{"start":{"line":47,"column":4},"end":{"line":47,"column":null}},"9":{"start":{"line":47,"column":23},"end":{"line":47,"column":null}},"10":{"start":{"line":49,"column":22},"end":{"line":49,"column":null}},"11":{"start":{"line":50,"column":4},"end":{"line":56,"column":null}},"12":{"start":{"line":51,"column":20},"end":{"line":51,"column":null}},"13":{"start":{"line":52,"column":8},"end":{"line":54,"column":null}},"14":{"start":{"line":53,"column":12},"end":{"line":53,"column":null}},"15":{"start":{"line":55,"column":8},"end":{"line":55,"column":null}},"16":{"start":{"line":58,"column":21},"end":{"line":58,"column":null}},"17":{"start":{"line":58,"column":55},"end":{"line":58,"column":80}},"18":{"start":{"line":59,"column":4},"end":{"line":66,"column":null}},"19":{"start":{"line":60,"column":8},"end":{"line":60,"column":null}},"20":{"start":{"line":62,"column":20},"end":{"line":62,"column":null}},"21":{"start":{"line":63,"column":8},"end":{"line":65,"column":null}},"22":{"start":{"line":64,"column":12},"end":{"line":64,"column":null}},"23":{"start":{"line":70,"column":16},"end":{"line":70,"column":null}},"24":{"start":{"line":71,"column":4},"end":{"line":73,"column":null}},"25":{"start":{"line":72,"column":8},"end":{"line":72,"column":null}},"26":{"start":{"line":77,"column":4},"end":{"line":77,"column":null}},"27":{"start":{"line":80,"column":0},"end":{"line":82,"column":null}},"28":{"start":{"line":81,"column":4},"end":{"line":81,"column":null}},"29":{"start":{"line":86,"column":9},"end":{"line":86,"column":null}},"30":{"start":{"line":87,"column":13},"end":{"line":87,"column":null}},"31":{"start":{"line":86,"column":4},"end":{"line":176,"column":null}},"32":{"start":{"line":93,"column":36},"end":{"line":93,"column":null}},"33":{"start":{"line":102,"column":36},"end":{"line":102,"column":null}},"34":{"start":{"line":112,"column":36},"end":{"line":112,"column":null}},"35":{"start":{"line":121,"column":36},"end":{"line":121,"column":null}},"36":{"start":{"line":131,"column":36},"end":{"line":131,"column":null}},"37":{"start":{"line":140,"column":36},"end":{"line":140,"column":null}},"38":{"start":{"line":149,"column":36},"end":{"line":149,"column":null}}},"fnMap":{"0":{"name":"(anonymous_0)","decl":{"start":{"line":32,"column":4},"end":{"line":32,"column":15}},"loc":{"start":{"line":32,"column":30},"end":{"line":34,"column":null}},"line":32},"1":{"name":"(anonymous_1)","decl":{"start":{"line":37,"column":0},"end":{"line":37,"column":null}},"loc":{"start":{"line":38,"column":10},"end":{"line":38,"column":null}},"line":38},"2":{"name":"(anonymous_2)","decl":{"start":{"line":38,"column":16},"end":{"line":38,"column":null}},"loc":{"start":{"line":39,"column":15},"end":{"line":43,"column":null}},"line":39},"3":{"name":"toggleLink","decl":{"start":{"line":46,"column":9},"end":{"line":46,"column":28}},"loc":{"start":{"line":46,"column":28},"end":{"line":67,"column":null}},"line":46},"4":{"name":"(anonymous_4)","decl":{"start":{"line":58,"column":40},"end":{"line":58,"column":46}},"loc":{"start":{"line":58,"column":55},"end":{"line":58,"column":80}},"line":58},"5":{"name":"addImage","decl":{"start":{"line":69,"column":9},"end":{"line":69,"column":26}},"loc":{"start":{"line":69,"column":26},"end":{"line":74,"column":null}},"line":69},"6":{"name":"isActive","decl":{"start":{"line":76,"column":9},"end":{"line":76,"column":18}},"loc":{"start":{"line":76,"column":74},"end":{"line":78,"column":null}},"line":76},"7":{"name":"(anonymous_7)","decl":{"start":{"line":80,"column":0},"end":{"line":80,"column":22}},"loc":{"start":{"line":80,"column":22},"end":{"line":82,"column":1}},"line":80},"8":{"name":"(anonymous_8)","decl":{"start":{"line":93,"column":26},"end":{"line":93,"column":36}},"loc":{"start":{"line":93,"column":36},"end":{"line":93,"column":null}},"line":93},"9":{"name":"(anonymous_9)","decl":{"start":{"line":102,"column":26},"end":{"line":102,"column":36}},"loc":{"start":{"line":102,"column":36},"end":{"line":102,"column":null}},"line":102},"10":{"name":"(anonymous_10)","decl":{"start":{"line":112,"column":26},"end":{"line":112,"column":36}},"loc":{"start":{"line":112,"column":36},"end":{"line":112,"column":null}},"line":112},"11":{"name":"(anonymous_11)","decl":{"start":{"line":121,"column":26},"end":{"line":121,"column":36}},"loc":{"start":{"line":121,"column":36},"end":{"line":121,"column":null}},"line":121},"12":{"name":"(anonymous_12)","decl":{"start":{"line":131,"column":26},"end":{"line":131,"column":36}},"loc":{"start":{"line":131,"column":36},"end":{"line":131,"column":null}},"line":131},"13":{"name":"(anonymous_13)","decl":{"start":{"line":140,"column":26},"end":{"line":140,"column":36}},"loc":{"start":{"line":140,"column":36},"end":{"line":140,"column":null}},"line":140},"14":{"name":"(anonymous_14)","decl":{"start":{"line":149,"column":26},"end":{"line":149,"column":36}},"loc":{"start":{"line":149,"column":36},"end":{"line":149,"column":null}},"line":149}},"branchMap":{"0":{"loc":{"start":{"line":40,"column":8},"end":{"line":42,"column":null}},"type":"if","locations":[{"start":{"line":40,"column":8},"end":{"line":42,"column":null}},{"start":{},"end":{}}],"line":40},"1":{"loc":{"start":{"line":40,"column":12},"end":{"line":40,"column":62}},"type":"binary-expr","locations":[{"start":{"line":40,"column":12},"end":{"line":40,"column":28}},{"start":{"line":40,"column":28},"end":{"line":40,"column":62}}],"line":40},"2":{"loc":{"start":{"line":47,"column":4},"end":{"line":47,"column":null}},"type":"if","locations":[{"start":{"line":47,"column":4},"end":{"line":47,"column":null}},{"start":{},"end":{}}],"line":47},"3":{"loc":{"start":{"line":50,"column":4},"end":{"line":56,"column":null}},"type":"if","locations":[{"start":{"line":50,"column":4},"end":{"line":56,"column":null}},{"start":{},"end":{}}],"line":50},"4":{"loc":{"start":{"line":52,"column":8},"end":{"line":54,"column":null}},"type":"if","locations":[{"start":{"line":52,"column":8},"end":{"line":54,"column":null}},{"start":{},"end":{}}],"line":52},"5":{"loc":{"start":{"line":59,"column":4},"end":{"line":66,"column":null}},"type":"if","locations":[{"start":{"line":59,"column":4},"end":{"line":66,"column":null}},{"start":{"line":61,"column":11},"end":{"line":66,"column":null}}],"line":59},"6":{"loc":{"start":{"line":63,"column":8},"end":{"line":65,"column":null}},"type":"if","locations":[{"start":{"line":63,"column":8},"end":{"line":65,"column":null}},{"start":{},"end":{}}],"line":63},"7":{"loc":{"start":{"line":71,"column":4},"end":{"line":73,"column":null}},"type":"if","locations":[{"start":{"line":71,"column":4},"end":{"line":73,"column":null}},{"start":{},"end":{}}],"line":71},"8":{"loc":{"start":{"line":71,"column":8},"end":{"line":71,"column":29}},"type":"binary-expr","locations":[{"start":{"line":71,"column":8},"end":{"line":71,"column":15}},{"start":{"line":71,"column":15},"end":{"line":71,"column":29}}],"line":71},"9":{"loc":{"start":{"line":77,"column":11},"end":{"line":77,"column":null}},"type":"binary-expr","locations":[{"start":{"line":77,"column":11},"end":{"line":77,"column":50}},{"start":{"line":77,"column":50},"end":{"line":77,"column":null}}],"line":77},"10":{"loc":{"start":{"line":93,"column":26},"end":{"line":93,"column":null}},"type":"binary-expr","locations":[{"start":{"line":93,"column":26},"end":{"line":93,"column":36}},{"start":{"line":93,"column":26},"end":{"line":93,"column":null}}],"line":93},"11":{"loc":{"start":{"line":102,"column":26},"end":{"line":102,"column":null}},"type":"binary-expr","locations":[{"start":{"line":102,"column":26},"end":{"line":102,"column":36}},{"start":{"line":102,"column":26},"end":{"line":102,"column":null}}],"line":102},"12":{"loc":{"start":{"line":106,"column":12},"end":{"line":106,"column":77}},"type":"binary-expr","locations":[{"start":{"line":106,"column":12},"end":{"line":106,"column":18}},{"start":{"line":106,"column":12},"end":{"line":106,"column":77}}],"line":106},"13":{"loc":{"start":{"line":112,"column":26},"end":{"line":112,"column":null}},"type":"binary-expr","locations":[{"start":{"line":112,"column":26},"end":{"line":112,"column":36}},{"start":{"line":112,"column":26},"end":{"line":112,"column":null}}],"line":112},"14":{"loc":{"start":{"line":121,"column":26},"end":{"line":121,"column":null}},"type":"binary-expr","locations":[{"start":{"line":121,"column":26},"end":{"line":121,"column":36}},{"start":{"line":121,"column":26},"end":{"line":121,"column":null}}],"line":121},"15":{"loc":{"start":{"line":125,"column":12},"end":{"line":125,"column":77}},"type":"binary-expr","locations":[{"start":{"line":125,"column":12},"end":{"line":125,"column":18}},{"start":{"line":125,"column":12},"end":{"line":125,"column":77}}],"line":125},"16":{"loc":{"start":{"line":131,"column":26},"end":{"line":131,"column":null}},"type":"binary-expr","locations":[{"start":{"line":131,"column":26},"end":{"line":131,"column":36}},{"start":{"line":131,"column":26},"end":{"line":131,"column":null}}],"line":131},"17":{"loc":{"start":{"line":140,"column":26},"end":{"line":140,"column":null}},"type":"binary-expr","locations":[{"start":{"line":140,"column":26},"end":{"line":140,"column":36}},{"start":{"line":140,"column":26},"end":{"line":140,"column":null}}],"line":140},"18":{"loc":{"start":{"line":149,"column":26},"end":{"line":149,"column":null}},"type":"binary-expr","locations":[{"start":{"line":149,"column":26},"end":{"line":149,"column":36}},{"start":{"line":149,"column":26},"end":{"line":149,"column":null}}],"line":149},"19":{"loc":{"start":{"line":153,"column":12},"end":{"line":153,"column":77}},"type":"binary-expr","locations":[{"start":{"line":153,"column":12},"end":{"line":153,"column":18}},{"start":{"line":153,"column":12},"end":{"line":153,"column":77}}],"line":153},"20":{"loc":{"start":{"line":174,"column":18},"end":{"line":176,"column":null}},"type":"cond-expr","locations":[{"start":{"line":174,"column":18},"end":{"line":176,"column":null}}],"line":174}},"s":{"0":33,"1":33,"2":33,"3":33,"4":33,"5":34,"6":1,"7":1,"8":5,"9":0,"10":5,"11":5,"12":2,"13":2,"14":1,"15":2,"16":3,"17":1,"18":5,"19":1,"20":2,"21":2,"22":1,"23":2,"24":2,"25":1,"26":272,"27":33,"28":1,"29":2,"30":2,"31":34,"32":1,"33":1,"34":1,"35":1,"36":1,"37":1,"38":1},"f":{"0":33,"1":34,"2":1,"3":5,"4":1,"5":2,"6":272,"7":1,"8":1,"9":1,"10":1,"11":1,"12":1,"13":1,"14":1},"b":{"0":[1,0],"1":[1,1],"2":[0,5],"3":[2,3],"4":[1,1],"5":[1,2],"6":[1,1],"7":[1,1],"8":[2,1],"9":[272,0],"10":[34,33],"11":[34,33],"12":[34,33],"13":[34,33],"14":[34,33],"15":[34,33],"16":[34,33],"17":[34,33],"18":[34,33],"19":[34,33],"20":[34]},"meta":{"lastBranch":21,"lastFunction":15,"lastStatement":39,"seen":{"s:10:14:10:Infinity":0,"s:14:13:14:Infinity":1,"s:18:6:35:Infinity":2,"f:32:4:32:15":0,"s:33:8:33:Infinity":3,"s:37:0:44:Infinity":4,"f:37:0:37:Infinity":1,"s:38:10:38:Infinity":5,"f:38:16:38:Infinity":2,"b:40:8:42:Infinity:undefined:undefined:undefined:undefined":0,"s:40:8:42:Infinity":6,"b:40:12:40:28:40:28:40:62":1,"s:41:12:41:Infinity":7,"f:46:9:46:28":3,"b:47:4:47:Infinity:undefined:undefined:undefined:undefined":2,"s:47:4:47:Infinity":8,"s:47:23:47:Infinity":9,"s:49:22:49:Infinity":10,"b:50:4:56:Infinity:undefined:undefined:undefined:undefined":3,"s:50:4:56:Infinity":11,"s:51:20:51:Infinity":12,"b:52:8:54:Infinity:undefined:undefined:undefined:undefined":4,"s:52:8:54:Infinity":13,"s:53:12:53:Infinity":14,"s:55:8:55:Infinity":15,"s:58:21:58:Infinity":16,"f:58:40:58:46":4,"s:58:55:58:80":17,"b:59:4:66:Infinity:61:11:66:Infinity":5,"s:59:4:66:Infinity":18,"s:60:8:60:Infinity":19,"s:62:20:62:Infinity":20,"b:63:8:65:Infinity:undefined:undefined:undefined:undefined":6,"s:63:8:65:Infinity":21,"s:64:12:64:Infinity":22,"f:69:9:69:26":5,"s:70:16:70:Infinity":23,"b:71:4:73:Infinity:undefined:undefined:undefined:undefined":7,"s:71:4:73:Infinity":24,"b:71:8:71:15:71:15:71:29":8,"s:72:8:72:Infinity":25,"f:76:9:76:18":6,"s:77:4:77:Infinity":26,"b:77:11:77:50:77:50:77:Infinity":9,"s:80:0:82:Infinity":27,"f:80:0:80:22":7,"s:81:4:81:Infinity":28,"s:86:9:86:Infinity":29,"s:87:13:87:Infinity":30,"s:86:4:176:Infinity":31,"b:93:26:93:36:93:26:93:Infinity":10,"f:93:26:93:36":8,"s:93:36:93:Infinity":32,"b:102:26:102:36:102:26:102:Infinity":11,"f:102:26:102:36":9,"s:102:36:102:Infinity":33,"b:106:12:106:18:106:12:106:77":12,"b:112:26:112:36:112:26:112:Infinity":13,"f:112:26:112:36":10,"s:112:36:112:Infinity":34,"b:121:26:121:36:121:26:121:Infinity":14,"f:121:26:121:36":11,"s:121:36:121:Infinity":35,"b:125:12:125:18:125:12:125:77":15,"b:131:26:131:36:131:26:131:Infinity":16,"f:131:26:131:36":12,"s:131:36:131:Infinity":36,"b:140:26:140:36:140:26:140:Infinity":17,"f:140:26:140:36":13,"s:140:36:140:Infinity":37,"b:149:26:149:36:149:26:149:Infinity":18,"f:149:26:149:36":14,"s:149:36:149:Infinity":38,"b:153:12:153:18:153:12:153:77":19,"b:174:18:176:Infinity":20},"fnNames":{}}}
,"/home/alaw989/Sites/ipop360/resources/js/Components/BlogPreview.vue": {"path":"/home/alaw989/Sites/ipop360/resources/js/Components/BlogPreview.vue","statementMap":{"0":{"start":{"line":20,"column":4},"end":{"line":20,"column":null}},"1":{"start":{"line":20,"column":16},"end":{"line":20,"column":null}},"2":{"start":{"line":21,"column":4},"end":{"line":21,"column":null}},"3":{"start":{"line":27,"column":13},"end":{"line":27,"column":null}},"4":{"start":{"line":41,"column":13},"end":{"line":41,"column":null}},"5":{"start":{"line":57,"column":27},"end":{"line":57,"column":null}},"6":{"start":{"line":61,"column":28},"end":{"line":61,"column":94}},"7":{"start":{"line":62,"column":27},"end":{"line":62,"column":86}},"8":{"start":{"line":26,"column":19},"end":{"line":62,"column":105}},"9":{"start":{"line":37,"column":16},"end":{"line":37,"column":46}},"10":{"start":{"line":42,"column":12},"end":{"line":62,"column":105}},"11":{"start":{"line":64,"column":23},"end":{"line":62,"column":105}},"12":{"start":{"line":55,"column":26},"end":{"line":62,"column":105}},"13":{"start":{"line":60,"column":28},"end":{"line":62,"column":105}}},"fnMap":{"0":{"name":"formatDate","decl":{"start":{"line":19,"column":9},"end":{"line":19,"column":20}},"loc":{"start":{"line":19,"column":50},"end":{"line":22,"column":null}},"line":19},"1":{"name":"(anonymous_1)","decl":{"start":{"line":37,"column":16},"end":{"line":37,"column":28}},"loc":{"start":{"line":37,"column":16},"end":{"line":37,"column":46}},"line":37},"2":{"name":"(anonymous_2)","decl":{"start":{"line":43,"column":31},"end":{"line":43,"column":null}},"loc":{"start":{"line":43,"column":27},"end":{"line":62,"column":105}},"line":43},"3":{"name":"(anonymous_3)","decl":{"start":{"line":64,"column":23},"end":{"line":64,"column":null}},"loc":{"start":{"line":64,"column":23},"end":{"line":62,"column":105}},"line":64},"4":{"name":"(anonymous_4)","decl":{"start":{"line":55,"column":26},"end":{"line":55,"column":null}},"loc":{"start":{"line":55,"column":26},"end":{"line":62,"column":105}},"line":55},"5":{"name":"(anonymous_5)","decl":{"start":{"line":60,"column":28},"end":{"line":60,"column":null}},"loc":{"start":{"line":60,"column":28},"end":{"line":62,"column":105}},"line":60}},"branchMap":{"0":{"loc":{"start":{"line":20,"column":4},"end":{"line":20,"column":null}},"type":"if","locations":[{"start":{"line":20,"column":4},"end":{"line":20,"column":null}},{"start":{},"end":{}}],"line":20},"1":{"loc":{"start":{"line":26,"column":19},"end":{"line":62,"column":105}},"type":"cond-expr","locations":[{"start":{"line":26,"column":31},"end":{"line":62,"column":105}}],"line":26},"2":{"loc":{"start":{"line":39,"column":14},"end":{"line":32,"column":null}},"type":"binary-expr","locations":[{"start":{"line":39,"column":14},"end":{"line":39,"column":null}},{"start":{"line":39,"column":14},"end":{"line":32,"column":null}}],"line":39},"3":{"loc":{"start":{"line":37,"column":16},"end":{"line":37,"column":28}},"type":"binary-expr","locations":[{"start":{"line":37,"column":16},"end":{"line":37,"column":28}},{"start":{"line":37,"column":16},"end":{"line":37,"column":28}}],"line":37},"4":{"loc":{"start":{"line":48,"column":31},"end":{"line":56,"column":33}},"type":"cond-expr","locations":[{"start":{"line":48,"column":36},"end":{"line":56,"column":33}},{"start":{"line":56,"column":20},"end":{"line":56,"column":33}}],"line":48}},"s":{"0":12,"1":1,"2":11,"3":2,"4":2,"5":2,"6":2,"7":2,"8":11,"9":10,"10":12,"11":12,"12":12,"13":12},"f":{"0":12,"1":10,"2":12,"3":12,"4":12,"5":12},"b":{"0":[1,11],"1":[10],"2":[10,10],"3":[10,10],"4":[1,11]},"meta":{"lastBranch":5,"lastFunction":6,"lastStatement":14,"seen":{"f:19:9:19:20":0,"b:20:4:20:Infinity:undefined:undefined:undefined:undefined":0,"s:20:4:20:Infinity":0,"s:20:16:20:Infinity":1,"s:21:4:21:Infinity":2,"s:27:13:27:Infinity":3,"s:41:13:41:Infinity":4,"s:57:27:57:Infinity":5,"s:61:28:61:94":6,"s:62:27:62:86":7,"s:26:19:62:105":8,"b:26:31:62:105":1,"b:39:14:39:Infinity:39:14:32:Infinity":2,"f:37:16:37:28":1,"s:37:16:37:46":9,"b:37:16:37:28:37:16:37:28":3,"f:43:31:43:Infinity":2,"s:42:12:62:105":10,"f:64:23:64:Infinity":3,"s:64:23:62:105":11,"f:55:26:55:Infinity":4,"s:55:26:62:105":12,"b:48:36:56:33:56:20:56:33":4,"f:60:28:60:Infinity":5,"s:60:28:62:105":13},"fnNames":{}}}
,"/home/alaw989/Sites/ipop360/resources/js/Components/BrandLogo.vue": {"path":"/home/alaw989/Sites/ipop360/resources/js/Components/BrandLogo.vue","statementMap":{"0":{"start":{"line":19,"column":6},"end":{"line":19,"column":null}},"1":{"start":{"line":22,"column":4},"end":{"line":22,"column":null}},"2":{"start":{"line":27,"column":10},"end":{"line":27,"column":null}},"3":{"start":{"line":27,"column":4},"end":{"line":44,"column":23}}},"fnMap":{"0":{"name":"onImgError","decl":{"start":{"line":21,"column":9},"end":{"line":21,"column":22}},"loc":{"start":{"line":21,"column":22},"end":{"line":23,"column":null}},"line":21}},"branchMap":{"0":{"loc":{"start":{"line":37,"column":18},"end":{"line":40,"column":23}},"type":"cond-expr","locations":[{"start":{"line":37,"column":30},"end":{"line":40,"column":23}},{"start":{"line":40,"column":16},"end":{"line":40,"column":23}}],"line":37},"1":{"loc":{"start":{"line":37,"column":18},"end":{"line":37,"column":null}},"type":"binary-expr","locations":[{"start":{"line":37,"column":18},"end":{"line":37,"column":30}},{"start":{"line":37,"column":30},"end":{"line":37,"column":null}}],"line":37},"2":{"loc":{"start":{"line":42,"column":19},"end":{"line":44,"column":23}},"type":"cond-expr","locations":[{"start":{"line":42,"column":19},"end":{"line":44,"column":23}},{"start":{"line":44,"column":16},"end":{"line":44,"column":23}}],"line":42}},"s":{"0":0,"1":0,"2":12,"3":0},"f":{"0":0},"b":{"0":[0,0],"1":[0,0],"2":[0,0]},"meta":{"lastBranch":3,"lastFunction":1,"lastStatement":4,"seen":{"s:19:6:19:Infinity":0,"f:21:9:21:22":0,"s:22:4:22:Infinity":1,"s:27:10:27:Infinity":2,"s:27:4:44:23":3,"b:37:30:40:23:40:16:40:23":0,"b:37:18:37:30:37:30:37:Infinity":1,"b:42:19:44:23:44:16:44:23":2},"fnNames":{}}}
,"/home/alaw989/Sites/ipop360/resources/js/Components/CardGallery.vue": {"path":"/home/alaw989/Sites/ipop360/resources/js/Components/CardGallery.vue","statementMap":{"0":{"start":{"line":6,"column":14},"end":{"line":6,"column":null}},"1":{"start":{"line":22,"column":53},"end":{"line":22,"column":null}},"2":{"start":{"line":22,"column":83},"end":{"line":22,"column":95}},"3":{"start":{"line":24,"column":6},"end":{"line":24,"column":null}},"4":{"start":{"line":24,"column":37},"end":{"line":24,"column":75}},"5":{"start":{"line":26,"column":6},"end":{"line":28,"column":null}},"6":{"start":{"line":27,"column":4},"end":{"line":27,"column":null}},"7":{"start":{"line":32,"column":6},"end":{"line":32,"column":null}},"8":{"start":{"line":32,"column":34},"end":{"line":32,"column":37}},"9":{"start":{"line":33,"column":6},"end":{"line":33,"column":null}},"10":{"start":{"line":33,"column":35},"end":{"line":33,"column":69}},"11":{"start":{"line":36,"column":6},"end":{"line":39,"column":null}},"12":{"start":{"line":38,"column":4},"end":{"line":38,"column":null}},"13":{"start":{"line":42,"column":6},"end":{"line":42,"column":null}},"14":{"start":{"line":45,"column":4},"end":{"line":45,"column":null}},"15":{"start":{"line":52,"column":6},"end":{"line":52,"column":null}},"16":{"start":{"line":53,"column":6},"end":{"line":53,"column":null}},"17":{"start":{"line":54,"column":50},"end":{"line":54,"column":null}},"18":{"start":{"line":57,"column":4},"end":{"line":57,"column":null}},"19":{"start":{"line":57,"column":24},"end":{"line":57,"column":null}},"20":{"start":{"line":58,"column":4},"end":{"line":58,"column":null}},"21":{"start":{"line":59,"column":4},"end":{"line":59,"column":null}},"22":{"start":{"line":60,"column":4},"end":{"line":60,"column":null}},"23":{"start":{"line":64,"column":4},"end":{"line":64,"column":null}},"24":{"start":{"line":64,"column":30},"end":{"line":64,"column":null}},"25":{"start":{"line":65,"column":4},"end":{"line":65,"column":null}},"26":{"start":{"line":66,"column":4},"end":{"line":66,"column":null}},"27":{"start":{"line":69,"column":0},"end":{"line":85,"column":null}},"28":{"start":{"line":70,"column":4},"end":{"line":70,"column":null}},"29":{"start":{"line":71,"column":4},"end":{"line":71,"column":null}},"30":{"start":{"line":74,"column":4},"end":{"line":84,"column":null}},"31":{"start":{"line":75,"column":8},"end":{"line":82,"column":null}},"32":{"start":{"line":77,"column":16},"end":{"line":79,"column":null}},"33":{"start":{"line":78,"column":20},"end":{"line":78,"column":null}},"34":{"start":{"line":78,"column":42},"end":{"line":78,"column":null}},"35":{"start":{"line":83,"column":8},"end":{"line":83,"column":null}},"36":{"start":{"line":87,"column":0},"end":{"line":90,"column":null}},"37":{"start":{"line":88,"column":4},"end":{"line":88,"column":null}},"38":{"start":{"line":89,"column":4},"end":{"line":89,"column":null}},"39":{"start":{"line":196,"column":22},"end":{"line":196,"column":null}},"40":{"start":{"line":94,"column":4},"end":{"line":197,"column":null}},"41":{"start":{"line":98,"column":20},"end":{"line":98,"column":null}},"42":{"start":{"line":100,"column":21},"end":{"line":100,"column":null}},"43":{"start":{"line":101,"column":18},"end":{"line":101,"column":null}},"44":{"start":{"line":102,"column":22},"end":{"line":102,"column":null}},"45":{"start":{"line":126,"column":8},"end":{"line":137,"column":null}},"46":{"start":{"line":156,"column":32},"end":{"line":156,"column":36}},"47":{"start":{"line":164,"column":32},"end":{"line":164,"column":36}},"48":{"start":{"line":172,"column":32},"end":{"line":172,"column":36}},"49":{"start":{"line":181,"column":32},"end":{"line":181,"column":36}},"50":{"start":{"line":190,"column":16},"end":{"line":194,"column":null}}},"fnMap":{"0":{"name":"(anonymous_0)","decl":{"start":{"line":22,"column":62},"end":{"line":22,"column":83}},"loc":{"start":{"line":22,"column":83},"end":{"line":22,"column":95}},"line":22},"1":{"name":"(anonymous_1)","decl":{"start":{"line":24,"column":22},"end":{"line":24,"column":37}},"loc":{"start":{"line":24,"column":37},"end":{"line":24,"column":75}},"line":24},"2":{"name":"(anonymous_2)","decl":{"start":{"line":26,"column":20},"end":{"line":26,"column":null}},"loc":{"start":{"line":27,"column":4},"end":{"line":27,"column":null}},"line":27},"3":{"name":"(anonymous_3)","decl":{"start":{"line":32,"column":19},"end":{"line":32,"column":34}},"loc":{"start":{"line":32,"column":34},"end":{"line":32,"column":37}},"line":32},"4":{"name":"(anonymous_4)","decl":{"start":{"line":33,"column":20},"end":{"line":33,"column":35}},"loc":{"start":{"line":33,"column":35},"end":{"line":33,"column":69}},"line":33},"5":{"name":"(anonymous_5)","decl":{"start":{"line":36,"column":19},"end":{"line":36,"column":34}},"loc":{"start":{"line":36,"column":34},"end":{"line":39,"column":1}},"line":36},"6":{"name":"updateHoverCapability","decl":{"start":{"line":44,"column":9},"end":{"line":44,"column":33}},"loc":{"start":{"line":44,"column":33},"end":{"line":46,"column":null}},"line":44},"7":{"name":"expandNow","decl":{"start":{"line":56,"column":9},"end":{"line":56,"column":21}},"loc":{"start":{"line":56,"column":21},"end":{"line":61,"column":null}},"line":56},"8":{"name":"handleEnter","decl":{"start":{"line":63,"column":9},"end":{"line":63,"column":23}},"loc":{"start":{"line":63,"column":23},"end":{"line":67,"column":null}},"line":63},"9":{"name":"(anonymous_9)","decl":{"start":{"line":69,"column":0},"end":{"line":69,"column":16}},"loc":{"start":{"line":69,"column":16},"end":{"line":85,"column":1}},"line":69},"10":{"name":"(anonymous_10)","decl":{"start":{"line":75,"column":29},"end":{"line":75,"column":null}},"loc":{"start":{"line":76,"column":25},"end":{"line":80,"column":null}},"line":76},"11":{"name":"(anonymous_11)","decl":{"start":{"line":87,"column":0},"end":{"line":87,"column":18}},"loc":{"start":{"line":87,"column":18},"end":{"line":90,"column":1}},"line":87},"12":{"name":"(anonymous_12)","decl":{"start":{"line":98,"column":18},"end":{"line":98,"column":20}},"loc":{"start":{"line":98,"column":20},"end":{"line":98,"column":null}},"line":98},"13":{"name":"(anonymous_13)","decl":{"start":{"line":100,"column":19},"end":{"line":100,"column":21}},"loc":{"start":{"line":100,"column":21},"end":{"line":100,"column":null}},"line":100},"14":{"name":"(anonymous_14)","decl":{"start":{"line":101,"column":16},"end":{"line":101,"column":18}},"loc":{"start":{"line":101,"column":18},"end":{"line":101,"column":null}},"line":101},"15":{"name":"(anonymous_15)","decl":{"start":{"line":102,"column":20},"end":{"line":102,"column":22}},"loc":{"start":{"line":102,"column":22},"end":{"line":102,"column":null}},"line":102},"16":{"name":"(anonymous_16)","decl":{"start":{"line":127,"column":55},"end":{"line":127,"column":null}},"loc":{"start":{"line":127,"column":26},"end":{"line":137,"column":null}},"line":127},"17":{"name":"(anonymous_17)","decl":{"start":{"line":156,"column":22},"end":{"line":156,"column":32}},"loc":{"start":{"line":156,"column":32},"end":{"line":156,"column":36}},"line":156},"18":{"name":"(anonymous_18)","decl":{"start":{"line":164,"column":22},"end":{"line":164,"column":32}},"loc":{"start":{"line":164,"column":32},"end":{"line":164,"column":36}},"line":164},"19":{"name":"(anonymous_19)","decl":{"start":{"line":172,"column":22},"end":{"line":172,"column":32}},"loc":{"start":{"line":172,"column":32},"end":{"line":172,"column":36}},"line":172},"20":{"name":"(anonymous_20)","decl":{"start":{"line":181,"column":22},"end":{"line":181,"column":32}},"loc":{"start":{"line":181,"column":32},"end":{"line":181,"column":36}},"line":181},"21":{"name":"(anonymous_21)","decl":{"start":{"line":191,"column":37},"end":{"line":191,"column":null}},"loc":{"start":{"line":191,"column":32},"end":{"line":194,"column":null}},"line":191}},"branchMap":{"0":{"loc":{"start":{"line":24,"column":37},"end":{"line":24,"column":75}},"type":"binary-expr","locations":[{"start":{"line":24,"column":37},"end":{"line":24,"column":52}},{"start":{"line":24,"column":52},"end":{"line":24,"column":75}}],"line":24},"1":{"loc":{"start":{"line":27,"column":4},"end":{"line":27,"column":null}},"type":"cond-expr","locations":[{"start":{"line":27,"column":29},"end":{"line":27,"column":46}},{"start":{"line":27,"column":46},"end":{"line":27,"column":null}}],"line":27},"2":{"loc":{"start":{"line":33,"column":35},"end":{"line":33,"column":69}},"type":"cond-expr","locations":[{"start":{"line":33,"column":60},"end":{"line":33,"column":66}},{"start":{"line":33,"column":66},"end":{"line":33,"column":69}}],"line":33},"3":{"loc":{"start":{"line":57,"column":4},"end":{"line":57,"column":null}},"type":"if","locations":[{"start":{"line":57,"column":4},"end":{"line":57,"column":null}},{"start":{},"end":{}}],"line":57},"4":{"loc":{"start":{"line":64,"column":4},"end":{"line":64,"column":null}},"type":"if","locations":[{"start":{"line":64,"column":4},"end":{"line":64,"column":null}},{"start":{},"end":{}}],"line":64},"5":{"loc":{"start":{"line":74,"column":4},"end":{"line":84,"column":null}},"type":"if","locations":[{"start":{"line":74,"column":4},"end":{"line":84,"column":null}},{"start":{},"end":{}}],"line":74},"6":{"loc":{"start":{"line":74,"column":8},"end":{"line":74,"column":86}},"type":"binary-expr","locations":[{"start":{"line":74,"column":8},"end":{"line":74,"column":31}},{"start":{"line":74,"column":31},"end":{"line":74,"column":52}},{"start":{"line":74,"column":52},"end":{"line":74,"column":86}}],"line":74},"7":{"loc":{"start":{"line":78,"column":20},"end":{"line":78,"column":null}},"type":"if","locations":[{"start":{"line":78,"column":20},"end":{"line":78,"column":null}},{"start":{},"end":{}}],"line":78},"8":{"loc":{"start":{"line":98,"column":18},"end":{"line":98,"column":null}},"type":"binary-expr","locations":[{"start":{"line":98,"column":18},"end":{"line":98,"column":20}},{"start":{"line":98,"column":18},"end":{"line":98,"column":null}}],"line":98},"9":{"loc":{"start":{"line":98,"column":20},"end":{"line":98,"column":null}},"type":"binary-expr","locations":[{"start":{"line":98,"column":20},"end":{"line":98,"column":37}},{"start":{"line":98,"column":37},"end":{"line":98,"column":49}},{"start":{"line":98,"column":49},"end":{"line":98,"column":null}}],"line":98},"10":{"loc":{"start":{"line":100,"column":19},"end":{"line":100,"column":null}},"type":"binary-expr","locations":[{"start":{"line":100,"column":19},"end":{"line":100,"column":21}},{"start":{"line":100,"column":19},"end":{"line":100,"column":null}}],"line":100},"11":{"loc":{"start":{"line":100,"column":21},"end":{"line":100,"column":null}},"type":"binary-expr","locations":[{"start":{"line":100,"column":21},"end":{"line":100,"column":38}},{"start":{"line":100,"column":38},"end":{"line":100,"column":null}}],"line":100},"12":{"loc":{"start":{"line":101,"column":16},"end":{"line":101,"column":null}},"type":"binary-expr","locations":[{"start":{"line":101,"column":16},"end":{"line":101,"column":18}},{"start":{"line":101,"column":16},"end":{"line":101,"column":null}}],"line":101},"13":{"loc":{"start":{"line":101,"column":18},"end":{"line":101,"column":null}},"type":"binary-expr","locations":[{"start":{"line":101,"column":18},"end":{"line":101,"column":35}},{"start":{"line":101,"column":35},"end":{"line":101,"column":null}}],"line":101},"14":{"loc":{"start":{"line":102,"column":20},"end":{"line":102,"column":null}},"type":"binary-expr","locations":[{"start":{"line":102,"column":20},"end":{"line":102,"column":22}},{"start":{"line":102,"column":20},"end":{"line":102,"column":null}}],"line":102},"15":{"loc":{"start":{"line":102,"column":22},"end":{"line":102,"column":null}},"type":"binary-expr","locations":[{"start":{"line":102,"column":22},"end":{"line":102,"column":39}},{"start":{"line":102,"column":39},"end":{"line":102,"column":null}}],"line":102},"16":{"loc":{"start":{"line":107,"column":20},"end":{"line":107,"column":null}},"type":"cond-expr","locations":[{"start":{"line":107,"column":26},"end":{"line":107,"column":null}},{"start":{"line":107,"column":70},"end":{"line":107,"column":null}}],"line":107},"17":{"loc":{"start":{"line":112,"column":18},"end":{"line":122,"column":null}},"type":"cond-expr","locations":[{"start":{"line":112,"column":24},"end":{"line":122,"column":null}}],"line":112},"18":{"loc":{"start":{"line":118,"column":22},"end":{"line":118,"column":null}},"type":"cond-expr","locations":[{"start":{"line":118,"column":27},"end":{"line":118,"column":null}},{"start":{"line":118,"column":27},"end":{"line":118,"column":null}}],"line":118},"19":{"loc":{"start":{"line":119,"column":28},"end":{"line":119,"column":null}},"type":"cond-expr","locations":[{"start":{"line":119,"column":33},"end":{"line":119,"column":null}},{"start":{"line":119,"column":33},"end":{"line":119,"column":null}}],"line":119},"20":{"loc":{"start":{"line":122,"column":20},"end":{"line":122,"column":null}},"type":"cond-expr","locations":[{"start":{"line":122,"column":31},"end":{"line":122,"column":null}},{"start":{"line":122,"column":31},"end":{"line":122,"column":null}}],"line":122},"21":{"loc":{"start":{"line":127,"column":32},"end":{"line":127,"column":null}},"type":"cond-expr","locations":[{"start":{"line":127,"column":43},"end":{"line":127,"column":null}},{"start":{"line":127,"column":55},"end":{"line":127,"column":null}}],"line":127},"22":{"loc":{"start":{"line":137,"column":20},"end":{"line":137,"column":null}},"type":"cond-expr","locations":[{"start":{"line":137,"column":37},"end":{"line":137,"column":null}},{"start":{"line":137,"column":37},"end":{"line":137,"column":null}}],"line":137},"23":{"loc":{"start":{"line":141,"column":8},"end":{"line":142,"column":null}},"type":"binary-expr","locations":[{"start":{"line":141,"column":8},"end":{"line":141,"column":null}},{"start":{"line":141,"column":8},"end":{"line":142,"column":null}}],"line":141},"24":{"loc":{"start":{"line":149,"column":24},"end":{"line":197,"column":null}},"type":"cond-expr","locations":[{"start":{"line":149,"column":24},"end":{"line":197,"column":null}}],"line":149},"25":{"loc":{"start":{"line":156,"column":22},"end":{"line":156,"column":null}},"type":"binary-expr","locations":[{"start":{"line":156,"column":22},"end":{"line":156,"column":32}},{"start":{"line":156,"column":22},"end":{"line":156,"column":null}}],"line":156},"26":{"loc":{"start":{"line":156,"column":32},"end":{"line":156,"column":36}},"type":"binary-expr","locations":[{"start":{"line":156,"column":32},"end":{"line":156,"column":36}},{"start":{"line":156,"column":32},"end":{"line":156,"column":36}}],"line":156},"27":{"loc":{"start":{"line":164,"column":22},"end":{"line":164,"column":null}},"type":"binary-expr","locations":[{"start":{"line":164,"column":22},"end":{"line":164,"column":32}},{"start":{"line":164,"column":22},"end":{"line":164,"column":null}}],"line":164},"28":{"loc":{"start":{"line":164,"column":32},"end":{"line":164,"column":36}},"type":"binary-expr","locations":[{"start":{"line":164,"column":32},"end":{"line":164,"column":36}},{"start":{"line":164,"column":32},"end":{"line":164,"column":36}}],"line":164},"29":{"loc":{"start":{"line":172,"column":22},"end":{"line":172,"column":null}},"type":"binary-expr","locations":[{"start":{"line":172,"column":22},"end":{"line":172,"column":32}},{"start":{"line":172,"column":22},"end":{"line":172,"column":null}}],"line":172},"30":{"loc":{"start":{"line":172,"column":32},"end":{"line":172,"column":36}},"type":"binary-expr","locations":[{"start":{"line":172,"column":32},"end":{"line":172,"column":36}},{"start":{"line":172,"column":32},"end":{"line":172,"column":36}}],"line":172},"31":{"loc":{"start":{"line":181,"column":22},"end":{"line":181,"column":null}},"type":"binary-expr","locations":[{"start":{"line":181,"column":22},"end":{"line":181,"column":32}},{"start":{"line":181,"column":22},"end":{"line":181,"column":null}}],"line":181},"32":{"loc":{"start":{"line":181,"column":32},"end":{"line":181,"column":36}},"type":"binary-expr","locations":[{"start":{"line":181,"column":32},"end":{"line":181,"column":36}},{"start":{"line":181,"column":32},"end":{"line":181,"column":36}}],"line":181},"33":{"loc":{"start":{"line":188,"column":24},"end":{"line":188,"column":null}},"type":"cond-expr","locations":[{"start":{"line":188,"column":32},"end":{"line":188,"column":null}},{"start":{"line":188,"column":32},"end":{"line":188,"column":null}}],"line":188},"34":{"loc":{"start":{"line":194,"column":28},"end":{"line":194,"column":null}},"type":"cond-expr","locations":[{"start":{"line":194,"column":45},"end":{"line":194,"column":null}},{"start":{"line":194,"column":45},"end":{"line":194,"column":null}}],"line":194}},"s":{"0":39,"1":39,"2":0,"3":39,"4":39,"5":39,"6":39,"7":39,"8":29,"9":39,"10":29,"11":39,"12":29,"13":39,"14":39,"15":39,"16":39,"17":39,"18":3,"19":0,"20":3,"21":3,"22":3,"23":4,"24":1,"25":3,"26":3,"27":39,"28":39,"29":39,"30":39,"31":17,"32":0,"33":0,"34":0,"35":17,"36":39,"37":1,"38":1,"39":6,"40":172,"41":2,"42":2,"43":0,"44":0,"45":4,"46":1,"47":1,"48":1,"49":1,"50":202},"f":{"0":0,"1":39,"2":39,"3":29,"4":29,"5":29,"6":39,"7":3,"8":4,"9":39,"10":0,"11":1,"12":2,"13":2,"14":0,"15":0,"16":4,"17":1,"18":1,"19":1,"20":1,"21":202},"b":{"0":[39,37],"1":[2,37],"2":[1,28],"3":[0,3],"4":[1,3],"5":[17,22],"6":[39,17,17],"7":[0,0],"8":[172,39],"9":[2,2,1],"10":[172,39],"11":[2,1],"12":[172,39],"13":[0,0],"14":[172,39],"15":[0,0],"16":[10,162],"17":[162],"18":[9,153],"19":[9,153],"20":[95,67],"21":[3,169],"22":[0,4],"23":[172,39],"24":[82],"25":[82,17],"26":[1,1],"27":[82,17],"28":[1,1],"29":[82,17],"30":[1,1],"31":[82,17],"32":[1,1],"33":[82,0],"34":[77,125]},"meta":{"lastBranch":35,"lastFunction":22,"lastStatement":51,"seen":{"s:6:14:6:Infinity":0,"s:22:53:22:Infinity":1,"f:22:62:22:83":0,"s:22:83:22:95":2,"s:24:6:24:Infinity":3,"f:24:22:24:37":1,"s:24:37:24:75":4,"b:24:37:24:52:24:52:24:75":0,"s:26:6:28:Infinity":5,"f:26:20:26:Infinity":2,"s:27:4:27:Infinity":6,"b:27:29:27:46:27:46:27:Infinity":1,"s:32:6:32:Infinity":7,"f:32:19:32:34":3,"s:32:34:32:37":8,"s:33:6:33:Infinity":9,"f:33:20:33:35":4,"s:33:35:33:69":10,"b:33:60:33:66:33:66:33:69":2,"s:36:6:39:Infinity":11,"f:36:19:36:34":5,"s:38:4:38:Infinity":12,"s:42:6:42:Infinity":13,"f:44:9:44:33":6,"s:45:4:45:Infinity":14,"s:52:6:52:Infinity":15,"s:53:6:53:Infinity":16,"s:54:50:54:Infinity":17,"f:56:9:56:21":7,"b:57:4:57:Infinity:undefined:undefined:undefined:undefined":3,"s:57:4:57:Infinity":18,"s:57:24:57:Infinity":19,"s:58:4:58:Infinity":20,"s:59:4:59:Infinity":21,"s:60:4:60:Infinity":22,"f:63:9:63:23":8,"b:64:4:64:Infinity:undefined:undefined:undefined:undefined":4,"s:64:4:64:Infinity":23,"s:64:30:64:Infinity":24,"s:65:4:65:Infinity":25,"s:66:4:66:Infinity":26,"s:69:0:85:Infinity":27,"f:69:0:69:16":9,"s:70:4:70:Infinity":28,"s:71:4:71:Infinity":29,"b:74:4:84:Infinity:undefined:undefined:undefined:undefined":5,"s:74:4:84:Infinity":30,"b:74:8:74:31:74:31:74:52:74:52:74:86":6,"s:75:8:82:Infinity":31,"f:75:29:75:Infinity":10,"s:77:16:79:Infinity":32,"b:78:20:78:Infinity:undefined:undefined:undefined:undefined":7,"s:78:20:78:Infinity":33,"s:78:42:78:Infinity":34,"s:83:8:83:Infinity":35,"s:87:0:90:Infinity":36,"f:87:0:87:18":11,"s:88:4:88:Infinity":37,"s:89:4:89:Infinity":38,"s:196:22:196:Infinity":39,"s:94:4:197:Infinity":40,"b:98:18:98:20:98:18:98:Infinity":8,"f:98:18:98:20":12,"s:98:20:98:Infinity":41,"b:98:20:98:37:98:37:98:49:98:49:98:Infinity":9,"b:100:19:100:21:100:19:100:Infinity":10,"f:100:19:100:21":13,"s:100:21:100:Infinity":42,"b:100:21:100:38:100:38:100:Infinity":11,"b:101:16:101:18:101:16:101:Infinity":12,"f:101:16:101:18":14,"s:101:18:101:Infinity":43,"b:101:18:101:35:101:35:101:Infinity":13,"b:102:20:102:22:102:20:102:Infinity":14,"f:102:20:102:22":15,"s:102:22:102:Infinity":44,"b:102:22:102:39:102:39:102:Infinity":15,"b:107:26:107:Infinity:107:70:107:Infinity":16,"b:112:24:122:Infinity":17,"b:118:27:118:Infinity:118:27:118:Infinity":18,"b:119:33:119:Infinity:119:33:119:Infinity":19,"b:122:31:122:Infinity:122:31:122:Infinity":20,"b:127:43:127:Infinity:127:55:127:Infinity":21,"f:127:55:127:Infinity":16,"s:126:8:137:Infinity":45,"b:137:37:137:Infinity:137:37:137:Infinity":22,"b:141:8:141:Infinity:141:8:142:Infinity":23,"b:149:24:197:Infinity":24,"b:156:22:156:32:156:22:156:Infinity":25,"f:156:22:156:32":17,"s:156:32:156:36":46,"b:156:32:156:36:156:32:156:36":26,"b:164:22:164:32:164:22:164:Infinity":27,"f:164:22:164:32":18,"s:164:32:164:36":47,"b:164:32:164:36:164:32:164:36":28,"b:172:22:172:32:172:22:172:Infinity":29,"f:172:22:172:32":19,"s:172:32:172:36":48,"b:172:32:172:36:172:32:172:36":30,"b:181:22:181:32:181:22:181:Infinity":31,"f:181:22:181:32":20,"s:181:32:181:36":49,"b:181:32:181:36:181:32:181:36":32,"b:188:32:188:Infinity:188:32:188:Infinity":33,"f:191:37:191:Infinity":21,"s:190:16:194:Infinity":50,"b:194:45:194:Infinity:194:45:194:Infinity":34},"fnNames":{}}}
,"/home/alaw989/Sites/ipop360/resources/js/Components/CategoryGrid.vue": {"path":"/home/alaw989/Sites/ipop360/resources/js/Components/CategoryGrid.vue","statementMap":{"0":{"start":{"line":4,"column":14},"end":{"line":4,"column":null}},"1":{"start":{"line":17,"column":14},"end":{"line":17,"column":null}},"2":{"start":{"line":18,"column":4},"end":{"line":20,"column":null}},"3":{"start":{"line":19,"column":8},"end":{"line":19,"column":null}},"4":{"start":{"line":21,"column":4},"end":{"line":21,"column":null}},"5":{"start":{"line":26,"column":13},"end":{"line":26,"column":null}},"6":{"start":{"line":45,"column":22},"end":{"line":45,"column":42}},"7":{"start":{"line":46,"column":19},"end":{"line":46,"column":68}},"8":{"start":{"line":26,"column":4},"end":{"line":46,"column":88}},"9":{"start":{"line":29,"column":12},"end":{"line":35,"column":45}},"10":{"start":{"line":39,"column":12},"end":{"line":46,"column":88}}},"fnMap":{"0":{"name":"categoryHref","decl":{"start":{"line":16,"column":9},"end":{"line":16,"column":22}},"loc":{"start":{"line":16,"column":44},"end":{"line":22,"column":null}},"line":16},"1":{"name":"(anonymous_1)","decl":{"start":{"line":30,"column":28},"end":{"line":30,"column":null}},"loc":{"start":{"line":30,"column":24},"end":{"line":35,"column":45}},"line":30},"2":{"name":"(anonymous_2)","decl":{"start":{"line":40,"column":35},"end":{"line":40,"column":null}},"loc":{"start":{"line":40,"column":31},"end":{"line":46,"column":88}},"line":40}},"branchMap":{"0":{"loc":{"start":{"line":18,"column":4},"end":{"line":20,"column":null}},"type":"if","locations":[{"start":{"line":18,"column":4},"end":{"line":20,"column":null}},{"start":{},"end":{}}],"line":18},"1":{"loc":{"start":{"line":18,"column":8},"end":{"line":18,"column":48}},"type":"binary-expr","locations":[{"start":{"line":18,"column":8},"end":{"line":18,"column":29}},{"start":{"line":18,"column":29},"end":{"line":18,"column":48}}],"line":18},"2":{"loc":{"start":{"line":49,"column":14},"end":{"line":27,"column":78}},"type":"binary-expr","locations":[{"start":{"line":49,"column":14},"end":{"line":49,"column":null}},{"start":{"line":49,"column":14},"end":{"line":27,"column":78}}],"line":49},"3":{"loc":{"start":{"line":28,"column":19},"end":{"line":46,"column":88}},"type":"cond-expr","locations":[{"start":{"line":28,"column":19},"end":{"line":38,"column":20}},{"start":{"line":38,"column":8},"end":{"line":46,"column":88}}],"line":28}},"s":{"0":9,"1":12,"2":12,"3":2,"4":12,"5":2,"6":2,"7":2,"8":9,"9":16,"10":12},"f":{"0":12,"1":16,"2":12},"b":{"0":[2,10],"1":[12,2],"2":[9,9],"3":[2,7]},"meta":{"lastBranch":4,"lastFunction":3,"lastStatement":11,"seen":{"s:4:14:4:Infinity":0,"f:16:9:16:22":0,"s:17:14:17:Infinity":1,"b:18:4:20:Infinity:undefined:undefined:undefined:undefined":0,"s:18:4:20:Infinity":2,"b:18:8:18:29:18:29:18:48":1,"s:19:8:19:Infinity":3,"s:21:4:21:Infinity":4,"s:26:13:26:Infinity":5,"s:45:22:45:42":6,"s:46:19:46:68":7,"s:26:4:46:88":8,"b:49:14:49:Infinity:49:14:27:78":2,"b:28:19:38:20:38:8:46:88":3,"f:30:28:30:Infinity":1,"s:29:12:35:45":9,"f:40:35:40:Infinity":2,"s:39:12:46:88":10},"fnNames":{}}}
,"/home/alaw989/Sites/ipop360/resources/js/Components/Checkbox.vue": {"path":"/home/alaw989/Sites/ipop360/resources/js/Components/Checkbox.vue","statementMap":{"0":{"start":{"line":4,"column":13},"end":{"line":4,"column":null}},"1":{"start":{"line":6,"column":14},"end":{"line":6,"column":null}},"2":{"start":{"line":11,"column":6},"end":{"line":19,"column":null}},"3":{"start":{"line":13,"column":8},"end":{"line":13,"column":null}},"4":{"start":{"line":17,"column":8},"end":{"line":17,"column":null}},"5":{"start":{"line":23,"column":4},"end":{"line":26,"column":null}},"6":{"start":{"line":26,"column":17},"end":{"line":26,"column":null}}},"fnMap":{"0":{"name":"get","decl":{"start":{"line":12,"column":4},"end":{"line":12,"column":10}},"loc":{"start":{"line":12,"column":10},"end":{"line":14,"column":null}},"line":12},"1":{"name":"set","decl":{"start":{"line":16,"column":4},"end":{"line":16,"column":8}},"loc":{"start":{"line":16,"column":13},"end":{"line":18,"column":null}},"line":16},"2":{"name":"(anonymous_2)","decl":{"start":{"line":26,"column":17},"end":{"line":26,"column":29}},"loc":{"start":{"line":26,"column":17},"end":{"line":26,"column":null}},"line":26}},"branchMap":{"0":{"loc":{"start":{"line":26,"column":17},"end":{"line":26,"column":null}},"type":"binary-expr","locations":[{"start":{"line":26,"column":17},"end":{"line":26,"column":29}},{"start":{"line":26,"column":17},"end":{"line":26,"column":null}}],"line":26}},"s":{"0":9,"1":9,"2":9,"3":10,"4":2,"5":10,"6":2},"f":{"0":10,"1":2,"2":2},"b":{"0":[10,9]},"meta":{"lastBranch":1,"lastFunction":3,"lastStatement":7,"seen":{"s:4:13:4:Infinity":0,"s:6:14:6:Infinity":1,"s:11:6:19:Infinity":2,"f:12:4:12:10":0,"s:13:8:13:Infinity":3,"f:16:4:16:8":1,"s:17:8:17:Infinity":4,"s:23:4:26:Infinity":5,"b:26:17:26:29:26:17:26:Infinity":0,"f:26:17:26:29":2,"s:26:17:26:Infinity":6},"fnNames":{}}}
,"/home/alaw989/Sites/ipop360/resources/js/Components/CuisinePicker.vue": {"path":"/home/alaw989/Sites/ipop360/resources/js/Components/CuisinePicker.vue","statementMap":{"0":{"start":{"line":30,"column":14},"end":{"line":30,"column":null}},"1":{"start":{"line":35,"column":13},"end":{"line":35,"column":null}},"2":{"start":{"line":39,"column":8},"end":{"line":39,"column":null}},"3":{"start":{"line":41,"column":6},"end":{"line":41,"column":null}},"4":{"start":{"line":42,"column":6},"end":{"line":42,"column":null}},"5":{"start":{"line":43,"column":6},"end":{"line":43,"column":null}},"6":{"start":{"line":45,"column":6},"end":{"line":45,"column":null}},"7":{"start":{"line":45,"column":35},"end":{"line":45,"column":71}},"8":{"start":{"line":48,"column":4},"end":{"line":48,"column":null}},"9":{"start":{"line":52,"column":16},"end":{"line":52,"column":null}},"10":{"start":{"line":53,"column":4},"end":{"line":53,"column":null}},"11":{"start":{"line":54,"column":4},"end":{"line":54,"column":null}},"12":{"start":{"line":55,"column":4},"end":{"line":55,"column":null}},"13":{"start":{"line":56,"column":4},"end":{"line":60,"column":null}},"14":{"start":{"line":64,"column":4},"end":{"line":64,"column":null}},"15":{"start":{"line":65,"column":4},"end":{"line":65,"column":null}},"16":{"start":{"line":66,"column":4},"end":{"line":66,"column":null}},"17":{"start":{"line":67,"column":4},"end":{"line":70,"column":null}},"18":{"start":{"line":74,"column":4},"end":{"line":74,"column":null}},"19":{"start":{"line":78,"column":4},"end":{"line":78,"column":null}},"20":{"start":{"line":79,"column":4},"end":{"line":79,"column":null}},"21":{"start":{"line":80,"column":4},"end":{"line":80,"column":null}},"22":{"start":{"line":81,"column":4},"end":{"line":81,"column":null}},"23":{"start":{"line":84,"column":6},"end":{"line":90,"column":null}},"24":{"start":{"line":84,"column":38},"end":{"line":90,"column":1}},"25":{"start":{"line":105,"column":17},"end":{"line":105,"column":null}},"26":{"start":{"line":128,"column":34},"end":{"line":128,"column":50}},"27":{"start":{"line":129,"column":34},"end":{"line":129,"column":52}},"28":{"start":{"line":130,"column":34},"end":{"line":130,"column":75}},"29":{"start":{"line":152,"column":34},"end":{"line":152,"column":50}},"30":{"start":{"line":153,"column":34},"end":{"line":153,"column":54}},"31":{"start":{"line":161,"column":34},"end":{"line":161,"column":50}},"32":{"start":{"line":192,"column":34},"end":{"line":192,"column":50}},"33":{"start":{"line":193,"column":34},"end":{"line":193,"column":52}},"34":{"start":{"line":194,"column":34},"end":{"line":194,"column":75}},"35":{"start":{"line":216,"column":34},"end":{"line":216,"column":50}},"36":{"start":{"line":217,"column":34},"end":{"line":217,"column":54}},"37":{"start":{"line":225,"column":34},"end":{"line":225,"column":50}},"38":{"start":{"line":95,"column":41},"end":{"line":95,"column":null}},"39":{"start":{"line":103,"column":23},"end":{"line":162,"column":null}},"40":{"start":{"line":102,"column":21},"end":{"line":100,"column":204}},"41":{"start":{"line":116,"column":18},"end":{"line":162,"column":null}},"42":{"start":{"line":109,"column":28},"end":{"line":109,"column":null}},"43":{"start":{"line":118,"column":84},"end":{"line":136,"column":38}},"44":{"start":{"line":120,"column":69},"end":{"line":136,"column":38}},"45":{"start":{"line":120,"column":54},"end":{"line":120,"column":69}},"46":{"start":{"line":123,"column":53},"end":{"line":130,"column":104}},"47":{"start":{"line":122,"column":24},"end":{"line":130,"column":104}},"48":{"start":{"line":126,"column":37},"end":{"line":126,"column":null}},"49":{"start":{"line":128,"column":68},"end":{"line":130,"column":104}},"50":{"start":{"line":136,"column":38},"end":{"line":136,"column":38}},"51":{"start":{"line":136,"column":24},"end":{"line":136,"column":38}},"52":{"start":{"line":141,"column":109},"end":{"line":162,"column":null}},"53":{"start":{"line":143,"column":67},"end":{"line":162,"column":null}},"54":{"start":{"line":143,"column":52},"end":{"line":143,"column":67}},"55":{"start":{"line":147,"column":38},"end":{"line":162,"column":null}},"56":{"start":{"line":147,"column":24},"end":{"line":147,"column":38}},"57":{"start":{"line":150,"column":37},"end":{"line":150,"column":null}},"58":{"start":{"line":152,"column":78},"end":{"line":153,"column":89}},"59":{"start":{"line":155,"column":24},"end":{"line":162,"column":null}},"60":{"start":{"line":159,"column":37},"end":{"line":159,"column":null}},"61":{"start":{"line":161,"column":79},"end":{"line":162,"column":null}},"62":{"start":{"line":171,"column":34},"end":{"line":171,"column":null}},"63":{"start":{"line":179,"column":25},"end":{"line":226,"column":null}},"64":{"start":{"line":178,"column":21},"end":{"line":176,"column":204}},"65":{"start":{"line":203,"column":22},"end":{"line":226,"column":null}},"66":{"start":{"line":182,"column":84},"end":{"line":200,"column":38}},"67":{"start":{"line":184,"column":69},"end":{"line":200,"column":38}},"68":{"start":{"line":184,"column":54},"end":{"line":184,"column":69}},"69":{"start":{"line":187,"column":53},"end":{"line":194,"column":104}},"70":{"start":{"line":186,"column":24},"end":{"line":194,"column":104}},"71":{"start":{"line":190,"column":37},"end":{"line":190,"column":null}},"72":{"start":{"line":192,"column":68},"end":{"line":194,"column":104}},"73":{"start":{"line":200,"column":38},"end":{"line":200,"column":38}},"74":{"start":{"line":200,"column":24},"end":{"line":200,"column":38}},"75":{"start":{"line":205,"column":109},"end":{"line":226,"column":null}},"76":{"start":{"line":207,"column":67},"end":{"line":226,"column":null}},"77":{"start":{"line":207,"column":52},"end":{"line":207,"column":67}},"78":{"start":{"line":211,"column":38},"end":{"line":226,"column":null}},"79":{"start":{"line":211,"column":24},"end":{"line":211,"column":38}},"80":{"start":{"line":214,"column":37},"end":{"line":214,"column":null}},"81":{"start":{"line":216,"column":78},"end":{"line":217,"column":89}},"82":{"start":{"line":219,"column":24},"end":{"line":226,"column":null}},"83":{"start":{"line":223,"column":37},"end":{"line":223,"column":null}},"84":{"start":{"line":225,"column":79},"end":{"line":226,"column":null}}},"fnMap":{"0":{"name":"(anonymous_0)","decl":{"start":{"line":45,"column":20},"end":{"line":45,"column":35}},"loc":{"start":{"line":45,"column":35},"end":{"line":45,"column":71}},"line":45},"1":{"name":"selectCategory","decl":{"start":{"line":47,"column":9},"end":{"line":47,"column":24}},"loc":{"start":{"line":47,"column":39},"end":{"line":49,"column":null}},"line":47},"2":{"name":"selectCuisine","decl":{"start":{"line":51,"column":9},"end":{"line":51,"column":23}},"loc":{"start":{"line":51,"column":41},"end":{"line":61,"column":null}},"line":51},"3":{"name":"confirmCategory","decl":{"start":{"line":63,"column":9},"end":{"line":63,"column":25}},"loc":{"start":{"line":63,"column":40},"end":{"line":71,"column":null}},"line":63},"4":{"name":"goBack","decl":{"start":{"line":73,"column":9},"end":{"line":73,"column":18}},"loc":{"start":{"line":73,"column":18},"end":{"line":75,"column":null}},"line":73},"5":{"name":"clearSelection","decl":{"start":{"line":77,"column":9},"end":{"line":77,"column":26}},"loc":{"start":{"line":77,"column":26},"end":{"line":82,"column":null}},"line":77},"6":{"name":"(anonymous_6)","decl":{"start":{"line":84,"column":23},"end":{"line":84,"column":38}},"loc":{"start":{"line":84,"column":38},"end":{"line":90,"column":1}},"line":84},"7":{"name":"(anonymous_7)","decl":{"start":{"line":95,"column":41},"end":{"line":95,"column":45}},"loc":{"start":{"line":95,"column":41},"end":{"line":95,"column":null}},"line":95},"8":{"name":"(anonymous_8)","decl":{"start":{"line":103,"column":23},"end":{"line":103,"column":null}},"loc":{"start":{"line":103,"column":23},"end":{"line":162,"column":null}},"line":103},"9":{"name":"(anonymous_9)","decl":{"start":{"line":102,"column":21},"end":{"line":102,"column":null}},"loc":{"start":{"line":102,"column":21},"end":{"line":100,"column":204}},"line":102},"10":{"name":"(anonymous_10)","decl":{"start":{"line":104,"column":100},"end":{"line":104,"column":108}},"loc":{"start":{"line":104,"column":84},"end":{"line":104,"column":85}},"line":104},"11":{"name":"(anonymous_11)","decl":{"start":{"line":116,"column":18},"end":{"line":116,"column":null}},"loc":{"start":{"line":116,"column":18},"end":{"line":162,"column":null}},"line":116},"12":{"name":"(anonymous_12)","decl":{"start":{"line":109,"column":26},"end":{"line":109,"column":28}},"loc":{"start":{"line":109,"column":28},"end":{"line":109,"column":null}},"line":109},"13":{"name":"(anonymous_13)","decl":{"start":{"line":118,"column":84},"end":{"line":118,"column":null}},"loc":{"start":{"line":118,"column":84},"end":{"line":136,"column":38}},"line":118},"14":{"name":"(anonymous_14)","decl":{"start":{"line":120,"column":69},"end":{"line":120,"column":null}},"loc":{"start":{"line":120,"column":69},"end":{"line":136,"column":38}},"line":120},"15":{"name":"(anonymous_15)","decl":{"start":{"line":120,"column":54},"end":{"line":120,"column":69}},"loc":{"start":{"line":120,"column":54},"end":{"line":120,"column":69}},"line":120},"16":{"name":"(anonymous_16)","decl":{"start":{"line":123,"column":53},"end":{"line":123,"column":null}},"loc":{"start":{"line":123,"column":53},"end":{"line":130,"column":104}},"line":123},"17":{"name":"(anonymous_17)","decl":{"start":{"line":123,"column":42},"end":{"line":123,"column":53}},"loc":{"start":{"line":123,"column":38},"end":{"line":130,"column":104}},"line":123},"18":{"name":"(anonymous_18)","decl":{"start":{"line":126,"column":29},"end":{"line":126,"column":35}},"loc":{"start":{"line":126,"column":37},"end":{"line":126,"column":null}},"line":126},"19":{"name":"(anonymous_19)","decl":{"start":{"line":128,"column":68},"end":{"line":128,"column":null}},"loc":{"start":{"line":128,"column":68},"end":{"line":130,"column":104}},"line":128},"20":{"name":"(anonymous_20)","decl":{"start":{"line":136,"column":38},"end":{"line":136,"column":null}},"loc":{"start":{"line":136,"column":38},"end":{"line":136,"column":38}},"line":136},"21":{"name":"(anonymous_21)","decl":{"start":{"line":136,"column":24},"end":{"line":136,"column":38}},"loc":{"start":{"line":136,"column":24},"end":{"line":136,"column":38}},"line":136},"22":{"name":"(anonymous_22)","decl":{"start":{"line":141,"column":109},"end":{"line":141,"column":null}},"loc":{"start":{"line":141,"column":109},"end":{"line":162,"column":null}},"line":141},"23":{"name":"(anonymous_23)","decl":{"start":{"line":143,"column":67},"end":{"line":143,"column":null}},"loc":{"start":{"line":143,"column":67},"end":{"line":162,"column":null}},"line":143},"24":{"name":"(anonymous_24)","decl":{"start":{"line":143,"column":52},"end":{"line":143,"column":67}},"loc":{"start":{"line":143,"column":52},"end":{"line":143,"column":67}},"line":143},"25":{"name":"(anonymous_25)","decl":{"start":{"line":147,"column":38},"end":{"line":147,"column":null}},"loc":{"start":{"line":147,"column":38},"end":{"line":162,"column":null}},"line":147},"26":{"name":"(anonymous_26)","decl":{"start":{"line":147,"column":24},"end":{"line":147,"column":38}},"loc":{"start":{"line":147,"column":24},"end":{"line":147,"column":38}},"line":147},"27":{"name":"(anonymous_27)","decl":{"start":{"line":150,"column":35},"end":{"line":150,"column":37}},"loc":{"start":{"line":150,"column":37},"end":{"line":150,"column":null}},"line":150},"28":{"name":"(anonymous_28)","decl":{"start":{"line":152,"column":78},"end":{"line":152,"column":null}},"loc":{"start":{"line":152,"column":78},"end":{"line":153,"column":89}},"line":152},"29":{"name":"(anonymous_29)","decl":{"start":{"line":156,"column":60},"end":{"line":156,"column":null}},"loc":{"start":{"line":156,"column":42},"end":{"line":162,"column":null}},"line":156},"30":{"name":"(anonymous_30)","decl":{"start":{"line":159,"column":29},"end":{"line":159,"column":35}},"loc":{"start":{"line":159,"column":37},"end":{"line":159,"column":null}},"line":159},"31":{"name":"(anonymous_31)","decl":{"start":{"line":161,"column":79},"end":{"line":161,"column":null}},"loc":{"start":{"line":161,"column":79},"end":{"line":162,"column":null}},"line":161},"32":{"name":"(anonymous_32)","decl":{"start":{"line":171,"column":34},"end":{"line":171,"column":38}},"loc":{"start":{"line":171,"column":34},"end":{"line":171,"column":null}},"line":171},"33":{"name":"(anonymous_33)","decl":{"start":{"line":179,"column":25},"end":{"line":179,"column":null}},"loc":{"start":{"line":179,"column":25},"end":{"line":226,"column":null}},"line":179},"34":{"name":"(anonymous_34)","decl":{"start":{"line":178,"column":21},"end":{"line":178,"column":null}},"loc":{"start":{"line":178,"column":21},"end":{"line":176,"column":204}},"line":178},"35":{"name":"(anonymous_35)","decl":{"start":{"line":203,"column":22},"end":{"line":203,"column":null}},"loc":{"start":{"line":203,"column":22},"end":{"line":226,"column":null}},"line":203},"36":{"name":"(anonymous_36)","decl":{"start":{"line":182,"column":84},"end":{"line":182,"column":null}},"loc":{"start":{"line":182,"column":84},"end":{"line":200,"column":38}},"line":182},"37":{"name":"(anonymous_37)","decl":{"start":{"line":184,"column":69},"end":{"line":184,"column":null}},"loc":{"start":{"line":184,"column":69},"end":{"line":200,"column":38}},"line":184},"38":{"name":"(anonymous_38)","decl":{"start":{"line":184,"column":54},"end":{"line":184,"column":69}},"loc":{"start":{"line":184,"column":54},"end":{"line":184,"column":69}},"line":184},"39":{"name":"(anonymous_39)","decl":{"start":{"line":187,"column":53},"end":{"line":187,"column":null}},"loc":{"start":{"line":187,"column":53},"end":{"line":194,"column":104}},"line":187},"40":{"name":"(anonymous_40)","decl":{"start":{"line":187,"column":42},"end":{"line":187,"column":53}},"loc":{"start":{"line":187,"column":38},"end":{"line":194,"column":104}},"line":187},"41":{"name":"(anonymous_41)","decl":{"start":{"line":190,"column":29},"end":{"line":190,"column":35}},"loc":{"start":{"line":190,"column":37},"end":{"line":190,"column":null}},"line":190},"42":{"name":"(anonymous_42)","decl":{"start":{"line":192,"column":68},"end":{"line":192,"column":null}},"loc":{"start":{"line":192,"column":68},"end":{"line":194,"column":104}},"line":192},"43":{"name":"(anonymous_43)","decl":{"start":{"line":200,"column":38},"end":{"line":200,"column":null}},"loc":{"start":{"line":200,"column":38},"end":{"line":200,"column":38}},"line":200},"44":{"name":"(anonymous_44)","decl":{"start":{"line":200,"column":24},"end":{"line":200,"column":38}},"loc":{"start":{"line":200,"column":24},"end":{"line":200,"column":38}},"line":200},"45":{"name":"(anonymous_45)","decl":{"start":{"line":205,"column":109},"end":{"line":205,"column":null}},"loc":{"start":{"line":205,"column":109},"end":{"line":226,"column":null}},"line":205},"46":{"name":"(anonymous_46)","decl":{"start":{"line":207,"column":67},"end":{"line":207,"column":null}},"loc":{"start":{"line":207,"column":67},"end":{"line":226,"column":null}},"line":207},"47":{"name":"(anonymous_47)","decl":{"start":{"line":207,"column":52},"end":{"line":207,"column":67}},"loc":{"start":{"line":207,"column":52},"end":{"line":207,"column":67}},"line":207},"48":{"name":"(anonymous_48)","decl":{"start":{"line":211,"column":38},"end":{"line":211,"column":null}},"loc":{"start":{"line":211,"column":38},"end":{"line":226,"column":null}},"line":211},"49":{"name":"(anonymous_49)","decl":{"start":{"line":211,"column":24},"end":{"line":211,"column":38}},"loc":{"start":{"line":211,"column":24},"end":{"line":211,"column":38}},"line":211},"50":{"name":"(anonymous_50)","decl":{"start":{"line":214,"column":35},"end":{"line":214,"column":37}},"loc":{"start":{"line":214,"column":37},"end":{"line":214,"column":null}},"line":214},"51":{"name":"(anonymous_51)","decl":{"start":{"line":216,"column":78},"end":{"line":216,"column":null}},"loc":{"start":{"line":216,"column":78},"end":{"line":217,"column":89}},"line":216},"52":{"name":"(anonymous_52)","decl":{"start":{"line":220,"column":60},"end":{"line":220,"column":null}},"loc":{"start":{"line":220,"column":42},"end":{"line":226,"column":null}},"line":220},"53":{"name":"(anonymous_53)","decl":{"start":{"line":223,"column":29},"end":{"line":223,"column":35}},"loc":{"start":{"line":223,"column":37},"end":{"line":223,"column":null}},"line":223},"54":{"name":"(anonymous_54)","decl":{"start":{"line":225,"column":79},"end":{"line":225,"column":null}},"loc":{"start":{"line":225,"column":79},"end":{"line":226,"column":null}},"line":225}},"branchMap":{"0":{"loc":{"start":{"line":45,"column":35},"end":{"line":45,"column":71}},"type":"binary-expr","locations":[{"start":{"line":45,"column":35},"end":{"line":45,"column":58}},{"start":{"line":45,"column":58},"end":{"line":45,"column":71}}],"line":45},"1":{"loc":{"start":{"line":86,"column":4},"end":{"line":88,"column":null}},"type":"cond-expr","locations":[{"start":{"line":87,"column":10},"end":{"line":87,"column":null}},{"start":{"line":88,"column":10},"end":{"line":88,"column":null}}],"line":86},"2":{"loc":{"start":{"line":95,"column":17},"end":{"line":226,"column":null}},"type":"cond-expr","locations":[{"start":{"line":95,"column":17},"end":{"line":171,"column":28}},{"start":{"line":171,"column":4},"end":{"line":226,"column":null}}],"line":95},"3":{"loc":
[...]
,"/home/alaw989/Sites/ipop360/resources/js/lib/api.ts": {"path":"/home/alaw989/Sites/ipop360/resources/js/lib/api.ts","statementMap":{"0":{"start":{"line":21,"column":4},"end":{"line":23,"column":null}},"1":{"start":{"line":22,"column":8},"end":{"line":22,"column":null}},"2":{"start":{"line":24,"column":4},"end":{"line":24,"column":null}},"3":{"start":{"line":43,"column":8},"end":{"line":43,"column":null}},"4":{"start":{"line":45,"column":16},"end":{"line":45,"column":null}},"5":{"start":{"line":47,"column":40},"end":{"line":51,"column":null}},"6":{"start":{"line":53,"column":37},"end":{"line":56,"column":null}},"7":{"start":{"line":58,"column":4},"end":{"line":68,"column":null}},"8":{"start":{"line":59,"column":8},"end":{"line":67,"column":null}},"9":{"start":{"line":61,"column":12},"end":{"line":61,"column":null}},"10":{"start":{"line":62,"column":12},"end":{"line":62,"column":null}},"11":{"start":{"line":63,"column":15},"end":{"line":67,"column":null}},"12":{"start":{"line":64,"column":12},"end":{"line":64,"column":null}},"13":{"start":{"line":66,"column":12},"end":{"line":66,"column":null}},"14":{"start":{"line":70,"column":4},"end":{"line":85,"column":null}},"15":{"start":{"line":71,"column":25},"end":{"line":71,"column":null}},"16":{"start":{"line":73,"column":8},"end":{"line":77,"column":null}},"17":{"start":{"line":74,"column":48},"end":{"line":74,"column":null}},"18":{"start":{"line":74,"column":83},"end":{"line":74,"column":86}},"19":{"start":{"line":75,"column":33},"end":{"line":75,"column":null}},"20":{"start":{"line":76,"column":12},"end":{"line":76,"column":null}},"21":{"start":{"line":79,"column":8},"end":{"line":79,"column":null}},"22":{"start":{"line":81,"column":8},"end":{"line":83,"column":null}},"23":{"start":{"line":82,"column":12},"end":{"line":82,"column":null}},"24":{"start":{"line":84,"column":8},"end":{"line":84,"column":null}},"25":{"start":{"line":92,"column":4},"end":{"line":92,"column":null}},"26":{"start":{"line":99,"column":4},"end":{"line":99,"column":null}},"27":{"start":{"line":106,"column":4},"end":{"line":106,"column":null}},"28":{"start":{"line":113,"column":4},"end":{"line":113,"column":null}},"29":{"start":{"line":120,"column":4},"end":{"line":120,"column":null}},"30":{"start":{"line":127,"column":18},"end":{"line":127,"column":null}},"31":{"start":{"line":128,"column":4},"end":{"line":132,"column":null}},"32":{"start":{"line":129,"column":8},"end":{"line":131,"column":null}},"33":{"start":{"line":130,"column":12},"end":{"line":130,"column":null}},"34":{"start":{"line":133,"column":4},"end":{"line":133,"column":null}}},"fnMap":{"0":{"name":"getBaseUrl","decl":{"start":{"line":20,"column":16},"end":{"line":20,"column":37}},"loc":{"start":{"line":20,"column":37},"end":{"line":25,"column":null}},"line":20},"1":{"name":"api","decl":{"start":{"line":35,"column":22},"end":{"line":35,"column":null}},"loc":{"start":{"line":38,"column":14},"end":{"line":86,"column":null}},"line":38},"2":{"name":"(anonymous_2)","decl":{"start":{"line":74,"column":70},"end":{"line":74,"column":83}},"loc":{"start":{"line":74,"column":83},"end":{"line":74,"column":86}},"line":74},"3":{"name":"get","decl":{"start":{"line":91,"column":16},"end":{"line":91,"column":33}},"loc":{"start":{"line":91,"column":63},"end":{"line":93,"column":null}},"line":91},"4":{"name":"post","decl":{"start":{"line":98,"column":16},"end":{"line":98,"column":34}},"loc":{"start":{"line":98,"column":106},"end":{"line":100,"column":null}},"line":98},"5":{"name":"put","decl":{"start":{"line":105,"column":16},"end":{"line":105,"column":33}},"loc":{"start":{"line":105,"column":94},"end":{"line":107,"column":null}},"line":105},"6":{"name":"patch","decl":{"start":{"line":112,"column":16},"end":{"line":112,"column":35}},"loc":{"start":{"line":112,"column":96},"end":{"line":114,"column":null}},"line":112},"7":{"name":"del","decl":{"start":{"line":119,"column":16},"end":{"line":119,"column":33}},"loc":{"start":{"line":119,"column":63},"end":{"line":121,"column":null}},"line":119},"8":{"name":"buildParams","decl":{"start":{"line":126,"column":16},"end":{"line":126,"column":28}},"loc":{"start":{"line":126,"column":115},"end":{"line":134,"column":null}},"line":126}},"branchMap":{"0":{"loc":{"start":{"line":21,"column":4},"end":{"line":23,"column":null}},"type":"if","locations":[{"start":{"line":21,"column":4},"end":{"line":23,"column":null}},{"start":{},"end":{}}],"line":21},"1":{"loc":{"start":{"line":37,"column":4},"end":{"line":37,"column":null}},"type":"default-arg","locations":[{"start":{"line":37,"column":33},"end":{"line":37,"column":null}}],"line":37},"2":{"loc":{"start":{"line":40,"column":8},"end":{"line":40,"column":null}},"type":"default-arg","locations":[{"start":{"line":40,"column":17},"end":{"line":40,"column":null}}],"line":40},"3":{"loc":{"start":{"line":42,"column":8},"end":{"line":42,"column":null}},"type":"default-arg","locations":[{"start":{"line":42,"column":18},"end":{"line":42,"column":null}}],"line":42},"4":{"loc":{"start":{"line":45,"column":16},"end":{"line":45,"column":null}},"type":"cond-expr","locations":[{"start":{"line":45,"column":46},"end":{"line":45,"column":57}},{"start":{"line":45,"column":57},"end":{"line":45,"column":null}}],"line":45},"5":{"loc":{"start":{"line":58,"column":4},"end":{"line":68,"column":null}},"type":"if","locations":[{"start":{"line":58,"column":4},"end":{"line":68,"column":null}},{"start":{},"end":{}}],"line":58},"6":{"loc":{"start":{"line":59,"column":8},"end":{"line":67,"column":null}},"type":"if","locations":[{"start":{"line":59,"column":8},"end":{"line":67,"column":null}},{"start":{"line":63,"column":15},"end":{"line":67,"column":null}}],"line":59},"7":{"loc":{"start":{"line":63,"column":15},"end":{"line":67,"column":null}},"type":"if","locations":[{"start":{"line":63,"column":15},"end":{"line":67,"column":null}},{"start":{"line":65,"column":15},"end":{"line":67,"column":null}}],"line":63},"8":{"loc":{"start":{"line":73,"column":8},"end":{"line":77,"column":null}},"type":"if","locations":[{"start":{"line":73,"column":8},"end":{"line":77,"column":null}},{"start":{},"end":{}}],"line":73},"9":{"loc":{"start":{"line":75,"column":33},"end":{"line":75,"column":null}},"type":"binary-expr","locations":[{"start":{"line":75,"column":33},"end":{"line":75,"column":54}},{"start":{"line":75,"column":54},"end":{"line":75,"column":null}}],"line":75},"10":{"loc":{"start":{"line":81,"column":8},"end":{"line":83,"column":null}},"type":"if","locations":[{"start":{"line":81,"column":8},"end":{"line":83,"column":null}},{"start":{},"end":{}}],"line":81},"11":{"loc":{"start":{"line":129,"column":8},"end":{"line":131,"column":null}},"type":"if","locations":[{"start":{"line":129,"column":8},"end":{"line":131,"column":null}},{"start":{},"end":{}}],"line":129},"12":{"loc":{"start":{"line":129,"column":12},"end":{"line":129,"column":51}},"type":"binary-expr","locations":[{"start":{"line":129,"column":12},"end":{"line":129,"column":30}},{"start":{"line":129,"column":30},"end":{"line":129,"column":51}}],"line":129}},"s":{"0":11,"1":10,"2":1,"3":7,"4":7,"5":7,"6":7,"7":7,"8":2,"9":1,"10":1,"11":1,"12":0,"13":1,"14":7,"15":7,"16":6,"17":2,"18":0,"19":2,"20":2,"21":4,"22":3,"23":3,"24":0,"25":1,"26":2,"27":0,"28":0,"29":0,"30":2,"31":2,"32":10,"33":6,"34":2},"f":{"0":11,"1":7,"2":0,"3":1,"4":2,"5":0,"6":0,"7":0,"8":2},"b":{"0":[10,1],"1":[7],"2":[7],"3":[7],"4":[0,7],"5":[2,5],"6":[1,1],"7":[0,1],"8":[2,4],"9":[2,1],"10":[3,0],"11":[6,4],"12":[10,8]},"meta":{"lastBranch":13,"lastFunction":9,"lastStatement":35,"seen":{"f:20:16:20:37":0,"b:21:4:23:Infinity:undefined:undefined:undefined:undefined":0,"s:21:4:23:Infinity":0,"s:22:8:22:Infinity":1,"s:24:4:24:Infinity":2,"f:35:22:35:Infinity":1,"b:37:33:37:Infinity":1,"s:43:8:43:Infinity":3,"b:40:17:40:Infinity":2,"b:42:18:42:Infinity":3,"s:45:16:45:Infinity":4,"b:45:46:45:57:45:57:45:Infinity":4,"s:47:40:51:Infinity":5,"s:53:37:56:Infinity":6,"b:58:4:68:Infinity:undefined:undefined:undefined:undefined":5,"s:58:4:68:Infinity":7,"b:59:8:67:Infinity:63:15:67:Infinity":6,"s:59:8:67:Infinity":8,"s:61:12:61:Infinity":9,"s:62:12:62:Infinity":10,"b:63:15:67:Infinity:65:15:67:Infinity":7,"s:63:15:67:Infinity":11,"s:64:12:64:Infinity":12,"s:66:12:66:Infinity":13,"s:70:4:85:Infinity":14,"s:71:25:71:Infinity":15,"b:73:8:77:Infinity:undefined:undefined:undefined:undefined":8,"s:73:8:77:Infinity":16,"s:74:48:74:Infinity":17,"f:74:70:74:83":2,"s:74:83:74:86":18,"s:75:33:75:Infinity":19,"b:75:33:75:54:75:54:75:Infinity":9,"s:76:12:76:Infinity":20,"s:79:8:79:Infinity":21,"b:81:8:83:Infinity:undefined:undefined:undefined:undefined":10,"s:81:8:83:Infinity":22,"s:82:12:82:Infinity":23,"s:84:8:84:Infinity":24,"f:91:16:91:33":3,"s:92:4:92:Infinity":25,"f:98:16:98:34":4,"s:99:4:99:Infinity":26,"f:105:16:105:33":5,"s:106:4:106:Infinity":27,"f:112:16:112:35":6,"s:113:4:113:Infinity":28,"f:119:16:119:33":7,"s:120:4:120:Infinity":29,"f:126:16:126:28":8,"s:127:18:127:Infinity":30,"s:128:4:132:Infinity":31,"b:129:8:131:Infinity:undefined:undefined:undefined:undefined":11,"s:129:8:131:Infinity":32,"b:129:12:129:30:129:30:129:51":12,"s:130:12:130:Infinity":33,"s:133:4:133:Infinity":34},"fnNames":{}}}
,"/home/alaw989/Sites/ipop360/resources/js/lib/cuisine.ts": {"path":"/home/alaw989/Sites/ipop360/resources/js/lib/cuisine.ts","statementMap":{"0":{"start":{"line":5,"column":42},"end":{"line":19,"column":null}},"1":{"start":{"line":22,"column":4},"end":{"line":22,"column":null}},"2":{"start":{"line":25,"column":4},"end":{"line":25,"column":null}},"3":{"start":{"line":25,"column":15},"end":{"line":25,"column":null}},"4":{"start":{"line":26,"column":4},"end":{"line":26,"column":null}}},"fnMap":{"0":{"name":"cuisineGradient","decl":{"start":{"line":24,"column":16},"end":{"line":24,"column":32}},"loc":{"start":{"line":24,"column":62},"end":{"line":27,"column":null}},"line":24}},"branchMap":{"0":{"loc":{"start":{"line":25,"column":4},"end":{"line":25,"column":null}},"type":"if","locations":[{"start":{"line":25,"column":4},"end":{"line":25,"column":null}},{"start":{},"end":{}}],"line":25},"1":{"loc":{"start":{"line":26,"column":11},"end":{"line":26,"column":null}},"type":"binary-expr","locations":[{"start":{"line":26,"column":11},"end":{"line":26,"column":30}},{"start":{"line":26,"column":30},"end":{"line":26,"column":null}}],"line":26}},"s":{"0":7,"1":7,"2":7,"3":3,"4":4},"f":{"0":7},"b":{"0":[3,4],"1":[4,1]},"meta":{"lastBranch":2,"lastFunction":1,"lastStatement":5,"seen":{"s:5:42:19:Infinity":0,"s:22:4:22:Infinity":1,"f:24:16:24:32":0,"b:25:4:25:Infinity:undefined:undefined:undefined:undefined":0,"s:25:4:25:Infinity":2,"s:25:15:25:Infinity":3,"s:26:4:26:Infinity":4,"b:26:11:26:30:26:30:26:Infinity":1},"fnNames":{}}}
,"/home/alaw989/Sites/ipop360/resources/js/lib/restaurant.ts": {"path":"/home/alaw989/Sites/ipop360/resources/js/lib/restaurant.ts","statementMap":{"0":{"start":{"line":7,"column":4},"end":{"line":9,"column":null}},"1":{"start":{"line":8,"column":8},"end":{"line":8,"column":null}},"2":{"start":{"line":11,"column":20},"end":{"line":11,"column":null}},"3":{"start":{"line":13,"column":4},"end":{"line":38,"column":null}},"4":{"start":{"line":20,"column":12},"end":{"line":22,"column":null}},"5":{"start":{"line":21,"column":16},"end":{"line":21,"column":null}},"6":{"start":{"line":25,"column":12},"end":{"line":35,"column":null}},"7":{"start":{"line":26,"column":16},"end":{"line":33,"column":null}},"8":{"start":{"line":27,"column":20},"end":{"line":32,"column":null}},"9":{"start":{"line":34,"column":16},"end":{"line":34,"column":null}},"10":{"start":{"line":36,"column":12},"end":{"line":36,"column":null}},"11":{"start":{"line":42,"column":4},"end":{"line":42,"column":null}},"12":{"start":{"line":46,"column":4},"end":{"line":46,"column":null}},"13":{"start":{"line":50,"column":4},"end":{"line":52,"column":null}},"14":{"start":{"line":51,"column":8},"end":{"line":51,"column":null}},"15":{"start":{"line":53,"column":4},"end":{"line":53,"column":null}},"16":{"start":{"line":57,"column":4},"end":{"line":59,"column":null}},"17":{"start":{"line":58,"column":8},"end":{"line":58,"column":null}},"18":{"start":{"line":60,"column":4},"end":{"line":62,"column":null}},"19":{"start":{"line":61,"column":8},"end":{"line":61,"column":null}},"20":{"start":{"line":63,"column":4},"end":{"line":63,"column":null}},"21":{"start":{"line":67,"column":4},"end":{"line":67,"column":null}},"22":{"start":{"line":71,"column":4},"end":{"line":71,"column":null}},"23":{"start":{"line":75,"column":18},"end":{"line":75,"column":null}},"24":{"start":{"line":76,"column":4},"end":{"line":76,"column":null}},"25":{"start":{"line":80,"column":4},"end":{"line":80,"column":null}}},"fnMap":{"0":{"name":"trackEngagement","decl":{"start":{"line":3,"column":9},"end":{"line":3,"column":25}},"loc":{"start":{"line":3,"column":69},"end":{"line":39,"column":null}},"line":3},"1":{"name":"(anonymous_1)","decl":{"start":{"line":19,"column":9},"end":{"line":19,"column":15}},"loc":{"start":{"line":19,"column":23},"end":{"line":37,"column":9}},"line":19},"2":{"name":"(anonymous_2)","decl":{"start":{"line":26,"column":16},"end":{"line":26,"column":33}},"loc":{"start":{"line":26,"column":33},"end":{"line":33,"column":19}},"line":26},"3":{"name":"(anonymous_3)","decl":{"start":{"line":32,"column":23},"end":{"line":32,"column":35}},"loc":{"start":{"line":32,"column":35},"end":{"line":32,"column":37}},"line":32},"4":{"name":"(anonymous_4)","decl":{"start":{"line":38,"column":9},"end":{"line":38,"column":21}},"loc":{"start":{"line":38,"column":21},"end":{"line":38,"column":23}},"line":38},"5":{"name":"trackPageview","decl":{"start":{"line":41,"column":16},"end":{"line":41,"column":30}},"loc":{"start":{"line":41,"column":58},"end":{"line":43,"column":null}},"line":41},"6":{"name":"trackSocialLinkClick","decl":{"start":{"line":45,"column":16},"end":{"line":45,"column":37}},"loc":{"start":{"line":45,"column":65},"end":{"line":47,"column":null}},"line":45},"7":{"name":"callPhone","decl":{"start":{"line":49,"column":16},"end":{"line":49,"column":26}},"loc":{"start":{"line":49,"column":70},"end":{"line":54,"column":null}},"line":49},"8":{"name":"openWebsite","decl":{"start":{"line":56,"column":16},"end":{"line":56,"column":28}},"loc":{"start":{"line":56,"column":70},"end":{"line":64,"column":null}},"line":56},"9":{"name":"trackDirections","decl":{"start":{"line":66,"column":16},"end":{"line":66,"column":32}},"loc":{"start":{"line":66,"column":60},"end":{"line":68,"column":null}},"line":66},"10":{"name":"trackMenuClick","decl":{"start":{"line":70,"column":16},"end":{"line":70,"column":31}},"loc":{"start":{"line":70,"column":59},"end":{"line":72,"column":null}},"line":70},"11":{"name":"mapsUrl","decl":{"start":{"line":74,"column":16},"end":{"line":74,"column":24}},"loc":{"start":{"line":74,"column":74},"end":{"line":77,"column":null}},"line":74},"12":{"name":"directionsUrl","decl":{"start":{"line":79,"column":16},"end":{"line":79,"column":30}},"loc":{"start":{"line":79,"column":64},"end":{"line":81,"column":null}},"line":79}},"branchMap":{"0":{"loc":{"start":{"line":7,"column":4},"end":{"line":9,"column":null}},"type":"if","locations":[{"start":{"line":7,"column":4},"end":{"line":9,"column":null}},{"start":{},"end":{}}],"line":7},"1":{"loc":{"start":{"line":7,"column":8},"end":{"line":7,"column":62}},"type":"binary-expr","locations":[{"start":{"line":7,"column":8},"end":{"line":7,"column":43}},{"start":{"line":7,"column":43},"end":{"line":7,"column":62}}],"line":7},"2":{"loc":{"start":{"line":20,"column":12},"end":{"line":22,"column":null}},"type":"if","locations":[{"start":{"line":20,"column":12},"end":{"line":22,"column":null}},{"start":{},"end":{}}],"line":20},"3":{"loc":{"start":{"line":25,"column":12},"end":{"line":35,"column":null}},"type":"if","locations":[{"start":{"line":25,"column":12},"end":{"line":35,"column":null}},{"start":{},"end":{}}],"line":25},"4":{"loc":{"start":{"line":50,"column":4},"end":{"line":52,"column":null}},"type":"if","locations":[{"start":{"line":50,"column":4},"end":{"line":52,"column":null}},{"start":{},"end":{}}],"line":50},"5":{"loc":{"start":{"line":57,"column":4},"end":{"line":59,"column":null}},"type":"if","locations":[{"start":{"line":57,"column":4},"end":{"line":59,"column":null}},{"start":{},"end":{}}],"line":57},"6":{"loc":{"start":{"line":60,"column":4},"end":{"line":62,"column":null}},"type":"if","locations":[{"start":{"line":60,"column":4},"end":{"line":62,"column":null}},{"start":{},"end":{}}],"line":60},"7":{"loc":{"start":{"line":74,"column":38},"end":{"line":74,"column":74}},"type":"default-arg","locations":[{"start":{"line":74,"column":60},"end":{"line":74,"column":74}}],"line":74},"8":{"loc":{"start":{"line":75,"column":18},"end":{"line":75,"column":null}},"type":"cond-expr","locations":[{"start":{"line":75,"column":25},"end":{"line":75,"column":46}},{"start":{"line":75,"column":46},"end":{"line":75,"column":null}}],"line":75}},"s":{"0":0,"1":0,"2":0,"3":0,"4":0,"5":0,"6":0,"7":0,"8":0,"9":0,"10":0,"11":0,"12":0,"13":1,"14":0,"15":1,"16":3,"17":0,"18":3,"19":1,"20":3,"21":0,"22":0,"23":3,"24":3,"25":1},"f":{"0":0,"1":0,"2":0,"3":0,"4":0,"5":0,"6":0,"7":1,"8":3,"9":0,"10":0,"11":3,"12":1},"b":{"0":[0,0],"1":[0,0],"2":[0,0],"3":[0,0],"4":[0,1],"5":[0,3],"6":[1,2],"7":[3],"8":[2,1]},"meta":{"lastBranch":9,"lastFunction":13,"lastStatement":26,"seen":{"f:3:9:3:25":0,"b:7:4:9:Infinity:undefined:undefined:undefined:undefined":0,"s:7:4:9:Infinity":0,"b:7:8:7:43:7:43:7:62":1,"s:8:8:8:Infinity":1,"s:11:20:11:Infinity":2,"s:13:4:38:Infinity":3,"f:19:9:19:15":1,"b:20:12:22:Infinity:undefined:undefined:undefined:undefined":2,"s:20:12:22:Infinity":4,"s:21:16:21:Infinity":5,"b:25:12:35:Infinity:undefined:undefined:undefined:undefined":3,"s:25:12:35:Infinity":6,"s:26:16:33:Infinity":7,"f:26:16:26:33":2,"s:27:20:32:Infinity":8,"f:32:23:32:35":3,"s:34:16:34:Infinity":9,"s:36:12:36:Infinity":10,"f:38:9:38:21":4,"f:41:16:41:30":5,"s:42:4:42:Infinity":11,"f:45:16:45:37":6,"s:46:4:46:Infinity":12,"f:49:16:49:26":7,"b:50:4:52:Infinity:undefined:undefined:undefined:undefined":4,"s:50:4:52:Infinity":13,"s:51:8:51:Infinity":14,"s:53:4:53:Infinity":15,"f:56:16:56:28":8,"b:57:4:59:Infinity:undefined:undefined:undefined:undefined":5,"s:57:4:59:Infinity":16,"s:58:8:58:Infinity":17,"b:60:4:62:Infinity:undefined:undefined:undefined:undefined":6,"s:60:4:62:Infinity":18,"s:61:8:61:Infinity":19,"s:63:4:63:Infinity":20,"f:66:16:66:32":9,"s:67:4:67:Infinity":21,"f:70:16:70:31":10,"s:71:4:71:Infinity":22,"f:74:16:74:24":11,"b:74:60:74:74":7,"s:75:18:75:Infinity":23,"b:75:25:75:46:75:46:75:Infinity":8,"s:76:4:76:Infinity":24,"f:79:16:79:30":12,"s:80:4:80:Infinity":25},"fnNames":{}}}
,"/home/alaw989/Sites/ipop360/resources/js/lib/slideshow.ts": {"path":"/home/alaw989/Sites/ipop360/resources/js/lib/slideshow.ts","statementMap":{"0":{"start":{"line":6,"column":31},"end":{"line":27,"column":null}}},"fnMap":{},"branchMap":{},"s":{"0":2},"f":{},"b":{},"meta":{"lastBranch":0,"lastFunction":0,"lastStatement":1,"seen":{"s:6:31:27:Infinity":0},"fnNames":{}}}
,"/home/alaw989/Sites/ipop360/resources/js/lib/utils.ts": {"path":"/home/alaw989/Sites/ipop360/resources/js/lib/utils.ts","statementMap":{"0":{"start":{"line":6,"column":2},"end":{"line":6,"column":null}}},"fnMap":{"0":{"name":"cn","decl":{"start":{"line":5,"column":16},"end":{"line":5,"column":19}},"loc":{"start":{"line":5,"column":44},"end":{"line":7,"column":null}},"line":5}},"branchMap":{},"s":{"0":167},"f":{"0":167},"b":{},"meta":{"lastBranch":0,"lastFunction":1,"lastStatement":1,"seen":{"f:5:16:5:19":0,"s:6:2:6:Infinity":0},"fnNames":{}}}
,"/home/alaw989/Sites/ipop360/resources/js/types/restaurant.ts": {"path":"/home/alaw989/Sites/ipop360/resources/js/types/restaurant.ts","statementMap":{},"fnMap":{},"branchMap":{},"s":{},"f":{},"b":{},"meta":{"lastBranch":0,"lastFunction":0,"lastStatement":0,"seen":{},"fnNames":{}}}
}
